2025-05-14 16:18:10.214 [main] INFO  com.xdurxs.rxs.auth.RedisTests - Starting RedisTests using Java 17.0.15 with PID 24200 (started by owl in D:\work\java\xdu_rxs\rxs-auth)
2025-05-14 16:18:10.215 [main] INFO  com.xdurxs.rxs.auth.RedisTests - The following 1 profile is active: "dev"
2025-05-14 16:18:10.689 [main] INFO  o.s.d.r.config.RepositoryConfigurationDelegate - Multiple Spring Data modules found, entering strict repository configuration mode
2025-05-14 16:18:10.691 [main] INFO  o.s.d.r.config.RepositoryConfigurationDelegate - Bootstrapping Spring Data Redis repositories in DEFAULT mode.
2025-05-14 16:18:10.717 [main] INFO  o.s.d.r.config.RepositoryConfigurationDelegate - Finished Spring Data repository scanning in 11 ms. Found 0 Redis repository interfaces.
2025-05-14 16:18:11.631 [main] INFO  c.a.d.s.b.a.DruidDataSourceAutoConfigure - Init DruidDataSource
2025-05-14 16:18:11.888 [main] INFO  com.alibaba.druid.pool.DruidDataSource - {dataSource-1} inited
2025-05-14 16:18:12.137 [main] INFO  com.xdurxs.rxs.auth.RedisTests - Started RedisTests in 2.226 seconds (process running for 2.822)
2025-05-14 16:18:12.801 [SpringApplicationShutdownHook] INFO  com.alibaba.druid.pool.DruidDataSource - {dataSource-1} closing ...
2025-05-14 16:18:12.806 [SpringApplicationShutdownHook] INFO  com.alibaba.druid.pool.DruidDataSource - {dataSource-1} closed
2025-05-14 20:29:47.013 [main] INFO  com.xdurxs.rxs.auth.ThreadPoolTaskExecutorTests - Starting ThreadPoolTaskExecutorTests using Java 17.0.15 with PID 4972 (started by owl in D:\work\java\xdu_rxs\rxs-auth)
2025-05-14 20:29:47.015 [main] INFO  com.xdurxs.rxs.auth.ThreadPoolTaskExecutorTests - The following 1 profile is active: "dev"
2025-05-14 20:29:47.554 [main] INFO  o.s.d.r.config.RepositoryConfigurationDelegate - Multiple Spring Data modules found, entering strict repository configuration mode
2025-05-14 20:29:47.556 [main] INFO  o.s.d.r.config.RepositoryConfigurationDelegate - Bootstrapping Spring Data Redis repositories in DEFAULT mode.
2025-05-14 20:29:47.586 [main] INFO  o.s.d.r.config.RepositoryConfigurationDelegate - Finished Spring Data repository scanning in 14 ms. Found 0 Redis repository interfaces.
2025-05-14 20:29:48.651 [main] INFO  c.a.d.s.b.a.DruidDataSourceAutoConfigure - Init DruidDataSource
2025-05-14 20:29:48.976 [main] INFO  com.alibaba.druid.pool.DruidDataSource - {dataSource-1} inited
2025-05-14 20:29:49.254 [main] INFO  com.xdurxs.rxs.auth.ThreadPoolTaskExecutorTests - Started ThreadPoolTaskExecutorTests in 2.547 seconds (process running for 3.178)
2025-05-14 20:29:49.655 [AuthExecutor-1] INFO  com.xdurxs.rxs.auth.ThreadPoolTaskExecutorTests - 异步线程中说: 犬小哈专栏
2025-05-14 20:29:49.669 [SpringApplicationShutdownHook] INFO  com.alibaba.druid.pool.DruidDataSource - {dataSource-1} closing ...
2025-05-14 20:29:49.675 [SpringApplicationShutdownHook] INFO  com.alibaba.druid.pool.DruidDataSource - {dataSource-1} closed
