2025-05-14 15:16:07.717 [SpringApplicationShutdownHook] INFO  com.alibaba.druid.pool.DruidDataSource - {dataSource-1} closing ...
2025-05-14 15:16:07.717 [SpringApplicationShutdownHook] INFO  com.alibaba.druid.pool.DruidDataSource - {dataSource-1} closed
2025-05-14 15:16:20.628 [main] INFO  com.xdurxs.rxs.auth.RxsAuthApplication - Starting RxsAuthApplication using Java 17.0.15 with PID 560 (D:\work\java\xdu_rxs\rxs-auth\target\classes started by owl in D:\work\java\xdu_rxs)
2025-05-14 15:16:20.630 [main] INFO  com.xdurxs.rxs.auth.RxsAuthApplication - The following 1 profile is active: "dev"
2025-05-14 15:16:21.267 [main] INFO  o.s.boot.web.embedded.tomcat.TomcatWebServer - Tomcat initialized with port(s): 8080 (http)
2025-05-14 15:16:21.272 [main] INFO  org.apache.catalina.core.StandardService - Starting service [Tomcat]
2025-05-14 15:16:21.273 [main] INFO  org.apache.catalina.core.StandardEngine - Starting Servlet engine: [Apache Tomcat/10.1.5]
2025-05-14 15:16:21.318 [main] INFO  o.a.c.core.ContainerBase.[Tomcat].[localhost].[/] - Initializing Spring embedded WebApplicationContext
2025-05-14 15:16:21.318 [main] INFO  o.s.b.w.s.c.ServletWebServerApplicationContext - Root WebApplicationContext: initialization completed in 659 ms
2025-05-14 15:16:21.551 [main] INFO  c.a.d.s.b.a.DruidDataSourceAutoConfigure - Init DruidDataSource
2025-05-14 15:16:21.695 [main] INFO  com.alibaba.druid.pool.DruidDataSource - {dataSource-1} inited
2025-05-14 15:16:21.856 [main] INFO  o.s.boot.web.embedded.tomcat.TomcatWebServer - Tomcat started on port(s): 8080 (http) with context path ''
2025-05-14 15:16:21.861 [main] INFO  com.xdurxs.rxs.auth.RxsAuthApplication - Started RxsAuthApplication in 1.536 seconds (process running for 1.863)
2025-05-14 15:22:48.203 [http-nio-8080-exec-1] INFO  o.a.c.core.ContainerBase.[Tomcat].[localhost].[/] - Initializing Spring DispatcherServlet 'dispatcherServlet'
2025-05-14 15:22:48.203 [http-nio-8080-exec-1] INFO  org.springframework.web.servlet.DispatcherServlet - Initializing Servlet 'dispatcherServlet'
2025-05-14 15:22:48.204 [http-nio-8080-exec-1] INFO  org.springframework.web.servlet.DispatcherServlet - Completed initialization in 1 ms
2025-05-14 16:16:02.203 [SpringApplicationShutdownHook] INFO  com.alibaba.druid.pool.DruidDataSource - {dataSource-1} closing ...
2025-05-14 16:16:02.204 [SpringApplicationShutdownHook] INFO  com.alibaba.druid.pool.DruidDataSource - {dataSource-1} closed
2025-05-14 16:16:05.792 [main] INFO  com.xdurxs.rxs.auth.RxsAuthApplication - Starting RxsAuthApplication using Java 17.0.15 with PID 26664 (D:\work\java\xdu_rxs\rxs-auth\target\classes started by owl in D:\work\java\xdu_rxs)
2025-05-14 16:16:05.793 [main] INFO  com.xdurxs.rxs.auth.RxsAuthApplication - The following 1 profile is active: "dev"
2025-05-14 16:16:06.155 [main] INFO  o.s.d.r.config.RepositoryConfigurationDelegate - Multiple Spring Data modules found, entering strict repository configuration mode
2025-05-14 16:16:06.157 [main] INFO  o.s.d.r.config.RepositoryConfigurationDelegate - Bootstrapping Spring Data Redis repositories in DEFAULT mode.
2025-05-14 16:16:06.174 [main] INFO  o.s.d.r.config.RepositoryConfigurationDelegate - Finished Spring Data repository scanning in 8 ms. Found 0 Redis repository interfaces.
2025-05-14 16:16:06.584 [main] INFO  o.s.boot.web.embedded.tomcat.TomcatWebServer - Tomcat initialized with port(s): 8080 (http)
2025-05-14 16:16:06.593 [main] INFO  org.apache.catalina.core.StandardService - Starting service [Tomcat]
2025-05-14 16:16:06.594 [main] INFO  org.apache.catalina.core.StandardEngine - Starting Servlet engine: [Apache Tomcat/10.1.5]
2025-05-14 16:16:06.652 [main] INFO  o.a.c.core.ContainerBase.[Tomcat].[localhost].[/] - Initializing Spring embedded WebApplicationContext
2025-05-14 16:16:06.653 [main] INFO  o.s.b.w.s.c.ServletWebServerApplicationContext - Root WebApplicationContext: initialization completed in 830 ms
2025-05-14 16:16:07.036 [main] INFO  c.a.d.s.b.a.DruidDataSourceAutoConfigure - Init DruidDataSource
2025-05-14 16:16:07.182 [main] INFO  com.alibaba.druid.pool.DruidDataSource - {dataSource-1} inited
2025-05-14 16:16:07.392 [main] INFO  o.s.boot.web.embedded.tomcat.TomcatWebServer - Tomcat started on port(s): 8080 (http) with context path ''
2025-05-14 16:16:07.397 [main] INFO  com.xdurxs.rxs.auth.RxsAuthApplication - Started RxsAuthApplication in 1.925 seconds (process running for 2.251)
2025-05-14 20:03:29.185 [http-nio-8080-exec-2] INFO  o.a.c.core.ContainerBase.[Tomcat].[localhost].[/] - Initializing Spring DispatcherServlet 'dispatcherServlet'
2025-05-14 20:03:29.185 [http-nio-8080-exec-2] INFO  org.springframework.web.servlet.DispatcherServlet - Initializing Servlet 'dispatcherServlet'
2025-05-14 20:03:29.186 [http-nio-8080-exec-2] INFO  org.springframework.web.servlet.DispatcherServlet - Completed initialization in 1 ms
2025-05-14 20:03:36.854 [SpringApplicationShutdownHook] INFO  com.alibaba.druid.pool.DruidDataSource - {dataSource-1} closing ...
2025-05-14 20:03:36.855 [SpringApplicationShutdownHook] INFO  com.alibaba.druid.pool.DruidDataSource - {dataSource-1} closed
2025-05-14 20:03:41.159 [main] INFO  com.xdurxs.rxs.auth.RxsAuthApplication - Starting RxsAuthApplication using Java 17.0.15 with PID 7004 (D:\work\java\xdu_rxs\rxs-auth\target\classes started by owl in D:\work\java\xdu_rxs)
2025-05-14 20:03:41.160 [main] INFO  com.xdurxs.rxs.auth.RxsAuthApplication - The following 1 profile is active: "dev"
2025-05-14 20:03:41.555 [main] INFO  o.s.d.r.config.RepositoryConfigurationDelegate - Multiple Spring Data modules found, entering strict repository configuration mode
2025-05-14 20:03:41.557 [main] INFO  o.s.d.r.config.RepositoryConfigurationDelegate - Bootstrapping Spring Data Redis repositories in DEFAULT mode.
2025-05-14 20:03:41.576 [main] INFO  o.s.d.r.config.RepositoryConfigurationDelegate - Finished Spring Data repository scanning in 8 ms. Found 0 Redis repository interfaces.
2025-05-14 20:03:41.991 [main] INFO  o.s.boot.web.embedded.tomcat.TomcatWebServer - Tomcat initialized with port(s): 8080 (http)
2025-05-14 20:03:41.996 [main] INFO  org.apache.catalina.core.StandardService - Starting service [Tomcat]
2025-05-14 20:03:41.997 [main] INFO  org.apache.catalina.core.StandardEngine - Starting Servlet engine: [Apache Tomcat/10.1.5]
2025-05-14 20:03:42.053 [main] INFO  o.a.c.core.ContainerBase.[Tomcat].[localhost].[/] - Initializing Spring embedded WebApplicationContext
2025-05-14 20:03:42.054 [main] INFO  o.s.b.w.s.c.ServletWebServerApplicationContext - Root WebApplicationContext: initialization completed in 860 ms
2025-05-14 20:03:42.471 [main] INFO  c.a.d.s.b.a.DruidDataSourceAutoConfigure - Init DruidDataSource
2025-05-14 20:03:42.631 [main] INFO  com.alibaba.druid.pool.DruidDataSource - {dataSource-1} inited
2025-05-14 20:03:42.847 [main] INFO  o.s.boot.web.embedded.tomcat.TomcatWebServer - Tomcat started on port(s): 8080 (http) with context path ''
2025-05-14 20:03:42.853 [main] INFO  com.xdurxs.rxs.auth.RxsAuthApplication - Started RxsAuthApplication in 2.022 seconds (process running for 2.362)
2025-05-14 20:03:53.423 [http-nio-8080-exec-1] INFO  o.a.c.core.ContainerBase.[Tomcat].[localhost].[/] - Initializing Spring DispatcherServlet 'dispatcherServlet'
2025-05-14 20:03:53.423 [http-nio-8080-exec-1] INFO  org.springframework.web.servlet.DispatcherServlet - Initializing Servlet 'dispatcherServlet'
2025-05-14 20:03:53.424 [http-nio-8080-exec-1] INFO  org.springframework.web.servlet.DispatcherServlet - Completed initialization in 1 ms
2025-05-14 20:03:53.524 [http-nio-8080-exec-1] INFO  c.x.f.b.operationlog.aspect.ApiOperationLogAspect - ====== 请求开始: [发送短信验证码], 入参: {"phone":"15335932301"}, 请求类: VerificationCodeController, 请求方法: send =================================== 
2025-05-14 20:03:53.827 [http-nio-8080-exec-1] INFO  c.x.r.a.service.impl.VerificationCodeServiceImpl - ==> 手机号: 15335932301, 已发送验证码：【830021】
2025-05-14 20:03:53.833 [http-nio-8080-exec-1] INFO  c.x.f.b.operationlog.aspect.ApiOperationLogAspect - ====== 请求结束: [发送短信验证码], 耗时: 316ms, 出参: {"success":true,"message":null,"errorCode":null,"data":null} =================================== 
2025-05-14 20:50:21.457 [SpringApplicationShutdownHook] INFO  com.alibaba.druid.pool.DruidDataSource - {dataSource-1} closing ...
2025-05-14 20:50:21.458 [SpringApplicationShutdownHook] INFO  com.alibaba.druid.pool.DruidDataSource - {dataSource-1} closed
2025-05-14 20:50:24.446 [main] INFO  com.xdurxs.rxs.auth.RxsAuthApplication - Starting RxsAuthApplication using Java 17.0.15 with PID 12876 (D:\work\java\xdu_rxs\rxs-auth\target\classes started by owl in D:\work\java\xdu_rxs)
2025-05-14 20:50:24.448 [main] INFO  com.xdurxs.rxs.auth.RxsAuthApplication - The following 1 profile is active: "dev"
2025-05-14 20:50:24.843 [main] INFO  o.s.d.r.config.RepositoryConfigurationDelegate - Multiple Spring Data modules found, entering strict repository configuration mode
2025-05-14 20:50:24.846 [main] INFO  o.s.d.r.config.RepositoryConfigurationDelegate - Bootstrapping Spring Data Redis repositories in DEFAULT mode.
2025-05-14 20:50:24.864 [main] INFO  o.s.d.r.config.RepositoryConfigurationDelegate - Finished Spring Data repository scanning in 8 ms. Found 0 Redis repository interfaces.
2025-05-14 20:50:25.275 [main] INFO  o.s.boot.web.embedded.tomcat.TomcatWebServer - Tomcat initialized with port(s): 8080 (http)
2025-05-14 20:50:25.281 [main] INFO  org.apache.catalina.core.StandardService - Starting service [Tomcat]
2025-05-14 20:50:25.282 [main] INFO  org.apache.catalina.core.StandardEngine - Starting Servlet engine: [Apache Tomcat/10.1.5]
2025-05-14 20:50:25.337 [main] INFO  o.a.c.core.ContainerBase.[Tomcat].[localhost].[/] - Initializing Spring embedded WebApplicationContext
2025-05-14 20:50:25.338 [main] INFO  o.s.b.w.s.c.ServletWebServerApplicationContext - Root WebApplicationContext: initialization completed in 858 ms
2025-05-14 20:50:25.741 [main] INFO  c.a.d.s.b.a.DruidDataSourceAutoConfigure - Init DruidDataSource
2025-05-14 20:50:25.896 [main] INFO  com.alibaba.druid.pool.DruidDataSource - {dataSource-1} inited
2025-05-14 20:50:26.119 [main] INFO  o.s.boot.web.embedded.tomcat.TomcatWebServer - Tomcat started on port(s): 8080 (http) with context path ''
2025-05-14 20:50:26.124 [main] INFO  com.xdurxs.rxs.auth.RxsAuthApplication - Started RxsAuthApplication in 2.018 seconds (process running for 2.364)
2025-05-14 20:50:30.797 [http-nio-8080-exec-2] INFO  o.a.c.core.ContainerBase.[Tomcat].[localhost].[/] - Initializing Spring DispatcherServlet 'dispatcherServlet'
2025-05-14 20:50:30.797 [http-nio-8080-exec-2] INFO  org.springframework.web.servlet.DispatcherServlet - Initializing Servlet 'dispatcherServlet'
2025-05-14 20:50:30.799 [http-nio-8080-exec-2] INFO  org.springframework.web.servlet.DispatcherServlet - Completed initialization in 2 ms
2025-05-14 20:50:30.906 [http-nio-8080-exec-2] WARN  c.xdurxs.rxs.auth.exception.GlobalExceptionHandler - /verification/code/send request error, errorCode: AUTH-10001, errorMessage: phone 手机号格式不正确, 需为 11 位数字, 当前值: '1533593231'; 
2025-05-14 20:50:36.173 [http-nio-8080-exec-3] INFO  c.x.f.b.operationlog.aspect.ApiOperationLogAspect - ====== 请求开始: [发送短信验证码], 入参: {"phone":"15335932301"}, 请求类: VerificationCodeController, 请求方法: send =================================== 
2025-05-14 20:50:36.472 [http-nio-8080-exec-3] INFO  c.x.r.a.service.impl.VerificationCodeServiceImpl - ==> 手机号: 15335932301, 已发送验证码：【465518】
2025-05-14 20:50:36.475 [http-nio-8080-exec-3] INFO  c.x.f.b.operationlog.aspect.ApiOperationLogAspect - ====== 请求结束: [发送短信验证码], 耗时: 304ms, 出参: {"success":true,"message":null,"errorCode":null,"data":null} =================================== 
2025-05-14 20:55:17.133 [SpringApplicationShutdownHook] INFO  com.alibaba.druid.pool.DruidDataSource - {dataSource-1} closing ...
2025-05-14 20:55:17.139 [SpringApplicationShutdownHook] INFO  com.alibaba.druid.pool.DruidDataSource - {dataSource-1} closed
2025-05-14 20:55:19.862 [main] INFO  com.xdurxs.rxs.auth.RxsAuthApplication - Starting RxsAuthApplication using Java 17.0.15 with PID 2296 (D:\work\java\xdu_rxs\rxs-auth\target\classes started by owl in D:\work\java\xdu_rxs)
2025-05-14 20:55:19.864 [main] INFO  com.xdurxs.rxs.auth.RxsAuthApplication - The following 1 profile is active: "dev"
2025-05-14 20:55:20.245 [main] INFO  o.s.d.r.config.RepositoryConfigurationDelegate - Multiple Spring Data modules found, entering strict repository configuration mode
2025-05-14 20:55:20.248 [main] INFO  o.s.d.r.config.RepositoryConfigurationDelegate - Bootstrapping Spring Data Redis repositories in DEFAULT mode.
2025-05-14 20:55:20.272 [main] INFO  o.s.d.r.config.RepositoryConfigurationDelegate - Finished Spring Data repository scanning in 12 ms. Found 0 Redis repository interfaces.
2025-05-14 20:55:20.704 [main] INFO  o.s.boot.web.embedded.tomcat.TomcatWebServer - Tomcat initialized with port(s): 8080 (http)
2025-05-14 20:55:20.711 [main] INFO  org.apache.catalina.core.StandardService - Starting service [Tomcat]
2025-05-14 20:55:20.711 [main] INFO  org.apache.catalina.core.StandardEngine - Starting Servlet engine: [Apache Tomcat/10.1.5]
2025-05-14 20:55:20.771 [main] INFO  o.a.c.core.ContainerBase.[Tomcat].[localhost].[/] - Initializing Spring embedded WebApplicationContext
2025-05-14 20:55:20.772 [main] INFO  o.s.b.w.s.c.ServletWebServerApplicationContext - Root WebApplicationContext: initialization completed in 876 ms
2025-05-14 20:55:21.238 [main] INFO  c.a.d.s.b.a.DruidDataSourceAutoConfigure - Init DruidDataSource
2025-05-14 20:55:21.409 [main] INFO  com.alibaba.druid.pool.DruidDataSource - {dataSource-1} inited
2025-05-14 20:55:21.642 [main] INFO  o.s.boot.web.embedded.tomcat.TomcatWebServer - Tomcat started on port(s): 8080 (http) with context path ''
2025-05-14 20:55:21.649 [main] INFO  com.xdurxs.rxs.auth.RxsAuthApplication - Started RxsAuthApplication in 2.101 seconds (process running for 2.46)
2025-05-14 20:55:26.025 [http-nio-8080-exec-2] INFO  o.a.c.core.ContainerBase.[Tomcat].[localhost].[/] - Initializing Spring DispatcherServlet 'dispatcherServlet'
2025-05-14 20:55:26.025 [http-nio-8080-exec-2] INFO  org.springframework.web.servlet.DispatcherServlet - Initializing Servlet 'dispatcherServlet'
2025-05-14 20:55:26.026 [http-nio-8080-exec-2] INFO  org.springframework.web.servlet.DispatcherServlet - Completed initialization in 1 ms
2025-05-14 20:55:26.129 [http-nio-8080-exec-2] INFO  c.x.f.b.operationlog.aspect.ApiOperationLogAspect - ====== 请求开始: [发送短信验证码], 入参: {"phone":"15335932301"}, 请求类: VerificationCodeController, 请求方法: send =================================== 
2025-05-14 20:55:26.422 [http-nio-8080-exec-2] INFO  c.x.r.a.service.impl.VerificationCodeServiceImpl - ==> 手机号: 15335932301, 已发送验证码：【153833】
2025-05-14 20:55:26.428 [http-nio-8080-exec-2] INFO  c.x.f.b.operationlog.aspect.ApiOperationLogAspect - ====== 请求结束: [发送短信验证码], 耗时: 304ms, 出参: {"success":true,"message":null,"errorCode":null,"data":null} =================================== 
2025-05-14 20:56:16.526 [http-nio-8080-exec-3] INFO  c.x.f.b.operationlog.aspect.ApiOperationLogAspect - ====== 请求开始: [发送短信验证码], 入参: {"phone":"15335932301"}, 请求类: VerificationCodeController, 请求方法: send =================================== 
2025-05-14 20:56:16.531 [http-nio-8080-exec-3] WARN  c.xdurxs.rxs.auth.exception.GlobalExceptionHandler - /verification/code/send request fail, errorCode: AUTH-20000, errorMessage: 请求太频繁，请3分钟后再试
