2025-05-19 11:34:51.671 [http-nio-8080-exec-5] WARN  c.xdurxs.rxs.auth.exception.GlobalExceptionHandler - /user/login request error, errorCode: AUTH-10001, errorMessage: type 登录类型不能为空, 当前值: 'null'; 
2025-05-19 11:35:22.070 [http-nio-8080-exec-6] INFO  c.x.f.b.operationlog.aspect.ApiOperationLogAspect - ====== 请求开始: [用户登录/注册], 入参: {"phone":"15335932301","code":null,"password":null,"type":3}, 请求类: UserController, 请求方法: loginAndRegister =================================== 
2025-05-19 11:35:22.071 [http-nio-8080-exec-6] ERROR c.xdurxs.rxs.auth.exception.GlobalExceptionHandler - /user/login request error, 
java.lang.NullPointerException: Cannot invoke "com.xdurxs.rxs.auth.enums.LoginTypeEnum.ordinal()" because "loginTypeEnum" is null
	at com.xdurxs.rxs.auth.service.impl.UserServiceImpl.loginAndRegister(UserServiceImpl.java:63)
	at java.base/jdk.internal.reflect.NativeMethodAccessorImpl.invoke0(Native Method)
	at java.base/jdk.internal.reflect.NativeMethodAccessorImpl.invoke(NativeMethodAccessorImpl.java:77)
	at java.base/jdk.internal.reflect.DelegatingMethodAccessorImpl.invoke(DelegatingMethodAccessorImpl.java:43)
	at java.base/java.lang.reflect.Method.invoke(Method.java:568)
	at org.springframework.aop.support.AopUtils.invokeJoinpointUsingReflection(AopUtils.java:343)
	at org.springframework.aop.framework.CglibAopProxy$DynamicAdvisedInterceptor.intercept(CglibAopProxy.java:699)
	at com.xdurxs.rxs.auth.service.impl.UserServiceImpl$$SpringCGLIB$$0.loginAndRegister(<generated>)
	at com.xdurxs.rxs.auth.controller.UserController.loginAndRegister(UserController.java:25)
	at java.base/jdk.internal.reflect.NativeMethodAccessorImpl.invoke0(Native Method)
	at java.base/jdk.internal.reflect.NativeMethodAccessorImpl.invoke(NativeMethodAccessorImpl.java:77)
	at java.base/jdk.internal.reflect.DelegatingMethodAccessorImpl.invoke(DelegatingMethodAccessorImpl.java:43)
	at java.base/java.lang.reflect.Method.invoke(Method.java:568)
	at org.springframework.aop.support.AopUtils.invokeJoinpointUsingReflection(AopUtils.java:343)
	at org.springframework.aop.framework.ReflectiveMethodInvocation.invokeJoinpoint(ReflectiveMethodInvocation.java:196)
	at org.springframework.aop.framework.ReflectiveMethodInvocation.proceed(ReflectiveMethodInvocation.java:163)
	at org.springframework.aop.framework.CglibAopProxy$CglibMethodInvocation.proceed(CglibAopProxy.java:752)
	at org.springframework.aop.aspectj.MethodInvocationProceedingJoinPoint.proceed(MethodInvocationProceedingJoinPoint.java:89)
	at com.xdurxs.framework.biz.operationlog.aspect.ApiOperationLogAspect.doAround(ApiOperationLogAspect.java:52)
	at java.base/jdk.internal.reflect.NativeMethodAccessorImpl.invoke0(Native Method)
	at java.base/jdk.internal.reflect.NativeMethodAccessorImpl.invoke(NativeMethodAccessorImpl.java:77)
	at java.base/jdk.internal.reflect.DelegatingMethodAccessorImpl.invoke(DelegatingMethodAccessorImpl.java:43)
	at java.base/java.lang.reflect.Method.invoke(Method.java:568)
	at org.springframework.aop.aspectj.AbstractAspectJAdvice.invokeAdviceMethodWithGivenArgs(AbstractAspectJAdvice.java:633)
	at org.springframework.aop.aspectj.AbstractAspectJAdvice.invokeAdviceMethod(AbstractAspectJAdvice.java:623)
	at org.springframework.aop.aspectj.AspectJAroundAdvice.invoke(AspectJAroundAdvice.java:71)
	at org.springframework.aop.framework.ReflectiveMethodInvocation.proceed(ReflectiveMethodInvocation.java:173)
	at org.springframework.aop.framework.CglibAopProxy$CglibMethodInvocation.proceed(CglibAopProxy.java:752)
	at org.springframework.aop.interceptor.ExposeInvocationInterceptor.invoke(ExposeInvocationInterceptor.java:97)
	at org.springframework.aop.framework.ReflectiveMethodInvocation.proceed(ReflectiveMethodInvocation.java:184)
	at org.springframework.aop.framework.CglibAopProxy$CglibMethodInvocation.proceed(CglibAopProxy.java:752)
	at org.springframework.aop.framework.CglibAopProxy$DynamicAdvisedInterceptor.intercept(CglibAopProxy.java:703)
	at com.xdurxs.rxs.auth.controller.UserController$$SpringCGLIB$$0.loginAndRegister(<generated>)
	at java.base/jdk.internal.reflect.NativeMethodAccessorImpl.invoke0(Native Method)
	at java.base/jdk.internal.reflect.NativeMethodAccessorImpl.invoke(NativeMethodAccessorImpl.java:77)
	at java.base/jdk.internal.reflect.DelegatingMethodAccessorImpl.invoke(DelegatingMethodAccessorImpl.java:43)
	at java.base/java.lang.reflect.Method.invoke(Method.java:568)
	at org.springframework.web.method.support.InvocableHandlerMethod.doInvoke(InvocableHandlerMethod.java:207)
	at org.springframework.web.method.support.InvocableHandlerMethod.invokeForRequest(InvocableHandlerMethod.java:152)
	at org.springframework.web.servlet.mvc.method.annotation.ServletInvocableHandlerMethod.invokeAndHandle(ServletInvocableHandlerMethod.java:117)
	at org.springframework.web.servlet.mvc.method.annotation.RequestMappingHandlerAdapter.invokeHandlerMethod(RequestMappingHandlerAdapter.java:884)
	at org.springframework.web.servlet.mvc.method.annotation.RequestMappingHandlerAdapter.handleInternal(RequestMappingHandlerAdapter.java:797)
	at org.springframework.web.servlet.mvc.method.AbstractHandlerMethodAdapter.handle(AbstractHandlerMethodAdapter.java:87)
	at org.springframework.web.servlet.DispatcherServlet.doDispatch(DispatcherServlet.java:1080)
	at org.springframework.web.servlet.DispatcherServlet.doService(DispatcherServlet.java:973)
	at org.springframework.web.servlet.FrameworkServlet.processRequest(FrameworkServlet.java:1011)
	at org.springframework.web.servlet.FrameworkServlet.doPost(FrameworkServlet.java:914)
	at jakarta.servlet.http.HttpServlet.service(HttpServlet.java:731)
	at org.springframework.web.servlet.FrameworkServlet.service(FrameworkServlet.java:885)
	at jakarta.servlet.http.HttpServlet.service(HttpServlet.java:814)
	at org.apache.catalina.core.ApplicationFilterChain.internalDoFilter(ApplicationFilterChain.java:223)
	at org.apache.catalina.core.ApplicationFilterChain.doFilter(ApplicationFilterChain.java:158)
	at org.apache.tomcat.websocket.server.WsFilter.doFilter(WsFilter.java:53)
	at org.apache.catalina.core.ApplicationFilterChain.internalDoFilter(ApplicationFilterChain.java:185)
	at org.apache.catalina.core.ApplicationFilterChain.doFilter(ApplicationFilterChain.java:158)
	at com.alibaba.druid.support.jakarta.WebStatFilter.doFilter(WebStatFilter.java:113)
	at org.apache.catalina.core.ApplicationFilterChain.internalDoFilter(ApplicationFilterChain.java:185)
	at org.apache.catalina.core.ApplicationFilterChain.doFilter(ApplicationFilterChain.java:158)
	at org.springframework.web.filter.RequestContextFilter.doFilterInternal(RequestContextFilter.java:100)
	at org.springframework.web.filter.OncePerRequestFilter.doFilter(OncePerRequestFilter.java:116)
	at org.apache.catalina.core.ApplicationFilterChain.internalDoFilter(ApplicationFilterChain.java:185)
	at org.apache.catalina.core.ApplicationFilterChain.doFilter(ApplicationFilterChain.java:158)
	at cn.dev33.satoken.filter.SaPathCheckFilterForJakartaServlet.doFilter(SaPathCheckFilterForJakartaServlet.java:55)
	at org.apache.catalina.core.ApplicationFilterChain.internalDoFilter(ApplicationFilterChain.java:185)
	at org.apache.catalina.core.ApplicationFilterChain.doFilter(ApplicationFilterChain.java:158)
	at org.springframework.web.filter.FormContentFilter.doFilterInternal(FormContentFilter.java:93)
	at org.springframework.web.filter.OncePerRequestFilter.doFilter(OncePerRequestFilter.java:116)
	at org.apache.catalina.core.ApplicationFilterChain.internalDoFilter(ApplicationFilterChain.java:185)
	at org.apache.catalina.core.ApplicationFilterChain.doFilter(ApplicationFilterChain.java:158)
	at org.springframework.web.filter.CharacterEncodingFilter.doFilterInternal(CharacterEncodingFilter.java:201)
	at org.springframework.web.filter.OncePerRequestFilter.doFilter(OncePerRequestFilter.java:116)
	at org.apache.catalina.core.ApplicationFilterChain.internalDoFilter(ApplicationFilterChain.java:185)
	at org.apache.catalina.core.ApplicationFilterChain.doFilter(ApplicationFilterChain.java:158)
	at org.apache.catalina.core.StandardWrapperValve.invoke(StandardWrapperValve.java:177)
	at org.apache.catalina.core.StandardContextValve.invoke(StandardContextValve.java:97)
	at org.apache.catalina.authenticator.AuthenticatorBase.invoke(AuthenticatorBase.java:542)
	at org.apache.catalina.core.StandardHostValve.invoke(StandardHostValve.java:119)
	at org.apache.catalina.valves.ErrorReportValve.invoke(ErrorReportValve.java:92)
	at org.apache.catalina.core.StandardEngineValve.invoke(StandardEngineValve.java:78)
	at org.apache.catalina.connector.CoyoteAdapter.service(CoyoteAdapter.java:357)
	at org.apache.coyote.http11.Http11Processor.service(Http11Processor.java:400)
	at org.apache.coyote.AbstractProcessorLight.process(AbstractProcessorLight.java:65)
	at org.apache.coyote.AbstractProtocol$ConnectionHandler.process(AbstractProtocol.java:859)
	at org.apache.tomcat.util.net.NioEndpoint$SocketProcessor.doRun(NioEndpoint.java:1734)
	at org.apache.tomcat.util.net.SocketProcessorBase.run(SocketProcessorBase.java:52)
	at org.apache.tomcat.util.threads.ThreadPoolExecutor.runWorker(ThreadPoolExecutor.java:1191)
	at org.apache.tomcat.util.threads.ThreadPoolExecutor$Worker.run(ThreadPoolExecutor.java:659)
	at org.apache.tomcat.util.threads.TaskThread$WrappingRunnable.run(TaskThread.java:61)
	at java.base/java.lang.Thread.run(Thread.java:842)
2025-05-19 13:37:48.515 [http-nio-8080-exec-8] INFO  c.x.f.b.operationlog.aspect.ApiOperationLogAspect - ====== 请求开始: [用户登录/注册], 入参: {"phone":"15335932301","code":null,"password":null,"type":3}, 请求类: UserController, 请求方法: loginAndRegister =================================== 
2025-05-19 13:37:48.516 [http-nio-8080-exec-8] ERROR c.xdurxs.rxs.auth.exception.GlobalExceptionHandler - /user/login request error, 
java.lang.NullPointerException: Cannot invoke "com.xdurxs.rxs.auth.enums.LoginTypeEnum.ordinal()" because "loginTypeEnum" is null
	at com.xdurxs.rxs.auth.service.impl.UserServiceImpl.loginAndRegister(UserServiceImpl.java:63)
	at java.base/jdk.internal.reflect.NativeMethodAccessorImpl.invoke0(Native Method)
	at java.base/jdk.internal.reflect.NativeMethodAccessorImpl.invoke(NativeMethodAccessorImpl.java:77)
	at java.base/jdk.internal.reflect.DelegatingMethodAccessorImpl.invoke(DelegatingMethodAccessorImpl.java:43)
	at java.base/java.lang.reflect.Method.invoke(Method.java:568)
	at org.springframework.aop.support.AopUtils.invokeJoinpointUsingReflection(AopUtils.java:343)
	at org.springframework.aop.framework.CglibAopProxy$DynamicAdvisedInterceptor.intercept(CglibAopProxy.java:699)
	at com.xdurxs.rxs.auth.service.impl.UserServiceImpl$$SpringCGLIB$$0.loginAndRegister(<generated>)
	at com.xdurxs.rxs.auth.controller.UserController.loginAndRegister(UserController.java:25)
	at java.base/jdk.internal.reflect.NativeMethodAccessorImpl.invoke0(Native Method)
	at java.base/jdk.internal.reflect.NativeMethodAccessorImpl.invoke(NativeMethodAccessorImpl.java:77)
	at java.base/jdk.internal.reflect.DelegatingMethodAccessorImpl.invoke(DelegatingMethodAccessorImpl.java:43)
	at java.base/java.lang.reflect.Method.invoke(Method.java:568)
	at org.springframework.aop.support.AopUtils.invokeJoinpointUsingReflection(AopUtils.java:343)
	at org.springframework.aop.framework.ReflectiveMethodInvocation.invokeJoinpoint(ReflectiveMethodInvocation.java:196)
	at org.springframework.aop.framework.ReflectiveMethodInvocation.proceed(ReflectiveMethodInvocation.java:163)
	at org.springframework.aop.framework.CglibAopProxy$CglibMethodInvocation.proceed(CglibAopProxy.java:752)
	at org.springframework.aop.aspectj.MethodInvocationProceedingJoinPoint.proceed(MethodInvocationProceedingJoinPoint.java:89)
	at com.xdurxs.framework.biz.operationlog.aspect.ApiOperationLogAspect.doAround(ApiOperationLogAspect.java:52)
	at java.base/jdk.internal.reflect.NativeMethodAccessorImpl.invoke0(Native Method)
	at java.base/jdk.internal.reflect.NativeMethodAccessorImpl.invoke(NativeMethodAccessorImpl.java:77)
	at java.base/jdk.internal.reflect.DelegatingMethodAccessorImpl.invoke(DelegatingMethodAccessorImpl.java:43)
	at java.base/java.lang.reflect.Method.invoke(Method.java:568)
	at org.springframework.aop.aspectj.AbstractAspectJAdvice.invokeAdviceMethodWithGivenArgs(AbstractAspectJAdvice.java:633)
	at org.springframework.aop.aspectj.AbstractAspectJAdvice.invokeAdviceMethod(AbstractAspectJAdvice.java:623)
	at org.springframework.aop.aspectj.AspectJAroundAdvice.invoke(AspectJAroundAdvice.java:71)
	at org.springframework.aop.framework.ReflectiveMethodInvocation.proceed(ReflectiveMethodInvocation.java:173)
	at org.springframework.aop.framework.CglibAopProxy$CglibMethodInvocation.proceed(CglibAopProxy.java:752)
	at org.springframework.aop.interceptor.ExposeInvocationInterceptor.invoke(ExposeInvocationInterceptor.java:97)
	at org.springframework.aop.framework.ReflectiveMethodInvocation.proceed(ReflectiveMethodInvocation.java:184)
	at org.springframework.aop.framework.CglibAopProxy$CglibMethodInvocation.proceed(CglibAopProxy.java:752)
	at org.springframework.aop.framework.CglibAopProxy$DynamicAdvisedInterceptor.intercept(CglibAopProxy.java:703)
	at com.xdurxs.rxs.auth.controller.UserController$$SpringCGLIB$$0.loginAndRegister(<generated>)
	at java.base/jdk.internal.reflect.NativeMethodAccessorImpl.invoke0(Native Method)
	at java.base/jdk.internal.reflect.NativeMethodAccessorImpl.invoke(NativeMethodAccessorImpl.java:77)
	at java.base/jdk.internal.reflect.DelegatingMethodAccessorImpl.invoke(DelegatingMethodAccessorImpl.java:43)
	at java.base/java.lang.reflect.Method.invoke(Method.java:568)
	at org.springframework.web.method.support.InvocableHandlerMethod.doInvoke(InvocableHandlerMethod.java:207)
	at org.springframework.web.method.support.InvocableHandlerMethod.invokeForRequest(InvocableHandlerMethod.java:152)
	at org.springframework.web.servlet.mvc.method.annotation.ServletInvocableHandlerMethod.invokeAndHandle(ServletInvocableHandlerMethod.java:117)
	at org.springframework.web.servlet.mvc.method.annotation.RequestMappingHandlerAdapter.invokeHandlerMethod(RequestMappingHandlerAdapter.java:884)
	at org.springframework.web.servlet.mvc.method.annotation.RequestMappingHandlerAdapter.handleInternal(RequestMappingHandlerAdapter.java:797)
	at org.springframework.web.servlet.mvc.method.AbstractHandlerMethodAdapter.handle(AbstractHandlerMethodAdapter.java:87)
	at org.springframework.web.servlet.DispatcherServlet.doDispatch(DispatcherServlet.java:1080)
	at org.springframework.web.servlet.DispatcherServlet.doService(DispatcherServlet.java:973)
	at org.springframework.web.servlet.FrameworkServlet.processRequest(FrameworkServlet.java:1011)
	at org.springframework.web.servlet.FrameworkServlet.doPost(FrameworkServlet.java:914)
	at jakarta.servlet.http.HttpServlet.service(HttpServlet.java:731)
	at org.springframework.web.servlet.FrameworkServlet.service(FrameworkServlet.java:885)
	at jakarta.servlet.http.HttpServlet.service(HttpServlet.java:814)
	at org.apache.catalina.core.ApplicationFilterChain.internalDoFilter(ApplicationFilterChain.java:223)
	at org.apache.catalina.core.ApplicationFilterChain.doFilter(ApplicationFilterChain.java:158)
	at org.apache.tomcat.websocket.server.WsFilter.doFilter(WsFilter.java:53)
	at org.apache.catalina.core.ApplicationFilterChain.internalDoFilter(ApplicationFilterChain.java:185)
	at org.apache.catalina.core.ApplicationFilterChain.doFilter(ApplicationFilterChain.java:158)
	at com.alibaba.druid.support.jakarta.WebStatFilter.doFilter(WebStatFilter.java:113)
	at org.apache.catalina.core.ApplicationFilterChain.internalDoFilter(ApplicationFilterChain.java:185)
	at org.apache.catalina.core.ApplicationFilterChain.doFilter(ApplicationFilterChain.java:158)
	at org.springframework.web.filter.RequestContextFilter.doFilterInternal(RequestContextFilter.java:100)
	at org.springframework.web.filter.OncePerRequestFilter.doFilter(OncePerRequestFilter.java:116)
	at org.apache.catalina.core.ApplicationFilterChain.internalDoFilter(ApplicationFilterChain.java:185)
	at org.apache.catalina.core.ApplicationFilterChain.doFilter(ApplicationFilterChain.java:158)
	at cn.dev33.satoken.filter.SaPathCheckFilterForJakartaServlet.doFilter(SaPathCheckFilterForJakartaServlet.java:55)
	at org.apache.catalina.core.ApplicationFilterChain.internalDoFilter(ApplicationFilterChain.java:185)
	at org.apache.catalina.core.ApplicationFilterChain.doFilter(ApplicationFilterChain.java:158)
	at org.springframework.web.filter.FormContentFilter.doFilterInternal(FormContentFilter.java:93)
	at org.springframework.web.filter.OncePerRequestFilter.doFilter(OncePerRequestFilter.java:116)
	at org.apache.catalina.core.ApplicationFilterChain.internalDoFilter(ApplicationFilterChain.java:185)
	at org.apache.catalina.core.ApplicationFilterChain.doFilter(ApplicationFilterChain.java:158)
	at org.springframework.web.filter.CharacterEncodingFilter.doFilterInternal(CharacterEncodingFilter.java:201)
	at org.springframework.web.filter.OncePerRequestFilter.doFilter(OncePerRequestFilter.java:116)
	at org.apache.catalina.core.ApplicationFilterChain.internalDoFilter(ApplicationFilterChain.java:185)
	at org.apache.catalina.core.ApplicationFilterChain.doFilter(ApplicationFilterChain.java:158)
	at org.apache.catalina.core.StandardWrapperValve.invoke(StandardWrapperValve.java:177)
	at org.apache.catalina.core.StandardContextValve.invoke(StandardContextValve.java:97)
	at org.apache.catalina.authenticator.AuthenticatorBase.invoke(AuthenticatorBase.java:542)
	at org.apache.catalina.core.StandardHostValve.invoke(StandardHostValve.java:119)
	at org.apache.catalina.valves.ErrorReportValve.invoke(ErrorReportValve.java:92)
	at org.apache.catalina.core.StandardEngineValve.invoke(StandardEngineValve.java:78)
	at org.apache.catalina.connector.CoyoteAdapter.service(CoyoteAdapter.java:357)
	at org.apache.coyote.http11.Http11Processor.service(Http11Processor.java:400)
	at org.apache.coyote.AbstractProcessorLight.process(AbstractProcessorLight.java:65)
	at org.apache.coyote.AbstractProtocol$ConnectionHandler.process(AbstractProtocol.java:859)
	at org.apache.tomcat.util.net.NioEndpoint$SocketProcessor.doRun(NioEndpoint.java:1734)
	at org.apache.tomcat.util.net.SocketProcessorBase.run(SocketProcessorBase.java:52)
	at org.apache.tomcat.util.threads.ThreadPoolExecutor.runWorker(ThreadPoolExecutor.java:1191)
	at org.apache.tomcat.util.threads.ThreadPoolExecutor$Worker.run(ThreadPoolExecutor.java:659)
	at org.apache.tomcat.util.threads.TaskThread$WrappingRunnable.run(TaskThread.java:61)
	at java.base/java.lang.Thread.run(Thread.java:842)
2025-05-19 13:48:00.379 [http-nio-8080-exec-1] INFO  c.x.f.b.operationlog.aspect.ApiOperationLogAspect - ====== 请求开始: [发送短信验证码], 入参: {"phone":"15335932301"}, 请求类: VerificationCodeController, 请求方法: send =================================== 
2025-05-19 13:48:00.381 [http-nio-8080-exec-1] INFO  c.x.r.a.service.impl.VerificationCodeServiceImpl - ==> 手机号: 15335932301, 已发送验证码：【757484】
2025-05-19 13:48:00.382 [http-nio-8080-exec-1] INFO  c.x.f.b.operationlog.aspect.ApiOperationLogAspect - ====== 请求结束: [发送短信验证码], 耗时: 4ms, 出参: {"success":true,"message":null,"errorCode":null,"data":null} =================================== 
2025-05-19 13:49:06.924 [http-nio-8080-exec-4] INFO  c.x.f.b.operationlog.aspect.ApiOperationLogAspect - ====== 请求开始: [用户登录/注册], 入参: {"phone":"15335932301","code":"757484","password":null,"type":1}, 请求类: UserController, 请求方法: loginAndRegister =================================== 
2025-05-19 13:49:06.953 [http-nio-8080-exec-4] DEBUG c.x.r.a.domain.mapper.UserDOMapper.selectByPhone - ==>  Preparing: select id,password from t_user where phone = ?
2025-05-19 13:49:07.054 [http-nio-8080-exec-4] DEBUG c.x.r.a.domain.mapper.UserDOMapper.selectByPhone - ==> Parameters: 15335932301(String)
2025-05-19 13:49:07.071 [http-nio-8080-exec-4] DEBUG c.x.r.a.domain.mapper.UserDOMapper.selectByPhone - <==      Total: 1
2025-05-19 13:49:07.074 [http-nio-8080-exec-4] INFO  com.xdurxs.rxs.auth.service.impl.UserServiceImpl - ==> 用户是否注册, phone: 15335932301, userDO: {"id":1,"xiaohashuId":null,"password":null,"nickname":null,"avatar":null,"birthday":null,"backgroundImg":null,"phone":null,"sex":null,"status":null,"introduction":null,"createTime":null,"updateTime":null,"isDeleted":null}
2025-05-19 13:49:07.115 [http-nio-8080-exec-4] INFO  c.x.f.b.operationlog.aspect.ApiOperationLogAspect - ====== 请求结束: [用户登录/注册], 耗时: 191ms, 出参: {"success":true,"message":null,"errorCode":null,"data":"d2fc96db-284f-46fa-9099-bed34a04a511"} =================================== 
2025-05-19 14:15:54.909 [Thread-2] WARN  c.alibaba.nacos.common.http.HttpClientBeanHolder - [HttpClientBeanHolder] Start destroying common HttpClient
2025-05-19 14:15:54.909 [Thread-9] WARN  com.alibaba.nacos.common.notify.NotifyCenter - [NotifyCenter] Start destroying Publisher
2025-05-19 14:15:54.909 [Thread-9] WARN  com.alibaba.nacos.common.notify.NotifyCenter - [NotifyCenter] Destruction of the end
2025-05-19 14:15:54.909 [Thread-2] WARN  c.alibaba.nacos.common.http.HttpClientBeanHolder - [HttpClientBeanHolder] Destruction of the end
2025-05-19 14:15:54.935 [SpringApplicationShutdownHook] INFO  c.a.cloud.nacos.registry.NacosServiceRegistry - De-registering from Nacos Server now...
2025-05-19 14:15:54.935 [SpringApplicationShutdownHook] INFO  com.alibaba.nacos.client.naming - [DEREGISTER-SERVICE] ruixiaosi deregistering service rxs-auth with instance: Instance{instanceId='null', ip='172.22.176.1', port=8080, weight=1.0, healthy=true, enabled=true, ephemeral=true, clusterName='DEFAULT', serviceName='null', metadata={}}
2025-05-19 14:15:54.938 [SpringApplicationShutdownHook] INFO  c.a.cloud.nacos.registry.NacosServiceRegistry - De-registration finished.
2025-05-19 14:15:54.938 [SpringApplicationShutdownHook] INFO  com.alibaba.nacos.client.naming - com.alibaba.nacos.client.naming.cache.ServiceInfoHolder do shutdown begin
2025-05-19 14:15:54.938 [SpringApplicationShutdownHook] INFO  com.alibaba.nacos.client.naming - com.alibaba.nacos.client.naming.backups.FailoverReactor do shutdown begin
2025-05-19 14:15:54.938 [SpringApplicationShutdownHook] INFO  com.alibaba.nacos.client.naming - com.alibaba.nacos.client.naming.backups.FailoverReactor do shutdown stop
2025-05-19 14:15:54.938 [SpringApplicationShutdownHook] INFO  com.alibaba.nacos.client.naming - com.alibaba.nacos.client.naming.cache.ServiceInfoHolder do shutdown stop
2025-05-19 14:15:54.938 [SpringApplicationShutdownHook] INFO  com.alibaba.nacos.client.naming - com.alibaba.nacos.client.naming.remote.NamingClientProxyDelegate do shutdown begin
2025-05-19 14:15:54.938 [SpringApplicationShutdownHook] INFO  com.alibaba.nacos.client.naming - com.alibaba.nacos.client.naming.core.ServiceInfoUpdateService do shutdown begin
2025-05-19 14:15:54.938 [SpringApplicationShutdownHook] INFO  com.alibaba.nacos.client.naming - com.alibaba.nacos.client.naming.core.ServiceInfoUpdateService do shutdown stop
2025-05-19 14:15:54.938 [SpringApplicationShutdownHook] INFO  com.alibaba.nacos.client.naming - com.alibaba.nacos.client.naming.core.ServerListManager do shutdown begin
2025-05-19 14:15:54.938 [SpringApplicationShutdownHook] WARN  com.alibaba.nacos.client.naming - [NamingHttpClientManager] Start destroying NacosRestTemplate
2025-05-19 14:15:54.938 [SpringApplicationShutdownHook] WARN  com.alibaba.nacos.client.naming - [NamingHttpClientManager] Destruction of the end
2025-05-19 14:15:54.938 [SpringApplicationShutdownHook] INFO  com.alibaba.nacos.client.naming - com.alibaba.nacos.client.naming.core.ServerListManager do shutdown stop
2025-05-19 14:15:54.938 [SpringApplicationShutdownHook] INFO  com.alibaba.nacos.client.naming - com.alibaba.nacos.client.naming.remote.http.NamingHttpClientProxy do shutdown begin
2025-05-19 14:15:54.938 [SpringApplicationShutdownHook] WARN  com.alibaba.nacos.client.naming - [NamingHttpClientManager] Start destroying NacosRestTemplate
2025-05-19 14:15:54.938 [SpringApplicationShutdownHook] WARN  com.alibaba.nacos.client.naming - [NamingHttpClientManager] Destruction of the end
2025-05-19 14:15:54.939 [SpringApplicationShutdownHook] INFO  com.alibaba.nacos.client.naming - com.alibaba.nacos.client.naming.remote.http.NamingHttpClientProxy do shutdown stop
2025-05-19 14:15:54.939 [SpringApplicationShutdownHook] INFO  com.alibaba.nacos.common.remote.client - Shutdown rpc client, set status to shutdown
2025-05-19 14:15:54.939 [SpringApplicationShutdownHook] INFO  com.alibaba.nacos.common.remote.client - Shutdown client event executor java.util.concurrent.ScheduledThreadPoolExecutor@65061498[Running, pool size = 2, active threads = 2, queued tasks = 0, completed tasks = 0]
2025-05-19 14:15:54.939 [SpringApplicationShutdownHook] INFO  com.alibaba.nacos.common.remote.client - Close current connection 1747557718292_172.17.0.1_41318
2025-05-19 14:15:54.940 [SpringApplicationShutdownHook] INFO  c.a.nacos.common.remote.client.grpc.GrpcClient - Shutdown grpc executor java.util.concurrent.ThreadPoolExecutor@40d63f5[Running, pool size = 3, active threads = 0, queued tasks = 0, completed tasks = 15557]
2025-05-19 14:15:54.940 [SpringApplicationShutdownHook] INFO  com.alibaba.nacos.client.naming - Shutdown grpc redo service executor java.util.concurrent.ScheduledThreadPoolExecutor@5d21011[Running, pool size = 1, active threads = 0, queued tasks = 1, completed tasks = 25811]
2025-05-19 14:15:54.941 [SpringApplicationShutdownHook] INFO  c.a.n.client.auth.ram.identify.CredentialWatcher - [null] CredentialWatcher is stopped
2025-05-19 14:15:54.941 [SpringApplicationShutdownHook] INFO  c.a.n.client.auth.ram.identify.CredentialService - [null] CredentialService is freed
2025-05-19 14:15:54.941 [SpringApplicationShutdownHook] INFO  com.alibaba.nacos.client.naming - com.alibaba.nacos.client.naming.remote.NamingClientProxyDelegate do shutdown stop
2025-05-19 14:15:55.052 [SpringApplicationShutdownHook] INFO  com.alibaba.druid.pool.DruidDataSource - {dataSource-1} closing ...
2025-05-19 14:15:55.052 [SpringApplicationShutdownHook] INFO  com.alibaba.druid.pool.DruidDataSource - {dataSource-1} closed
2025-05-19 14:15:59.710 [main] WARN  com.alibaba.nacos.client.logging.NacosLogging - Load Logback Configuration of Nacos fail, message: Could not initialize Logback Nacos logging from classpath:nacos-logback.xml
2025-05-19 14:15:59.744 [main] WARN  com.alibaba.nacos.client.logging.NacosLogging - Load Logback Configuration of Nacos fail, message: Could not initialize Logback Nacos logging from classpath:nacos-logback.xml
2025-05-19 14:15:59.866 [main] WARN  com.alibaba.nacos.client.logging.NacosLogging - Load Logback Configuration of Nacos fail, message: Could not initialize Logback Nacos logging from classpath:nacos-logback.xml
2025-05-19 14:15:59.867 [main] INFO  com.alibaba.nacos.client.utils.ParamUtil - [settings] [req-serv] nacos-server port:8848
2025-05-19 14:15:59.867 [main] INFO  com.alibaba.nacos.client.utils.ParamUtil - [settings] [http-client] connect timeout:1000
2025-05-19 14:15:59.870 [main] INFO  com.alibaba.nacos.client.utils.ParamUtil - PER_TASK_CONFIG_SIZE: 3000.0
2025-05-19 14:15:59.889 [main] INFO  c.a.n.p.auth.spi.client.ClientAuthPluginManager - [ClientAuthPluginManager] Load ClientAuthService com.alibaba.nacos.client.auth.impl.NacosClientAuthServiceImpl success.
2025-05-19 14:15:59.889 [main] INFO  c.a.n.p.auth.spi.client.ClientAuthPluginManager - [ClientAuthPluginManager] Load ClientAuthService com.alibaba.nacos.client.auth.ram.RamClientAuthServiceImpl success.
2025-05-19 14:15:59.891 [main] INFO  c.a.n.client.auth.ram.identify.CredentialWatcher - null No credential found
2025-05-19 14:16:00.180 [main] WARN  com.alibaba.nacos.client.logging.NacosLogging - Load Logback Configuration of Nacos fail, message: Could not initialize Logback Nacos logging from classpath:nacos-logback.xml
2025-05-19 14:16:00.188 [main] INFO  c.a.n.client.config.impl.LocalConfigInfoProcessor - LOCAL_SNAPSHOT_PATH:C:\Users\Administrator\nacos\config
2025-05-19 14:16:00.191 [main] INFO  com.alibaba.nacos.common.remote.client - [RpcClientFactory] create a new rpc client of 62025fa2-5b75-4788-9891-7e5ea426d200_config-0
2025-05-19 14:16:00.202 [main] INFO  com.alibaba.nacos.common.remote.client - [62025fa2-5b75-4788-9891-7e5ea426d200_config-0] Register server push request handler:com.alibaba.nacos.client.config.impl.ClientWorker$ConfigRpcTransportClient$$Lambda$584/0x0000017b0136fd00
2025-05-19 14:16:00.202 [main] INFO  com.alibaba.nacos.common.remote.client - [62025fa2-5b75-4788-9891-7e5ea426d200_config-0] Register server push request handler:com.alibaba.nacos.client.config.impl.ClientWorker$ConfigRpcTransportClient$$Lambda$585/0x0000017b01370200
2025-05-19 14:16:00.202 [main] INFO  com.alibaba.nacos.common.remote.client - [62025fa2-5b75-4788-9891-7e5ea426d200_config-0] Registry connection listener to current client:com.alibaba.nacos.client.config.impl.ClientWorker$ConfigRpcTransportClient$1
2025-05-19 14:16:00.203 [main] INFO  com.alibaba.nacos.common.remote.client - [62025fa2-5b75-4788-9891-7e5ea426d200_config-0] RpcClient init, ServerListFactory = com.alibaba.nacos.client.config.impl.ClientWorker$ConfigRpcTransportClient$2
2025-05-19 14:16:00.210 [main] INFO  com.alibaba.nacos.common.remote.client - [62025fa2-5b75-4788-9891-7e5ea426d200_config-0] Try to connect to server on start up, server: {serverIp = '127.0.0.1', server main port = 8848}
2025-05-19 14:16:00.236 [main] INFO  c.a.nacos.common.remote.client.grpc.GrpcClient - grpc client connection server:127.0.0.1 ip,serverPort:9848,grpcTslConfig:{"sslProvider":"OPENSSL","enableTls":false,"mutualAuthEnable":false,"trustAll":false}
2025-05-19 14:16:01.000 [main] INFO  com.alibaba.nacos.common.remote.client - [62025fa2-5b75-4788-9891-7e5ea426d200_config-0] Success to connect to server [127.0.0.1:8848] on start up, connectionId = 1747635360832_172.17.0.1_56336
2025-05-19 14:16:01.000 [com.alibaba.nacos.client.remote.worker] INFO  com.alibaba.nacos.common.remote.client - [62025fa2-5b75-4788-9891-7e5ea426d200_config-0] Notify connected event to listeners.
2025-05-19 14:16:01.000 [com.alibaba.nacos.client.remote.worker] INFO  com.alibaba.nacos.client.config.impl.ClientWorker - [62025fa2-5b75-4788-9891-7e5ea426d200_config-0] Connected,notify listen context...
2025-05-19 14:16:01.000 [main] INFO  com.alibaba.nacos.common.remote.client - [62025fa2-5b75-4788-9891-7e5ea426d200_config-0] Register server push request handler:com.alibaba.nacos.common.remote.client.RpcClient$ConnectResetRequestHandler
2025-05-19 14:16:01.001 [main] INFO  com.alibaba.nacos.common.remote.client - [62025fa2-5b75-4788-9891-7e5ea426d200_config-0] Register server push request handler:com.alibaba.nacos.common.remote.client.RpcClient$$Lambda$605/0x0000017b014d58a8
2025-05-19 14:16:01.032 [main] INFO  com.alibaba.nacos.client.config.impl.Limiter - limitTime:5.0
2025-05-19 14:16:01.049 [main] INFO  com.alibaba.nacos.client.config.utils.JvmUtil - isMultiInstance:false
2025-05-19 14:16:01.060 [main] WARN  c.a.cloud.nacos.client.NacosPropertySourceBuilder - Ignore the empty nacos configuration and get it based on dataId[rxs-auth.yaml] & group[DEFAULT_GROUP]
2025-05-19 14:16:01.067 [main] INFO  o.s.c.b.c.PropertySourceBootstrapConfiguration - Located property source: [BootstrapPropertySource {name='bootstrapProperties-rxs-auth-dev.yaml,DEFAULT_GROUP'}, BootstrapPropertySource {name='bootstrapProperties-rxs-auth.yaml,DEFAULT_GROUP'}, BootstrapPropertySource {name='bootstrapProperties-rxs-auth,DEFAULT_GROUP'}]
2025-05-19 14:16:01.084 [main] WARN  com.alibaba.nacos.client.logging.NacosLogging - Load Logback Configuration of Nacos fail, message: Could not initialize Logback Nacos logging from classpath:nacos-logback.xml
2025-05-19 14:16:01.085 [main] INFO  com.xdurxs.rxs.auth.RxsAuthApplication - The following 1 profile is active: "dev"
2025-05-19 14:16:01.520 [main] INFO  o.s.d.r.config.RepositoryConfigurationDelegate - Multiple Spring Data modules found, entering strict repository configuration mode
2025-05-19 14:16:01.529 [main] INFO  o.s.d.r.config.RepositoryConfigurationDelegate - Bootstrapping Spring Data Redis repositories in DEFAULT mode.
2025-05-19 14:16:01.545 [main] INFO  o.s.d.r.config.RepositoryConfigurationDelegate - Finished Spring Data repository scanning in 6 ms. Found 0 Redis repository interfaces.
2025-05-19 14:16:01.632 [main] INFO  o.springframework.cloud.context.scope.GenericScope - BeanFactory id=4b446290-eab0-3e03-8ad9-be7ba8ad87da
2025-05-19 14:16:01.962 [main] INFO  o.s.boot.web.embedded.tomcat.TomcatWebServer - Tomcat initialized with port(s): 8080 (http)
2025-05-19 14:16:01.967 [main] INFO  org.apache.catalina.core.StandardService - Starting service [Tomcat]
2025-05-19 14:16:01.968 [main] INFO  org.apache.catalina.core.StandardEngine - Starting Servlet engine: [Apache Tomcat/10.1.5]
2025-05-19 14:16:02.009 [main] INFO  o.a.c.core.ContainerBase.[Tomcat].[localhost].[/] - Initializing Spring embedded WebApplicationContext
2025-05-19 14:16:02.010 [main] INFO  o.s.b.w.s.c.ServletWebServerApplicationContext - Root WebApplicationContext: initialization completed in 915 ms
2025-05-19 14:16:02.084 [main] INFO  c.a.d.s.b.a.DruidDataSourceAutoConfigure - Init DruidDataSource
2025-05-19 14:16:02.259 [main] INFO  com.alibaba.druid.pool.DruidDataSource - {dataSource-1} inited
2025-05-19 14:16:03.331 [main] INFO  o.s.boot.web.embedded.tomcat.TomcatWebServer - Tomcat started on port(s): 8080 (http) with context path ''
2025-05-19 14:16:03.333 [main] INFO  com.alibaba.nacos.client.naming - initializer namespace from ans.namespace attribute : null
2025-05-19 14:16:03.333 [main] INFO  com.alibaba.nacos.client.naming - initializer namespace from ALIBABA_ALIWARE_NAMESPACE attribute :null
2025-05-19 14:16:03.334 [main] INFO  com.alibaba.nacos.client.naming - initializer namespace from namespace attribute :null
2025-05-19 14:16:03.339 [main] INFO  c.a.n.p.auth.spi.client.ClientAuthPluginManager - [ClientAuthPluginManager] Load ClientAuthService com.alibaba.nacos.client.auth.impl.NacosClientAuthServiceImpl success.
2025-05-19 14:16:03.339 [main] INFO  c.a.n.p.auth.spi.client.ClientAuthPluginManager - [ClientAuthPluginManager] Load ClientAuthService com.alibaba.nacos.client.auth.ram.RamClientAuthServiceImpl success.
2025-05-19 14:16:03.342 [main] INFO  com.alibaba.nacos.common.remote.client - [RpcClientFactory] create a new rpc client of d3b3b523-7f79-4294-8f57-8d4239cf46e3
2025-05-19 14:16:03.343 [main] INFO  com.alibaba.nacos.common.remote.client - [d3b3b523-7f79-4294-8f57-8d4239cf46e3] RpcClient init, ServerListFactory = com.alibaba.nacos.client.naming.core.ServerListManager
2025-05-19 14:16:03.343 [main] INFO  com.alibaba.nacos.common.remote.client - [d3b3b523-7f79-4294-8f57-8d4239cf46e3] Registry connection listener to current client:com.alibaba.nacos.client.naming.remote.gprc.redo.NamingGrpcRedoService
2025-05-19 14:16:03.343 [main] INFO  com.alibaba.nacos.common.remote.client - [d3b3b523-7f79-4294-8f57-8d4239cf46e3] Register server push request handler:com.alibaba.nacos.client.naming.remote.gprc.NamingPushRequestHandler
2025-05-19 14:16:03.343 [main] INFO  com.alibaba.nacos.common.remote.client - [d3b3b523-7f79-4294-8f57-8d4239cf46e3] Try to connect to server on start up, server: {serverIp = '127.0.0.1', server main port = 8848}
2025-05-19 14:16:03.344 [main] INFO  c.a.nacos.common.remote.client.grpc.GrpcClient - grpc client connection server:127.0.0.1 ip,serverPort:9848,grpcTslConfig:{"sslProvider":"OPENSSL","enableTls":false,"mutualAuthEnable":false,"trustAll":false}
2025-05-19 14:16:03.462 [main] INFO  com.alibaba.nacos.common.remote.client - [d3b3b523-7f79-4294-8f57-8d4239cf46e3] Success to connect to server [127.0.0.1:8848] on start up, connectionId = 1747635363348_172.17.0.1_56358
2025-05-19 14:16:03.462 [main] INFO  com.alibaba.nacos.common.remote.client - [d3b3b523-7f79-4294-8f57-8d4239cf46e3] Register server push request handler:com.alibaba.nacos.common.remote.client.RpcClient$ConnectResetRequestHandler
2025-05-19 14:16:03.462 [main] INFO  com.alibaba.nacos.common.remote.client - [d3b3b523-7f79-4294-8f57-8d4239cf46e3] Register server push request handler:com.alibaba.nacos.common.remote.client.RpcClient$$Lambda$605/0x0000017b014d58a8
2025-05-19 14:16:03.462 [com.alibaba.nacos.client.remote.worker] INFO  com.alibaba.nacos.common.remote.client - [d3b3b523-7f79-4294-8f57-8d4239cf46e3] Notify connected event to listeners.
2025-05-19 14:16:03.463 [com.alibaba.nacos.client.remote.worker] INFO  com.alibaba.nacos.client.naming - Grpc connection connect
2025-05-19 14:16:03.465 [main] INFO  com.alibaba.nacos.client.naming - [REGISTER-SERVICE] ruixiaosi registering service rxs-auth with instance Instance{instanceId='null', ip='172.22.176.1', port=8080, weight=1.0, healthy=true, enabled=true, ephemeral=true, clusterName='DEFAULT', serviceName='null', metadata={IPv6=[2001:250:1006:aaaa:0:0:0:d70], preserved.register.source=SPRING_CLOUD}}
2025-05-19 14:16:03.479 [main] INFO  c.a.cloud.nacos.registry.NacosServiceRegistry - nacos registry, DEFAULT_GROUP rxs-auth 172.22.176.1:8080 register finished
2025-05-19 14:16:03.661 [main] INFO  com.xdurxs.rxs.auth.RxsAuthApplication - Started RxsAuthApplication in 4.441 seconds (process running for 4.796)
2025-05-19 14:16:03.661 [main] INFO  c.x.r.auth.runner.PushRolePermissions2RedisRunner - ==> 服务启动，开始同步角色权限数据到 Redis 中...
2025-05-19 14:16:03.964 [main] DEBUG c.x.r.a.d.mapper.RoleDOMapper.selectEnabledList - ==>  Preparing: select id, role_key, role_name from t_role where status = 0 and is_deleted = 0
2025-05-19 14:16:04.060 [main] DEBUG c.x.r.a.d.mapper.RoleDOMapper.selectEnabledList - ==> Parameters: 
2025-05-19 14:16:04.073 [main] DEBUG c.x.r.a.d.mapper.RoleDOMapper.selectEnabledList - <==      Total: 1
2025-05-19 14:16:04.084 [main] DEBUG c.x.r.a.d.m.RolePermissionDOMapper.selectByRoleIds - ==>  Preparing: select role_id, permission_id from t_role_permission_rel where role_id in ( ? )
2025-05-19 14:16:04.085 [main] DEBUG c.x.r.a.d.m.RolePermissionDOMapper.selectByRoleIds - ==> Parameters: 1(Long)
2025-05-19 14:16:04.088 [main] DEBUG c.x.r.a.d.m.RolePermissionDOMapper.selectByRoleIds - <==      Total: 2
2025-05-19 14:16:04.089 [main] DEBUG c.x.r.a.d.m.P.selectAppEnabledList - ==>  Preparing: select id, name, permission_key from t_permission where status = 0 and type = 3 and is_deleted = 0
2025-05-19 14:16:04.090 [main] DEBUG c.x.r.a.d.m.P.selectAppEnabledList - ==> Parameters: 
2025-05-19 14:16:04.092 [main] DEBUG c.x.r.a.d.m.P.selectAppEnabledList - <==      Total: 2
2025-05-19 14:16:04.100 [main] INFO  c.x.r.auth.runner.PushRolePermissions2RedisRunner - ==> 服务启动，成功同步角色权限数据到 Redis 中...
2025-05-19 14:16:04.102 [main] INFO  com.alibaba.nacos.client.config.impl.CacheData - nacos.cache.data.init.snapshot = true 
2025-05-19 14:16:04.102 [main] INFO  com.alibaba.nacos.client.config.impl.ClientWorker - [fixed-ruixiaosi-127.0.0.1_8848] [subscribe] rxs-auth.yaml+DEFAULT_GROUP+ruixiaosi
2025-05-19 14:16:04.107 [main] INFO  com.alibaba.nacos.client.config.impl.CacheData - [fixed-ruixiaosi-127.0.0.1_8848] [add-listener] ok, tenant=ruixiaosi, dataId=rxs-auth.yaml, group=DEFAULT_GROUP, cnt=1
2025-05-19 14:16:04.107 [main] INFO  c.a.cloud.nacos.refresh.NacosContextRefresher - [Nacos Config] Listening config: dataId=rxs-auth.yaml, group=DEFAULT_GROUP
2025-05-19 14:16:04.107 [main] INFO  com.alibaba.nacos.client.config.impl.ClientWorker - [fixed-ruixiaosi-127.0.0.1_8848] [subscribe] rxs-auth-dev.yaml+DEFAULT_GROUP+ruixiaosi
2025-05-19 14:16:04.107 [main] INFO  com.alibaba.nacos.client.config.impl.CacheData - [fixed-ruixiaosi-127.0.0.1_8848] [add-listener] ok, tenant=ruixiaosi, dataId=rxs-auth-dev.yaml, group=DEFAULT_GROUP, cnt=1
2025-05-19 14:16:04.107 [main] INFO  c.a.cloud.nacos.refresh.NacosContextRefresher - [Nacos Config] Listening config: dataId=rxs-auth-dev.yaml, group=DEFAULT_GROUP
2025-05-19 14:16:04.108 [main] INFO  com.alibaba.nacos.client.config.impl.ClientWorker - [fixed-ruixiaosi-127.0.0.1_8848] [subscribe] rxs-auth+DEFAULT_GROUP+ruixiaosi
2025-05-19 14:16:04.108 [main] INFO  com.alibaba.nacos.client.config.impl.CacheData - [fixed-ruixiaosi-127.0.0.1_8848] [add-listener] ok, tenant=ruixiaosi, dataId=rxs-auth, group=DEFAULT_GROUP, cnt=1
2025-05-19 14:16:04.108 [main] INFO  c.a.cloud.nacos.refresh.NacosContextRefresher - [Nacos Config] Listening config: dataId=rxs-auth, group=DEFAULT_GROUP
2025-05-19 15:11:29.911 [http-nio-8080-exec-1] INFO  o.a.c.core.ContainerBase.[Tomcat].[localhost].[/] - Initializing Spring DispatcherServlet 'dispatcherServlet'
2025-05-19 15:11:29.911 [http-nio-8080-exec-1] INFO  org.springframework.web.servlet.DispatcherServlet - Initializing Servlet 'dispatcherServlet'
2025-05-19 15:11:29.912 [http-nio-8080-exec-1] INFO  org.springframework.web.servlet.DispatcherServlet - Completed initialization in 1 ms
2025-05-19 15:11:29.975 [http-nio-8080-exec-1] INFO  c.x.f.b.operationlog.aspect.ApiOperationLogAspect - ====== 请求开始: [发送短信验证码], 入参: {"phone":"15335932301"}, 请求类: VerificationCodeController, 请求方法: send =================================== 
2025-05-19 15:11:29.980 [http-nio-8080-exec-1] INFO  c.x.r.a.service.impl.VerificationCodeServiceImpl - ==> 手机号: 15335932301, 已发送验证码：【099261】
2025-05-19 15:11:29.983 [http-nio-8080-exec-1] INFO  c.x.f.b.operationlog.aspect.ApiOperationLogAspect - ====== 请求结束: [发送短信验证码], 耗时: 8ms, 出参: {"success":true,"message":null,"errorCode":null,"data":null} =================================== 
2025-05-19 15:11:58.433 [http-nio-8080-exec-3] INFO  c.x.f.b.operationlog.aspect.ApiOperationLogAspect - ====== 请求开始: [用户登录/注册], 入参: {"phone":"15335932301","code":"099261","password":null,"type":1}, 请求类: UserController, 请求方法: loginAndRegister =================================== 
2025-05-19 15:11:58.444 [http-nio-8080-exec-3] DEBUG c.x.r.a.domain.mapper.UserDOMapper.selectByPhone - ==>  Preparing: select id,password from t_user where phone = ?
2025-05-19 15:11:58.445 [http-nio-8080-exec-3] DEBUG c.x.r.a.domain.mapper.UserDOMapper.selectByPhone - ==> Parameters: 15335932301(String)
2025-05-19 15:11:58.447 [http-nio-8080-exec-3] DEBUG c.x.r.a.domain.mapper.UserDOMapper.selectByPhone - <==      Total: 1
2025-05-19 15:11:58.448 [http-nio-8080-exec-3] INFO  com.xdurxs.rxs.auth.service.impl.UserServiceImpl - ==> 用户是否注册, phone: 15335932301, userDO: {"id":1,"xiaohashuId":null,"password":null,"nickname":null,"avatar":null,"birthday":null,"backgroundImg":null,"phone":null,"sex":null,"status":null,"introduction":null,"createTime":null,"updateTime":null,"isDeleted":null}
2025-05-19 15:11:58.489 [http-nio-8080-exec-3] INFO  c.x.f.b.operationlog.aspect.ApiOperationLogAspect - ====== 请求结束: [用户登录/注册], 耗时: 57ms, 出参: {"success":true,"message":null,"errorCode":null,"data":"531a84b7-76bb-4273-b398-b8547dd5ab89"} =================================== 
2025-05-19 15:15:28.331 [Thread-2] WARN  c.alibaba.nacos.common.http.HttpClientBeanHolder - [HttpClientBeanHolder] Start destroying common HttpClient
2025-05-19 15:15:28.331 [Thread-9] WARN  com.alibaba.nacos.common.notify.NotifyCenter - [NotifyCenter] Start destroying Publisher
2025-05-19 15:15:28.332 [Thread-9] WARN  com.alibaba.nacos.common.notify.NotifyCenter - [NotifyCenter] Destruction of the end
2025-05-19 15:15:28.332 [Thread-2] WARN  c.alibaba.nacos.common.http.HttpClientBeanHolder - [HttpClientBeanHolder] Destruction of the end
2025-05-19 15:15:28.357 [SpringApplicationShutdownHook] INFO  c.a.cloud.nacos.registry.NacosServiceRegistry - De-registering from Nacos Server now...
2025-05-19 15:15:28.357 [SpringApplicationShutdownHook] INFO  com.alibaba.nacos.client.naming - [DEREGISTER-SERVICE] ruixiaosi deregistering service rxs-auth with instance: Instance{instanceId='null', ip='172.22.176.1', port=8080, weight=1.0, healthy=true, enabled=true, ephemeral=true, clusterName='DEFAULT', serviceName='null', metadata={}}
2025-05-19 15:15:28.359 [SpringApplicationShutdownHook] INFO  c.a.cloud.nacos.registry.NacosServiceRegistry - De-registration finished.
2025-05-19 15:15:28.360 [SpringApplicationShutdownHook] INFO  com.alibaba.nacos.client.naming - com.alibaba.nacos.client.naming.cache.ServiceInfoHolder do shutdown begin
2025-05-19 15:15:28.360 [SpringApplicationShutdownHook] INFO  com.alibaba.nacos.client.naming - com.alibaba.nacos.client.naming.backups.FailoverReactor do shutdown begin
2025-05-19 15:15:28.360 [SpringApplicationShutdownHook] INFO  com.alibaba.nacos.client.naming - com.alibaba.nacos.client.naming.backups.FailoverReactor do shutdown stop
2025-05-19 15:15:28.360 [SpringApplicationShutdownHook] INFO  com.alibaba.nacos.client.naming - com.alibaba.nacos.client.naming.cache.ServiceInfoHolder do shutdown stop
2025-05-19 15:15:28.360 [SpringApplicationShutdownHook] INFO  com.alibaba.nacos.client.naming - com.alibaba.nacos.client.naming.remote.NamingClientProxyDelegate do shutdown begin
2025-05-19 15:15:28.360 [SpringApplicationShutdownHook] INFO  com.alibaba.nacos.client.naming - com.alibaba.nacos.client.naming.core.ServiceInfoUpdateService do shutdown begin
2025-05-19 15:15:28.360 [SpringApplicationShutdownHook] INFO  com.alibaba.nacos.client.naming - com.alibaba.nacos.client.naming.core.ServiceInfoUpdateService do shutdown stop
2025-05-19 15:15:28.360 [SpringApplicationShutdownHook] INFO  com.alibaba.nacos.client.naming - com.alibaba.nacos.client.naming.core.ServerListManager do shutdown begin
2025-05-19 15:15:28.360 [SpringApplicationShutdownHook] WARN  com.alibaba.nacos.client.naming - [NamingHttpClientManager] Start destroying NacosRestTemplate
2025-05-19 15:15:28.360 [SpringApplicationShutdownHook] WARN  com.alibaba.nacos.client.naming - [NamingHttpClientManager] Destruction of the end
2025-05-19 15:15:28.360 [SpringApplicationShutdownHook] INFO  com.alibaba.nacos.client.naming - com.alibaba.nacos.client.naming.core.ServerListManager do shutdown stop
2025-05-19 15:15:28.360 [SpringApplicationShutdownHook] INFO  com.alibaba.nacos.client.naming - com.alibaba.nacos.client.naming.remote.http.NamingHttpClientProxy do shutdown begin
2025-05-19 15:15:28.360 [SpringApplicationShutdownHook] WARN  com.alibaba.nacos.client.naming - [NamingHttpClientManager] Start destroying NacosRestTemplate
2025-05-19 15:15:28.360 [SpringApplicationShutdownHook] WARN  com.alibaba.nacos.client.naming - [NamingHttpClientManager] Destruction of the end
2025-05-19 15:15:28.360 [SpringApplicationShutdownHook] INFO  com.alibaba.nacos.client.naming - com.alibaba.nacos.client.naming.remote.http.NamingHttpClientProxy do shutdown stop
2025-05-19 15:15:28.360 [SpringApplicationShutdownHook] INFO  com.alibaba.nacos.common.remote.client - Shutdown rpc client, set status to shutdown
2025-05-19 15:15:28.360 [SpringApplicationShutdownHook] INFO  com.alibaba.nacos.common.remote.client - Shutdown client event executor java.util.concurrent.ScheduledThreadPoolExecutor@d7d2a66[Running, pool size = 2, active threads = 2, queued tasks = 0, completed tasks = 0]
2025-05-19 15:15:28.360 [SpringApplicationShutdownHook] INFO  com.alibaba.nacos.common.remote.client - Close current connection 1747635363348_172.17.0.1_56358
2025-05-19 15:15:28.362 [nacos-grpc-client-executor-127.0.0.1-734] INFO  c.a.nacos.common.remote.client.grpc.GrpcClient - [1747635363348_172.17.0.1_56358]Ignore complete event,isRunning:false,isAbandon=false
2025-05-19 15:15:28.363 [SpringApplicationShutdownHook] INFO  c.a.nacos.common.remote.client.grpc.GrpcClient - Shutdown grpc executor java.util.concurrent.ThreadPoolExecutor@76da1e62[Running, pool size = 4, active threads = 0, queued tasks = 0, completed tasks = 735]
2025-05-19 15:15:28.363 [SpringApplicationShutdownHook] INFO  com.alibaba.nacos.client.naming - Shutdown grpc redo service executor java.util.concurrent.ScheduledThreadPoolExecutor@67430b07[Running, pool size = 1, active threads = 0, queued tasks = 1, completed tasks = 1185]
2025-05-19 15:15:28.363 [SpringApplicationShutdownHook] INFO  c.a.n.client.auth.ram.identify.CredentialWatcher - [null] CredentialWatcher is stopped
2025-05-19 15:15:28.363 [SpringApplicationShutdownHook] INFO  c.a.n.client.auth.ram.identify.CredentialService - [null] CredentialService is freed
2025-05-19 15:15:28.363 [SpringApplicationShutdownHook] INFO  com.alibaba.nacos.client.naming - com.alibaba.nacos.client.naming.remote.NamingClientProxyDelegate do shutdown stop
2025-05-19 15:15:28.480 [SpringApplicationShutdownHook] INFO  com.alibaba.druid.pool.DruidDataSource - {dataSource-1} closing ...
2025-05-19 15:15:28.482 [SpringApplicationShutdownHook] INFO  com.alibaba.druid.pool.DruidDataSource - {dataSource-1} closed
2025-05-19 15:15:30.374 [main] WARN  com.alibaba.nacos.client.logging.NacosLogging - Load Logback Configuration of Nacos fail, message: Could not initialize Logback Nacos logging from classpath:nacos-logback.xml
2025-05-19 15:15:30.408 [main] WARN  com.alibaba.nacos.client.logging.NacosLogging - Load Logback Configuration of Nacos fail, message: Could not initialize Logback Nacos logging from classpath:nacos-logback.xml
2025-05-19 15:15:30.535 [main] WARN  com.alibaba.nacos.client.logging.NacosLogging - Load Logback Configuration of Nacos fail, message: Could not initialize Logback Nacos logging from classpath:nacos-logback.xml
2025-05-19 15:15:30.536 [main] INFO  com.alibaba.nacos.client.utils.ParamUtil - [settings] [req-serv] nacos-server port:8848
2025-05-19 15:15:30.536 [main] INFO  com.alibaba.nacos.client.utils.ParamUtil - [settings] [http-client] connect timeout:1000
2025-05-19 15:15:30.537 [main] INFO  com.alibaba.nacos.client.utils.ParamUtil - PER_TASK_CONFIG_SIZE: 3000.0
2025-05-19 15:15:30.557 [main] INFO  c.a.n.p.auth.spi.client.ClientAuthPluginManager - [ClientAuthPluginManager] Load ClientAuthService com.alibaba.nacos.client.auth.impl.NacosClientAuthServiceImpl success.
2025-05-19 15:15:30.557 [main] INFO  c.a.n.p.auth.spi.client.ClientAuthPluginManager - [ClientAuthPluginManager] Load ClientAuthService com.alibaba.nacos.client.auth.ram.RamClientAuthServiceImpl success.
2025-05-19 15:15:30.559 [main] INFO  c.a.n.client.auth.ram.identify.CredentialWatcher - null No credential found
2025-05-19 15:15:30.800 [main] WARN  com.alibaba.nacos.client.logging.NacosLogging - Load Logback Configuration of Nacos fail, message: Could not initialize Logback Nacos logging from classpath:nacos-logback.xml
2025-05-19 15:15:30.808 [main] INFO  c.a.n.client.config.impl.LocalConfigInfoProcessor - LOCAL_SNAPSHOT_PATH:C:\Users\Administrator\nacos\config
2025-05-19 15:15:30.810 [main] INFO  com.alibaba.nacos.common.remote.client - [RpcClientFactory] create a new rpc client of 655c4ec1-aff3-4764-8a57-ef280a093248_config-0
2025-05-19 15:15:30.821 [main] INFO  com.alibaba.nacos.common.remote.client - [655c4ec1-aff3-4764-8a57-ef280a093248_config-0] Register server push request handler:com.alibaba.nacos.client.config.impl.ClientWorker$ConfigRpcTransportClient$$Lambda$584/0x000002071936fa68
2025-05-19 15:15:30.821 [main] INFO  com.alibaba.nacos.common.remote.client - [655c4ec1-aff3-4764-8a57-ef280a093248_config-0] Register server push request handler:com.alibaba.nacos.client.config.impl.ClientWorker$ConfigRpcTransportClient$$Lambda$585/0x0000020719370000
2025-05-19 15:15:30.821 [main] INFO  com.alibaba.nacos.common.remote.client - [655c4ec1-aff3-4764-8a57-ef280a093248_config-0] Registry connection listener to current client:com.alibaba.nacos.client.config.impl.ClientWorker$ConfigRpcTransportClient$1
2025-05-19 15:15:30.821 [main] INFO  com.alibaba.nacos.common.remote.client - [655c4ec1-aff3-4764-8a57-ef280a093248_config-0] RpcClient init, ServerListFactory = com.alibaba.nacos.client.config.impl.ClientWorker$ConfigRpcTransportClient$2
2025-05-19 15:15:30.826 [main] INFO  com.alibaba.nacos.common.remote.client - [655c4ec1-aff3-4764-8a57-ef280a093248_config-0] Try to connect to server on start up, server: {serverIp = '127.0.0.1', server main port = 8848}
2025-05-19 15:15:30.847 [main] INFO  c.a.nacos.common.remote.client.grpc.GrpcClient - grpc client connection server:127.0.0.1 ip,serverPort:9848,grpcTslConfig:{"sslProvider":"OPENSSL","enableTls":false,"mutualAuthEnable":false,"trustAll":false}
2025-05-19 15:15:31.572 [main] INFO  com.alibaba.nacos.common.remote.client - [655c4ec1-aff3-4764-8a57-ef280a093248_config-0] Success to connect to server [127.0.0.1:8848] on start up, connectionId = 1747638931405_172.17.0.1_56846
2025-05-19 15:15:31.572 [com.alibaba.nacos.client.remote.worker] INFO  com.alibaba.nacos.common.remote.client - [655c4ec1-aff3-4764-8a57-ef280a093248_config-0] Notify connected event to listeners.
2025-05-19 15:15:31.572 [com.alibaba.nacos.client.remote.worker] INFO  com.alibaba.nacos.client.config.impl.ClientWorker - [655c4ec1-aff3-4764-8a57-ef280a093248_config-0] Connected,notify listen context...
2025-05-19 15:15:31.573 [main] INFO  com.alibaba.nacos.common.remote.client - [655c4ec1-aff3-4764-8a57-ef280a093248_config-0] Register server push request handler:com.alibaba.nacos.common.remote.client.RpcClient$ConnectResetRequestHandler
2025-05-19 15:15:31.573 [main] INFO  com.alibaba.nacos.common.remote.client - [655c4ec1-aff3-4764-8a57-ef280a093248_config-0] Register server push request handler:com.alibaba.nacos.common.remote.client.RpcClient$$Lambda$605/0x00000207194d76d8
2025-05-19 15:15:31.609 [main] INFO  com.alibaba.nacos.client.config.impl.Limiter - limitTime:5.0
2025-05-19 15:15:31.624 [main] INFO  com.alibaba.nacos.client.config.utils.JvmUtil - isMultiInstance:false
2025-05-19 15:15:31.633 [main] WARN  c.a.cloud.nacos.client.NacosPropertySourceBuilder - Ignore the empty nacos configuration and get it based on dataId[rxs-auth.yaml] & group[DEFAULT_GROUP]
2025-05-19 15:15:31.640 [main] INFO  o.s.c.b.c.PropertySourceBootstrapConfiguration - Located property source: [BootstrapPropertySource {name='bootstrapProperties-rxs-auth-dev.yaml,DEFAULT_GROUP'}, BootstrapPropertySource {name='bootstrapProperties-rxs-auth.yaml,DEFAULT_GROUP'}, BootstrapPropertySource {name='bootstrapProperties-rxs-auth,DEFAULT_GROUP'}]
2025-05-19 15:15:31.654 [main] WARN  com.alibaba.nacos.client.logging.NacosLogging - Load Logback Configuration of Nacos fail, message: Could not initialize Logback Nacos logging from classpath:nacos-logback.xml
2025-05-19 15:15:31.655 [main] INFO  com.xdurxs.rxs.auth.RxsAuthApplication - The following 1 profile is active: "dev"
2025-05-19 15:15:32.045 [main] INFO  o.s.d.r.config.RepositoryConfigurationDelegate - Multiple Spring Data modules found, entering strict repository configuration mode
2025-05-19 15:15:32.047 [main] INFO  o.s.d.r.config.RepositoryConfigurationDelegate - Bootstrapping Spring Data Redis repositories in DEFAULT mode.
2025-05-19 15:15:32.071 [main] INFO  o.s.d.r.config.RepositoryConfigurationDelegate - Finished Spring Data repository scanning in 6 ms. Found 0 Redis repository interfaces.
2025-05-19 15:15:32.165 [main] INFO  o.springframework.cloud.context.scope.GenericScope - BeanFactory id=4b446290-eab0-3e03-8ad9-be7ba8ad87da
2025-05-19 15:15:32.482 [main] INFO  o.s.boot.web.embedded.tomcat.TomcatWebServer - Tomcat initialized with port(s): 8080 (http)
2025-05-19 15:15:32.488 [main] INFO  org.apache.catalina.core.StandardService - Starting service [Tomcat]
2025-05-19 15:15:32.488 [main] INFO  org.apache.catalina.core.StandardEngine - Starting Servlet engine: [Apache Tomcat/10.1.5]
2025-05-19 15:15:32.527 [main] INFO  o.a.c.core.ContainerBase.[Tomcat].[localhost].[/] - Initializing Spring embedded WebApplicationContext
2025-05-19 15:15:32.527 [main] INFO  o.s.b.w.s.c.ServletWebServerApplicationContext - Root WebApplicationContext: initialization completed in 863 ms
2025-05-19 15:15:32.598 [main] INFO  c.a.d.s.b.a.DruidDataSourceAutoConfigure - Init DruidDataSource
2025-05-19 15:15:32.780 [main] INFO  com.alibaba.druid.pool.DruidDataSource - {dataSource-1} inited
2025-05-19 15:15:35.871 [main] INFO  o.s.boot.web.embedded.tomcat.TomcatWebServer - Tomcat started on port(s): 8080 (http) with context path ''
2025-05-19 15:15:35.874 [main] INFO  com.alibaba.nacos.client.naming - initializer namespace from ans.namespace attribute : null
2025-05-19 15:15:35.874 [main] INFO  com.alibaba.nacos.client.naming - initializer namespace from ALIBABA_ALIWARE_NAMESPACE attribute :null
2025-05-19 15:15:35.874 [main] INFO  com.alibaba.nacos.client.naming - initializer namespace from namespace attribute :null
2025-05-19 15:15:35.880 [main] INFO  c.a.n.p.auth.spi.client.ClientAuthPluginManager - [ClientAuthPluginManager] Load ClientAuthService com.alibaba.nacos.client.auth.impl.NacosClientAuthServiceImpl success.
2025-05-19 15:15:35.880 [main] INFO  c.a.n.p.auth.spi.client.ClientAuthPluginManager - [ClientAuthPluginManager] Load ClientAuthService com.alibaba.nacos.client.auth.ram.RamClientAuthServiceImpl success.
2025-05-19 15:15:35.882 [main] INFO  com.alibaba.nacos.common.remote.client - [RpcClientFactory] create a new rpc client of 1f6c7143-7b89-4bba-ab21-9d4475edf1ae
2025-05-19 15:15:35.883 [main] INFO  com.alibaba.nacos.common.remote.client - [1f6c7143-7b89-4bba-ab21-9d4475edf1ae] RpcClient init, ServerListFactory = com.alibaba.nacos.client.naming.core.ServerListManager
2025-05-19 15:15:35.883 [main] INFO  com.alibaba.nacos.common.remote.client - [1f6c7143-7b89-4bba-ab21-9d4475edf1ae] Registry connection listener to current client:com.alibaba.nacos.client.naming.remote.gprc.redo.NamingGrpcRedoService
2025-05-19 15:15:35.883 [main] INFO  com.alibaba.nacos.common.remote.client - [1f6c7143-7b89-4bba-ab21-9d4475edf1ae] Register server push request handler:com.alibaba.nacos.client.naming.remote.gprc.NamingPushRequestHandler
2025-05-19 15:15:35.884 [main] INFO  com.alibaba.nacos.common.remote.client - [1f6c7143-7b89-4bba-ab21-9d4475edf1ae] Try to connect to server on start up, server: {serverIp = '127.0.0.1', server main port = 8848}
2025-05-19 15:15:35.884 [main] INFO  c.a.nacos.common.remote.client.grpc.GrpcClient - grpc client connection server:127.0.0.1 ip,serverPort:9848,grpcTslConfig:{"sslProvider":"OPENSSL","enableTls":false,"mutualAuthEnable":false,"trustAll":false}
2025-05-19 15:15:36.004 [main] INFO  com.alibaba.nacos.common.remote.client - [1f6c7143-7b89-4bba-ab21-9d4475edf1ae] Success to connect to server [127.0.0.1:8848] on start up, connectionId = 1747638935889_172.17.0.1_56852
2025-05-19 15:15:36.004 [main] INFO  com.alibaba.nacos.common.remote.client - [1f6c7143-7b89-4bba-ab21-9d4475edf1ae] Register server push request handler:com.alibaba.nacos.common.remote.client.RpcClient$ConnectResetRequestHandler
2025-05-19 15:15:36.004 [main] INFO  com.alibaba.nacos.common.remote.client - [1f6c7143-7b89-4bba-ab21-9d4475edf1ae] Register server push request handler:com.alibaba.nacos.common.remote.client.RpcClient$$Lambda$605/0x00000207194d76d8
2025-05-19 15:15:36.004 [com.alibaba.nacos.client.remote.worker] INFO  com.alibaba.nacos.common.remote.client - [1f6c7143-7b89-4bba-ab21-9d4475edf1ae] Notify connected event to listeners.
2025-05-19 15:15:36.005 [com.alibaba.nacos.client.remote.worker] INFO  com.alibaba.nacos.client.naming - Grpc connection connect
2025-05-19 15:15:36.007 [main] INFO  com.alibaba.nacos.client.naming - [REGISTER-SERVICE] ruixiaosi registering service rxs-auth with instance Instance{instanceId='null', ip='172.22.176.1', port=8080, weight=1.0, healthy=true, enabled=true, ephemeral=true, clusterName='DEFAULT', serviceName='null', metadata={IPv6=[2001:250:1006:aaaa:0:0:0:351e], preserved.register.source=SPRING_CLOUD}}
2025-05-19 15:15:36.021 [main] INFO  c.a.cloud.nacos.registry.NacosServiceRegistry - nacos registry, DEFAULT_GROUP rxs-auth 172.22.176.1:8080 register finished
2025-05-19 15:15:36.212 [main] INFO  com.xdurxs.rxs.auth.RxsAuthApplication - Started RxsAuthApplication in 6.32 seconds (process running for 6.692)
2025-05-19 15:15:36.212 [main] INFO  c.x.r.auth.runner.PushRolePermissions2RedisRunner - ==> 服务启动，开始同步角色权限数据到 Redis 中...
2025-05-19 15:15:36.492 [main] WARN  c.x.r.auth.runner.PushRolePermissions2RedisRunner - ==> 角色权限数据已经同步至 Redis 中，不再同步...
2025-05-19 15:15:36.494 [main] INFO  com.alibaba.nacos.client.config.impl.CacheData - nacos.cache.data.init.snapshot = true 
2025-05-19 15:15:36.494 [main] INFO  com.alibaba.nacos.client.config.impl.ClientWorker - [fixed-ruixiaosi-127.0.0.1_8848] [subscribe] rxs-auth.yaml+DEFAULT_GROUP+ruixiaosi
2025-05-19 15:15:36.499 [main] INFO  com.alibaba.nacos.client.config.impl.CacheData - [fixed-ruixiaosi-127.0.0.1_8848] [add-listener] ok, tenant=ruixiaosi, dataId=rxs-auth.yaml, group=DEFAULT_GROUP, cnt=1
2025-05-19 15:15:36.499 [main] INFO  c.a.cloud.nacos.refresh.NacosContextRefresher - [Nacos Config] Listening config: dataId=rxs-auth.yaml, group=DEFAULT_GROUP
2025-05-19 15:15:36.500 [main] INFO  com.alibaba.nacos.client.config.impl.ClientWorker - [fixed-ruixiaosi-127.0.0.1_8848] [subscribe] rxs-auth-dev.yaml+DEFAULT_GROUP+ruixiaosi
2025-05-19 15:15:36.500 [main] INFO  com.alibaba.nacos.client.config.impl.CacheData - [fixed-ruixiaosi-127.0.0.1_8848] [add-listener] ok, tenant=ruixiaosi, dataId=rxs-auth-dev.yaml, group=DEFAULT_GROUP, cnt=1
2025-05-19 15:15:36.500 [main] INFO  c.a.cloud.nacos.refresh.NacosContextRefresher - [Nacos Config] Listening config: dataId=rxs-auth-dev.yaml, group=DEFAULT_GROUP
2025-05-19 15:15:36.500 [main] INFO  com.alibaba.nacos.client.config.impl.ClientWorker - [fixed-ruixiaosi-127.0.0.1_8848] [subscribe] rxs-auth+DEFAULT_GROUP+ruixiaosi
2025-05-19 15:15:36.500 [main] INFO  com.alibaba.nacos.client.config.impl.CacheData - [fixed-ruixiaosi-127.0.0.1_8848] [add-listener] ok, tenant=ruixiaosi, dataId=rxs-auth, group=DEFAULT_GROUP, cnt=1
2025-05-19 15:15:36.500 [main] INFO  c.a.cloud.nacos.refresh.NacosContextRefresher - [Nacos Config] Listening config: dataId=rxs-auth, group=DEFAULT_GROUP
2025-05-19 15:16:33.635 [http-nio-8080-exec-2] INFO  o.a.c.core.ContainerBase.[Tomcat].[localhost].[/] - Initializing Spring DispatcherServlet 'dispatcherServlet'
2025-05-19 15:16:33.636 [http-nio-8080-exec-2] INFO  org.springframework.web.servlet.DispatcherServlet - Initializing Servlet 'dispatcherServlet'
2025-05-19 15:16:33.637 [http-nio-8080-exec-2] INFO  org.springframework.web.servlet.DispatcherServlet - Completed initialization in 1 ms
2025-05-19 15:16:33.699 [http-nio-8080-exec-2] INFO  c.x.f.b.operationlog.aspect.ApiOperationLogAspect - ====== 请求开始: [发送短信验证码], 入参: {"phone":"15335932301"}, 请求类: VerificationCodeController, 请求方法: send =================================== 
2025-05-19 15:16:33.707 [http-nio-8080-exec-2] INFO  c.x.r.a.service.impl.VerificationCodeServiceImpl - ==> 手机号: 15335932301, 已发送验证码：【040820】
2025-05-19 15:16:33.710 [http-nio-8080-exec-2] INFO  c.x.f.b.operationlog.aspect.ApiOperationLogAspect - ====== 请求结束: [发送短信验证码], 耗时: 11ms, 出参: {"success":true,"message":null,"errorCode":null,"data":null} =================================== 
2025-05-19 15:16:57.918 [http-nio-8080-exec-3] INFO  c.x.f.b.operationlog.aspect.ApiOperationLogAspect - ====== 请求开始: [用户登录/注册], 入参: {"phone":"15335932301","code":"040820","password":null,"type":1}, 请求类: UserController, 请求方法: loginAndRegister =================================== 
2025-05-19 15:16:57.939 [http-nio-8080-exec-3] DEBUG c.x.r.a.domain.mapper.UserDOMapper.selectByPhone - ==>  Preparing: select id,password from t_user where phone = ?
2025-05-19 15:16:58.041 [http-nio-8080-exec-3] DEBUG c.x.r.a.domain.mapper.UserDOMapper.selectByPhone - ==> Parameters: 15335932301(String)
2025-05-19 15:16:58.055 [http-nio-8080-exec-3] DEBUG c.x.r.a.domain.mapper.UserDOMapper.selectByPhone - <==      Total: 1
2025-05-19 15:16:58.058 [http-nio-8080-exec-3] INFO  com.xdurxs.rxs.auth.service.impl.UserServiceImpl - ==> 用户是否注册, phone: 15335932301, userDO: {"id":1,"xiaohashuId":null,"password":null,"nickname":null,"avatar":null,"birthday":null,"backgroundImg":null,"phone":null,"sex":null,"status":null,"introduction":null,"createTime":null,"updateTime":null,"isDeleted":null}
2025-05-19 15:16:58.101 [http-nio-8080-exec-3] INFO  c.x.f.b.operationlog.aspect.ApiOperationLogAspect - ====== 请求结束: [用户登录/注册], 耗时: 184ms, 出参: {"success":true,"message":null,"errorCode":null,"data":"531a84b7-76bb-4273-b398-b8547dd5ab89"} =================================== 
2025-05-19 16:06:27.242 [Thread-9] WARN  com.alibaba.nacos.common.notify.NotifyCenter - [NotifyCenter] Start destroying Publisher
2025-05-19 16:06:27.242 [Thread-2] WARN  c.alibaba.nacos.common.http.HttpClientBeanHolder - [HttpClientBeanHolder] Start destroying common HttpClient
2025-05-19 16:06:27.243 [Thread-9] WARN  com.alibaba.nacos.common.notify.NotifyCenter - [NotifyCenter] Destruction of the end
2025-05-19 16:06:27.243 [Thread-2] WARN  c.alibaba.nacos.common.http.HttpClientBeanHolder - [HttpClientBeanHolder] Destruction of the end
2025-05-19 16:06:27.297 [SpringApplicationShutdownHook] INFO  c.a.cloud.nacos.registry.NacosServiceRegistry - De-registering from Nacos Server now...
2025-05-19 16:06:27.298 [SpringApplicationShutdownHook] INFO  com.alibaba.nacos.client.naming - [DEREGISTER-SERVICE] ruixiaosi deregistering service rxs-auth with instance: Instance{instanceId='null', ip='172.22.176.1', port=8080, weight=1.0, healthy=true, enabled=true, ephemeral=true, clusterName='DEFAULT', serviceName='null', metadata={}}
2025-05-19 16:06:27.301 [SpringApplicationShutdownHook] INFO  c.a.cloud.nacos.registry.NacosServiceRegistry - De-registration finished.
2025-05-19 16:06:27.301 [SpringApplicationShutdownHook] INFO  com.alibaba.nacos.client.naming - com.alibaba.nacos.client.naming.cache.ServiceInfoHolder do shutdown begin
2025-05-19 16:06:27.302 [SpringApplicationShutdownHook] INFO  com.alibaba.nacos.client.naming - com.alibaba.nacos.client.naming.backups.FailoverReactor do shutdown begin
2025-05-19 16:06:27.302 [SpringApplicationShutdownHook] INFO  com.alibaba.nacos.client.naming - com.alibaba.nacos.client.naming.backups.FailoverReactor do shutdown stop
2025-05-19 16:06:27.302 [SpringApplicationShutdownHook] INFO  com.alibaba.nacos.client.naming - com.alibaba.nacos.client.naming.cache.ServiceInfoHolder do shutdown stop
2025-05-19 16:06:27.302 [SpringApplicationShutdownHook] INFO  com.alibaba.nacos.client.naming - com.alibaba.nacos.client.naming.remote.NamingClientProxyDelegate do shutdown begin
2025-05-19 16:06:27.302 [SpringApplicationShutdownHook] INFO  com.alibaba.nacos.client.naming - com.alibaba.nacos.client.naming.core.ServiceInfoUpdateService do shutdown begin
2025-05-19 16:06:27.302 [SpringApplicationShutdownHook] INFO  com.alibaba.nacos.client.naming - com.alibaba.nacos.client.naming.core.ServiceInfoUpdateService do shutdown stop
2025-05-19 16:06:27.302 [SpringApplicationShutdownHook] INFO  com.alibaba.nacos.client.naming - com.alibaba.nacos.client.naming.core.ServerListManager do shutdown begin
2025-05-19 16:06:27.302 [SpringApplicationShutdownHook] WARN  com.alibaba.nacos.client.naming - [NamingHttpClientManager] Start destroying NacosRestTemplate
2025-05-19 16:06:27.302 [SpringApplicationShutdownHook] WARN  com.alibaba.nacos.client.naming - [NamingHttpClientManager] Destruction of the end
2025-05-19 16:06:27.302 [SpringApplicationShutdownHook] INFO  com.alibaba.nacos.client.naming - com.alibaba.nacos.client.naming.core.ServerListManager do shutdown stop
2025-05-19 16:06:27.302 [SpringApplicationShutdownHook] INFO  com.alibaba.nacos.client.naming - com.alibaba.nacos.client.naming.remote.http.NamingHttpClientProxy do shutdown begin
2025-05-19 16:06:27.302 [SpringApplicationShutdownHook] WARN  com.alibaba.nacos.client.naming - [NamingHttpClientManager] Start destroying NacosRestTemplate
2025-05-19 16:06:27.302 [SpringApplicationShutdownHook] WARN  com.alibaba.nacos.client.naming - [NamingHttpClientManager] Destruction of the end
2025-05-19 16:06:27.302 [SpringApplicationShutdownHook] INFO  com.alibaba.nacos.client.naming - com.alibaba.nacos.client.naming.remote.http.NamingHttpClientProxy do shutdown stop
2025-05-19 16:06:27.302 [SpringApplicationShutdownHook] INFO  com.alibaba.nacos.common.remote.client - Shutdown rpc client, set status to shutdown
2025-05-19 16:06:27.302 [SpringApplicationShutdownHook] INFO  com.alibaba.nacos.common.remote.client - Shutdown client event executor java.util.concurrent.ScheduledThreadPoolExecutor@319f4037[Running, pool size = 2, active threads = 2, queued tasks = 0, completed tasks = 0]
2025-05-19 16:06:27.302 [SpringApplicationShutdownHook] INFO  com.alibaba.nacos.common.remote.client - Close current connection 1747638935889_172.17.0.1_56852
2025-05-19 16:06:27.304 [SpringApplicationShutdownHook] INFO  c.a.nacos.common.remote.client.grpc.GrpcClient - Shutdown grpc executor java.util.concurrent.ThreadPoolExecutor@5c2a6828[Running, pool size = 3, active threads = 0, queued tasks = 0, completed tasks = 636]
2025-05-19 16:06:27.305 [SpringApplicationShutdownHook] INFO  com.alibaba.nacos.client.naming - Shutdown grpc redo service executor java.util.concurrent.ScheduledThreadPoolExecutor@46e776c[Running, pool size = 1, active threads = 0, queued tasks = 1, completed tasks = 1014]
2025-05-19 16:06:27.305 [SpringApplicationShutdownHook] INFO  c.a.n.client.auth.ram.identify.CredentialWatcher - [null] CredentialWatcher is stopped
2025-05-19 16:06:27.305 [SpringApplicationShutdownHook] INFO  c.a.n.client.auth.ram.identify.CredentialService - [null] CredentialService is freed
2025-05-19 16:06:27.305 [SpringApplicationShutdownHook] INFO  com.alibaba.nacos.client.naming - com.alibaba.nacos.client.naming.remote.NamingClientProxyDelegate do shutdown stop
2025-05-19 16:06:27.430 [SpringApplicationShutdownHook] INFO  com.alibaba.druid.pool.DruidDataSource - {dataSource-1} closing ...
2025-05-19 16:06:27.431 [SpringApplicationShutdownHook] INFO  com.alibaba.druid.pool.DruidDataSource - {dataSource-1} closed
2025-05-19 16:06:30.540 [main] WARN  com.alibaba.nacos.client.logging.NacosLogging - Load Logback Configuration of Nacos fail, message: Could not initialize Logback Nacos logging from classpath:nacos-logback.xml
2025-05-19 16:06:30.574 [main] WARN  com.alibaba.nacos.client.logging.NacosLogging - Load Logback Configuration of Nacos fail, message: Could not initialize Logback Nacos logging from classpath:nacos-logback.xml
2025-05-19 16:06:30.706 [main] WARN  com.alibaba.nacos.client.logging.NacosLogging - Load Logback Configuration of Nacos fail, message: Could not initialize Logback Nacos logging from classpath:nacos-logback.xml
2025-05-19 16:06:30.707 [main] INFO  com.alibaba.nacos.client.utils.ParamUtil - [settings] [req-serv] nacos-server port:8848
2025-05-19 16:06:30.708 [main] INFO  com.alibaba.nacos.client.utils.ParamUtil - [settings] [http-client] connect timeout:1000
2025-05-19 16:06:30.709 [main] INFO  com.alibaba.nacos.client.utils.ParamUtil - PER_TASK_CONFIG_SIZE: 3000.0
2025-05-19 16:06:30.728 [main] INFO  c.a.n.p.auth.spi.client.ClientAuthPluginManager - [ClientAuthPluginManager] Load ClientAuthService com.alibaba.nacos.client.auth.impl.NacosClientAuthServiceImpl success.
2025-05-19 16:06:30.728 [main] INFO  c.a.n.p.auth.spi.client.ClientAuthPluginManager - [ClientAuthPluginManager] Load ClientAuthService com.alibaba.nacos.client.auth.ram.RamClientAuthServiceImpl success.
2025-05-19 16:06:30.730 [main] INFO  c.a.n.client.auth.ram.identify.CredentialWatcher - null No credential found
2025-05-19 16:06:30.972 [main] WARN  com.alibaba.nacos.client.logging.NacosLogging - Load Logback Configuration of Nacos fail, message: Could not initialize Logback Nacos logging from classpath:nacos-logback.xml
2025-05-19 16:06:30.980 [main] INFO  c.a.n.client.config.impl.LocalConfigInfoProcessor - LOCAL_SNAPSHOT_PATH:C:\Users\Administrator\nacos\config
2025-05-19 16:06:30.983 [main] INFO  com.alibaba.nacos.common.remote.client - [RpcClientFactory] create a new rpc client of c418918c-0671-4c16-a331-ed7334257c12_config-0
2025-05-19 16:06:30.993 [main] INFO  com.alibaba.nacos.common.remote.client - [c418918c-0671-4c16-a331-ed7334257c12_config-0] Register server push request handler:com.alibaba.nacos.client.config.impl.ClientWorker$ConfigRpcTransportClient$$Lambda$584/0x000001e4e836f200
2025-05-19 16:06:30.994 [main] INFO  com.alibaba.nacos.common.remote.client - [c418918c-0671-4c16-a331-ed7334257c12_config-0] Register server push request handler:com.alibaba.nacos.client.config.impl.ClientWorker$ConfigRpcTransportClient$$Lambda$585/0x000001e4e836f620
2025-05-19 16:06:30.994 [main] INFO  com.alibaba.nacos.common.remote.client - [c418918c-0671-4c16-a331-ed7334257c12_config-0] Registry connection listener to current client:com.alibaba.nacos.client.config.impl.ClientWorker$ConfigRpcTransportClient$1
2025-05-19 16:06:30.994 [main] INFO  com.alibaba.nacos.common.remote.client - [c418918c-0671-4c16-a331-ed7334257c12_config-0] RpcClient init, ServerListFactory = com.alibaba.nacos.client.config.impl.ClientWorker$ConfigRpcTransportClient$2
2025-05-19 16:06:31.000 [main] INFO  com.alibaba.nacos.common.remote.client - [c418918c-0671-4c16-a331-ed7334257c12_config-0] Try to connect to server on start up, server: {serverIp = '127.0.0.1', server main port = 8848}
2025-05-19 16:06:31.021 [main] INFO  c.a.nacos.common.remote.client.grpc.GrpcClient - grpc client connection server:127.0.0.1 ip,serverPort:9848,grpcTslConfig:{"sslProvider":"OPENSSL","enableTls":false,"mutualAuthEnable":false,"trustAll":false}
2025-05-19 16:06:31.727 [main] INFO  com.alibaba.nacos.common.remote.client - [c418918c-0671-4c16-a331-ed7334257c12_config-0] Success to connect to server [127.0.0.1:8848] on start up, connectionId = 1747641991570_172.17.0.1_36608
2025-05-19 16:06:31.728 [com.alibaba.nacos.client.remote.worker] INFO  com.alibaba.nacos.common.remote.client - [c418918c-0671-4c16-a331-ed7334257c12_config-0] Notify connected event to listeners.
2025-05-19 16:06:31.729 [main] INFO  com.alibaba.nacos.common.remote.client - [c418918c-0671-4c16-a331-ed7334257c12_config-0] Register server push request handler:com.alibaba.nacos.common.remote.client.RpcClient$ConnectResetRequestHandler
2025-05-19 16:06:31.729 [com.alibaba.nacos.client.remote.worker] INFO  com.alibaba.nacos.client.config.impl.ClientWorker - [c418918c-0671-4c16-a331-ed7334257c12_config-0] Connected,notify listen context...
2025-05-19 16:06:31.730 [main] INFO  com.alibaba.nacos.common.remote.client - [c418918c-0671-4c16-a331-ed7334257c12_config-0] Register server push request handler:com.alibaba.nacos.common.remote.client.RpcClient$$Lambda$605/0x000001e4e84d6a28
2025-05-19 16:06:31.761 [main] INFO  com.alibaba.nacos.client.config.impl.Limiter - limitTime:5.0
2025-05-19 16:06:31.775 [main] INFO  com.alibaba.nacos.client.config.utils.JvmUtil - isMultiInstance:false
2025-05-19 16:06:31.784 [main] WARN  c.a.cloud.nacos.client.NacosPropertySourceBuilder - Ignore the empty nacos configuration and get it based on dataId[rxs-auth.yaml] & group[DEFAULT_GROUP]
2025-05-19 16:06:31.790 [main] INFO  o.s.c.b.c.PropertySourceBootstrapConfiguration - Located property source: [BootstrapPropertySource {name='bootstrapProperties-rxs-auth-dev.yaml,DEFAULT_GROUP'}, BootstrapPropertySource {name='bootstrapProperties-rxs-auth.yaml,DEFAULT_GROUP'}, BootstrapPropertySource {name='bootstrapProperties-rxs-auth,DEFAULT_GROUP'}]
2025-05-19 16:06:31.802 [main] WARN  com.alibaba.nacos.client.logging.NacosLogging - Load Logback Configuration of Nacos fail, message: Could not initialize Logback Nacos logging from classpath:nacos-logback.xml
2025-05-19 16:06:31.802 [main] INFO  com.xdurxs.rxs.auth.RxsAuthApplication - The following 1 profile is active: "dev"
2025-05-19 16:06:32.151 [main] INFO  o.s.d.r.config.RepositoryConfigurationDelegate - Multiple Spring Data modules found, entering strict repository configuration mode
2025-05-19 16:06:32.154 [main] INFO  o.s.d.r.config.RepositoryConfigurationDelegate - Bootstrapping Spring Data Redis repositories in DEFAULT mode.
2025-05-19 16:06:32.177 [main] INFO  o.s.d.r.config.RepositoryConfigurationDelegate - Finished Spring Data repository scanning in 5 ms. Found 0 Redis repository interfaces.
2025-05-19 16:06:32.261 [main] INFO  o.springframework.cloud.context.scope.GenericScope - BeanFactory id=4b446290-eab0-3e03-8ad9-be7ba8ad87da
2025-05-19 16:06:32.558 [main] INFO  o.s.boot.web.embedded.tomcat.TomcatWebServer - Tomcat initialized with port(s): 8080 (http)
2025-05-19 16:06:32.565 [main] INFO  org.apache.catalina.core.StandardService - Starting service [Tomcat]
2025-05-19 16:06:32.565 [main] INFO  org.apache.catalina.core.StandardEngine - Starting Servlet engine: [Apache Tomcat/10.1.5]
2025-05-19 16:06:32.606 [main] INFO  o.a.c.core.ContainerBase.[Tomcat].[localhost].[/] - Initializing Spring embedded WebApplicationContext
2025-05-19 16:06:32.606 [main] INFO  o.s.b.w.s.c.ServletWebServerApplicationContext - Root WebApplicationContext: initialization completed in 796 ms
2025-05-19 16:06:32.666 [main] INFO  c.a.d.s.b.a.DruidDataSourceAutoConfigure - Init DruidDataSource
2025-05-19 16:06:32.852 [main] INFO  com.alibaba.druid.pool.DruidDataSource - {dataSource-1} inited
2025-05-19 16:06:35.911 [main] INFO  o.s.boot.web.embedded.tomcat.TomcatWebServer - Tomcat started on port(s): 8080 (http) with context path ''
2025-05-19 16:06:35.914 [main] INFO  com.alibaba.nacos.client.naming - initializer namespace from ans.namespace attribute : null
2025-05-19 16:06:35.915 [main] INFO  com.alibaba.nacos.client.naming - initializer namespace from ALIBABA_ALIWARE_NAMESPACE attribute :null
2025-05-19 16:06:35.915 [main] INFO  com.alibaba.nacos.client.naming - initializer namespace from namespace attribute :null
2025-05-19 16:06:35.920 [main] INFO  c.a.n.p.auth.spi.client.ClientAuthPluginManager - [ClientAuthPluginManager] Load ClientAuthService com.alibaba.nacos.client.auth.impl.NacosClientAuthServiceImpl success.
2025-05-19 16:06:35.920 [main] INFO  c.a.n.p.auth.spi.client.ClientAuthPluginManager - [ClientAuthPluginManager] Load ClientAuthService com.alibaba.nacos.client.auth.ram.RamClientAuthServiceImpl success.
2025-05-19 16:06:35.922 [main] INFO  com.alibaba.nacos.common.remote.client - [RpcClientFactory] create a new rpc client of 7ad2d87e-e3fe-484f-95f8-f8d2241535de
2025-05-19 16:06:35.923 [main] INFO  com.alibaba.nacos.common.remote.client - [7ad2d87e-e3fe-484f-95f8-f8d2241535de] RpcClient init, ServerListFactory = com.alibaba.nacos.client.naming.core.ServerListManager
2025-05-19 16:06:35.923 [main] INFO  com.alibaba.nacos.common.remote.client - [7ad2d87e-e3fe-484f-95f8-f8d2241535de] Registry connection listener to current client:com.alibaba.nacos.client.naming.remote.gprc.redo.NamingGrpcRedoService
2025-05-19 16:06:35.924 [main] INFO  com.alibaba.nacos.common.remote.client - [7ad2d87e-e3fe-484f-95f8-f8d2241535de] Register server push request handler:com.alibaba.nacos.client.naming.remote.gprc.NamingPushRequestHandler
2025-05-19 16:06:35.924 [main] INFO  com.alibaba.nacos.common.remote.client - [7ad2d87e-e3fe-484f-95f8-f8d2241535de] Try to connect to server on start up, server: {serverIp = '127.0.0.1', server main port = 8848}
2025-05-19 16:06:35.924 [main] INFO  c.a.nacos.common.remote.client.grpc.GrpcClient - grpc client connection server:127.0.0.1 ip,serverPort:9848,grpcTslConfig:{"sslProvider":"OPENSSL","enableTls":false,"mutualAuthEnable":false,"trustAll":false}
2025-05-19 16:06:36.035 [main] INFO  com.alibaba.nacos.common.remote.client - [7ad2d87e-e3fe-484f-95f8-f8d2241535de] Success to connect to server [127.0.0.1:8848] on start up, connectionId = 1747641995930_172.17.0.1_60008
2025-05-19 16:06:36.035 [main] INFO  com.alibaba.nacos.common.remote.client - [7ad2d87e-e3fe-484f-95f8-f8d2241535de] Register server push request handler:com.alibaba.nacos.common.remote.client.RpcClient$ConnectResetRequestHandler
2025-05-19 16:06:36.035 [main] INFO  com.alibaba.nacos.common.remote.client - [7ad2d87e-e3fe-484f-95f8-f8d2241535de] Register server push request handler:com.alibaba.nacos.common.remote.client.RpcClient$$Lambda$605/0x000001e4e84d6a28
2025-05-19 16:06:36.035 [com.alibaba.nacos.client.remote.worker] INFO  com.alibaba.nacos.common.remote.client - [7ad2d87e-e3fe-484f-95f8-f8d2241535de] Notify connected event to listeners.
2025-05-19 16:06:36.035 [com.alibaba.nacos.client.remote.worker] INFO  com.alibaba.nacos.client.naming - Grpc connection connect
2025-05-19 16:06:36.036 [main] INFO  com.alibaba.nacos.client.naming - [REGISTER-SERVICE] ruixiaosi registering service rxs-auth with instance Instance{instanceId='null', ip='172.22.176.1', port=8080, weight=1.0, healthy=true, enabled=true, ephemeral=true, clusterName='DEFAULT', serviceName='null', metadata={IPv6=[2001:250:1006:aaaa:0:0:0:351e], preserved.register.source=SPRING_CLOUD}}
2025-05-19 16:06:36.043 [main] INFO  c.a.cloud.nacos.registry.NacosServiceRegistry - nacos registry, DEFAULT_GROUP rxs-auth 172.22.176.1:8080 register finished
2025-05-19 16:06:36.238 [main] INFO  com.xdurxs.rxs.auth.RxsAuthApplication - Started RxsAuthApplication in 6.184 seconds (process running for 6.536)
2025-05-19 16:06:36.238 [main] INFO  c.x.r.auth.runner.PushRolePermissions2RedisRunner - ==> 服务启动，开始同步角色权限数据到 Redis 中...
2025-05-19 16:06:36.531 [main] WARN  c.x.r.auth.runner.PushRolePermissions2RedisRunner - ==> 角色权限数据已经同步至 Redis 中，不再同步...
2025-05-19 16:06:36.533 [main] INFO  com.alibaba.nacos.client.config.impl.CacheData - nacos.cache.data.init.snapshot = true 
2025-05-19 16:06:36.534 [main] INFO  com.alibaba.nacos.client.config.impl.ClientWorker - [fixed-ruixiaosi-127.0.0.1_8848] [subscribe] rxs-auth.yaml+DEFAULT_GROUP+ruixiaosi
2025-05-19 16:06:36.538 [main] INFO  com.alibaba.nacos.client.config.impl.CacheData - [fixed-ruixiaosi-127.0.0.1_8848] [add-listener] ok, tenant=ruixiaosi, dataId=rxs-auth.yaml, group=DEFAULT_GROUP, cnt=1
2025-05-19 16:06:36.538 [main] INFO  c.a.cloud.nacos.refresh.NacosContextRefresher - [Nacos Config] Listening config: dataId=rxs-auth.yaml, group=DEFAULT_GROUP
2025-05-19 16:06:36.539 [main] INFO  com.alibaba.nacos.client.config.impl.ClientWorker - [fixed-ruixiaosi-127.0.0.1_8848] [subscribe] rxs-auth-dev.yaml+DEFAULT_GROUP+ruixiaosi
2025-05-19 16:06:36.539 [main] INFO  com.alibaba.nacos.client.config.impl.CacheData - [fixed-ruixiaosi-127.0.0.1_8848] [add-listener] ok, tenant=ruixiaosi, dataId=rxs-auth-dev.yaml, group=DEFAULT_GROUP, cnt=1
2025-05-19 16:06:36.539 [main] INFO  c.a.cloud.nacos.refresh.NacosContextRefresher - [Nacos Config] Listening config: dataId=rxs-auth-dev.yaml, group=DEFAULT_GROUP
2025-05-19 16:06:36.540 [main] INFO  com.alibaba.nacos.client.config.impl.ClientWorker - [fixed-ruixiaosi-127.0.0.1_8848] [subscribe] rxs-auth+DEFAULT_GROUP+ruixiaosi
2025-05-19 16:06:36.540 [main] INFO  com.alibaba.nacos.client.config.impl.CacheData - [fixed-ruixiaosi-127.0.0.1_8848] [add-listener] ok, tenant=ruixiaosi, dataId=rxs-auth, group=DEFAULT_GROUP, cnt=1
2025-05-19 16:06:36.540 [main] INFO  c.a.cloud.nacos.refresh.NacosContextRefresher - [Nacos Config] Listening config: dataId=rxs-auth, group=DEFAULT_GROUP
2025-05-19 16:06:43.138 [http-nio-8080-exec-2] INFO  o.a.c.core.ContainerBase.[Tomcat].[localhost].[/] - Initializing Spring DispatcherServlet 'dispatcherServlet'
2025-05-19 16:06:43.138 [http-nio-8080-exec-2] INFO  org.springframework.web.servlet.DispatcherServlet - Initializing Servlet 'dispatcherServlet'
2025-05-19 16:06:43.139 [http-nio-8080-exec-2] INFO  org.springframework.web.servlet.DispatcherServlet - Completed initialization in 1 ms
2025-05-19 16:06:43.199 [http-nio-8080-exec-2] INFO  c.x.f.b.operationlog.aspect.ApiOperationLogAspect - ====== 请求开始: [发送短信验证码], 入参: {"phone":"15335932301"}, 请求类: VerificationCodeController, 请求方法: send =================================== 
2025-05-19 16:06:43.205 [http-nio-8080-exec-2] INFO  c.x.r.a.service.impl.VerificationCodeServiceImpl - ==> 手机号: 15335932301, 已发送验证码：【781285】
2025-05-19 16:06:43.208 [http-nio-8080-exec-2] INFO  c.x.f.b.operationlog.aspect.ApiOperationLogAspect - ====== 请求结束: [发送短信验证码], 耗时: 9ms, 出参: {"success":true,"message":null,"errorCode":null,"data":null} =================================== 
2025-05-19 16:06:56.784 [http-nio-8080-exec-4] INFO  c.x.f.b.operationlog.aspect.ApiOperationLogAspect - ====== 请求开始: [用户登录/注册], 入参: {"phone":"15335932301","code":"781285","password":null,"type":1}, 请求类: UserController, 请求方法: loginAndRegister =================================== 
2025-05-19 16:06:56.803 [http-nio-8080-exec-4] DEBUG c.x.r.a.domain.mapper.UserDOMapper.selectByPhone - ==>  Preparing: select id,password from t_user where phone = ?
2025-05-19 16:06:56.909 [http-nio-8080-exec-4] DEBUG c.x.r.a.domain.mapper.UserDOMapper.selectByPhone - ==> Parameters: 15335932301(String)
2025-05-19 16:06:56.923 [http-nio-8080-exec-4] DEBUG c.x.r.a.domain.mapper.UserDOMapper.selectByPhone - <==      Total: 1
2025-05-19 16:06:56.926 [http-nio-8080-exec-4] INFO  com.xdurxs.rxs.auth.service.impl.UserServiceImpl - ==> 用户是否注册, phone: 15335932301, userDO: {"id":1,"xiaohashuId":null,"password":null,"nickname":null,"avatar":null,"birthday":null,"backgroundImg":null,"phone":null,"sex":null,"status":null,"introduction":null,"createTime":null,"updateTime":null,"isDeleted":null}
2025-05-19 16:06:56.926 [http-nio-8080-exec-4] DEBUG c.x.r.a.d.m.UserRoleDOMapper.selectByPrimaryKey - ==>  Preparing: select id, user_id, role_id, create_time, update_time, is_deleted from t_user_role_rel where id = ?
2025-05-19 16:06:56.927 [http-nio-8080-exec-4] DEBUG c.x.r.a.d.m.UserRoleDOMapper.selectByPrimaryKey - ==> Parameters: 1(Long)
2025-05-19 16:06:56.932 [http-nio-8080-exec-4] DEBUG c.x.r.a.d.m.UserRoleDOMapper.selectByPrimaryKey - <==      Total: 1
2025-05-19 16:06:56.935 [http-nio-8080-exec-4] DEBUG c.x.r.a.d.mapper.RoleDOMapper.selectByPrimaryKey - ==>  Preparing: select id, role_name, role_key, `status`, sort, remark, create_time, update_time, is_deleted from t_role where id = ?
2025-05-19 16:06:56.935 [http-nio-8080-exec-4] DEBUG c.x.r.a.d.mapper.RoleDOMapper.selectByPrimaryKey - ==> Parameters: 1(Long)
2025-05-19 16:06:56.937 [http-nio-8080-exec-4] DEBUG c.x.r.a.d.mapper.RoleDOMapper.selectByPrimaryKey - <==      Total: 1
2025-05-19 16:06:56.983 [http-nio-8080-exec-4] INFO  c.x.f.b.operationlog.aspect.ApiOperationLogAspect - ====== 请求结束: [用户登录/注册], 耗时: 200ms, 出参: {"success":true,"message":null,"errorCode":null,"data":"531a84b7-76bb-4273-b398-b8547dd5ab89"} =================================== 
2025-05-19 16:59:25.212 [http-nio-8080-exec-6] INFO  c.x.f.b.operationlog.aspect.ApiOperationLogAspect - ====== 请求开始: [账号登出], 入参: , 请求类: UserController, 请求方法: logout =================================== 
2025-05-19 16:59:25.212 [http-nio-8080-exec-6] INFO  c.x.f.b.operationlog.aspect.ApiOperationLogAspect - ====== 请求结束: [账号登出], 耗时: 0ms, 出参: {"success":true,"message":null,"errorCode":null,"data":null} =================================== 
2025-05-19 17:01:16.318 [http-nio-8080-exec-8] INFO  c.x.f.b.operationlog.aspect.ApiOperationLogAspect - ====== 请求开始: [账号登出], 入参: , 请求类: UserController, 请求方法: logout =================================== 
2025-05-19 17:01:16.318 [http-nio-8080-exec-8] INFO  c.x.f.b.operationlog.aspect.ApiOperationLogAspect - ====== 请求结束: [账号登出], 耗时: 0ms, 出参: {"success":true,"message":null,"errorCode":null,"data":null} =================================== 
2025-05-19 17:01:17.892 [http-nio-8080-exec-9] INFO  c.x.f.b.operationlog.aspect.ApiOperationLogAspect - ====== 请求开始: [账号登出], 入参: , 请求类: UserController, 请求方法: logout =================================== 
2025-05-19 17:01:17.892 [http-nio-8080-exec-9] INFO  c.x.f.b.operationlog.aspect.ApiOperationLogAspect - ====== 请求结束: [账号登出], 耗时: 0ms, 出参: {"success":true,"message":null,"errorCode":null,"data":null} =================================== 
2025-05-19 21:08:50.287 [http-nio-8080-exec-1] INFO  c.x.f.b.operationlog.aspect.ApiOperationLogAspect - ====== 请求开始: [账号登出], 入参: , 请求类: UserController, 请求方法: logout =================================== 
2025-05-19 21:08:50.288 [http-nio-8080-exec-1] INFO  c.x.f.b.operationlog.aspect.ApiOperationLogAspect - ====== 请求结束: [账号登出], 耗时: 1ms, 出参: {"success":true,"message":null,"errorCode":null,"data":null} =================================== 
2025-05-19 21:08:53.421 [http-nio-8080-exec-2] INFO  c.x.f.b.operationlog.aspect.ApiOperationLogAspect - ====== 请求开始: [账号登出], 入参: , 请求类: UserController, 请求方法: logout =================================== 
2025-05-19 21:08:53.421 [http-nio-8080-exec-2] INFO  c.x.f.b.operationlog.aspect.ApiOperationLogAspect - ====== 请求结束: [账号登出], 耗时: 0ms, 出参: {"success":true,"message":null,"errorCode":null,"data":null} =================================== 
