2025-05-26 11:15:25.156 [main] WARN  com.alibaba.nacos.client.logging.NacosLogging - Load Logback Configuration of Nacos fail, message: Could not initialize Logback Nacos logging from classpath:nacos-logback.xml
2025-05-26 11:15:25.192 [main] WARN  com.alibaba.nacos.client.logging.NacosLogging - Load Logback Configuration of Nacos fail, message: Could not initialize Logback Nacos logging from classpath:nacos-logback.xml
2025-05-26 11:15:25.330 [main] WARN  com.alibaba.nacos.client.logging.NacosLogging - Load Logback Configuration of Nacos fail, message: Could not initialize Logback Nacos logging from classpath:nacos-logback.xml
2025-05-26 11:15:25.332 [main] INFO  com.alibaba.nacos.client.utils.ParamUtil - [settings] [req-serv] nacos-server port:8848
2025-05-26 11:15:25.332 [main] INFO  com.alibaba.nacos.client.utils.ParamUtil - [settings] [http-client] connect timeout:1000
2025-05-26 11:15:25.333 [main] INFO  com.alibaba.nacos.client.utils.ParamUtil - PER_TASK_CONFIG_SIZE: 3000.0
2025-05-26 11:15:25.354 [main] INFO  c.a.n.p.auth.spi.client.ClientAuthPluginManager - [ClientAuthPluginManager] Load ClientAuthService com.alibaba.nacos.client.auth.impl.NacosClientAuthServiceImpl success.
2025-05-26 11:15:25.354 [main] INFO  c.a.n.p.auth.spi.client.ClientAuthPluginManager - [ClientAuthPluginManager] Load ClientAuthService com.alibaba.nacos.client.auth.ram.RamClientAuthServiceImpl success.
2025-05-26 11:15:25.356 [main] INFO  c.a.n.client.auth.ram.identify.CredentialWatcher - null No credential found
2025-05-26 11:15:25.597 [main] WARN  com.alibaba.nacos.client.logging.NacosLogging - Load Logback Configuration of Nacos fail, message: Could not initialize Logback Nacos logging from classpath:nacos-logback.xml
2025-05-26 11:15:25.605 [main] INFO  c.a.n.client.config.impl.LocalConfigInfoProcessor - LOCAL_SNAPSHOT_PATH:C:\Users\Administrator\nacos\config
2025-05-26 11:15:25.608 [main] INFO  com.alibaba.nacos.common.remote.client - [RpcClientFactory] create a new rpc client of 0e1761a8-20c6-40a9-8d4c-ac1a31261d24_config-0
2025-05-26 11:15:25.619 [main] INFO  com.alibaba.nacos.common.remote.client - [0e1761a8-20c6-40a9-8d4c-ac1a31261d24_config-0] Register server push request handler:com.alibaba.nacos.client.config.impl.ClientWorker$ConfigRpcTransportClient$$Lambda$584/0x0000018c6036f600
2025-05-26 11:15:25.619 [main] INFO  com.alibaba.nacos.common.remote.client - [0e1761a8-20c6-40a9-8d4c-ac1a31261d24_config-0] Register server push request handler:com.alibaba.nacos.client.config.impl.ClientWorker$ConfigRpcTransportClient$$Lambda$585/0x0000018c6036fa20
2025-05-26 11:15:25.619 [main] INFO  com.alibaba.nacos.common.remote.client - [0e1761a8-20c6-40a9-8d4c-ac1a31261d24_config-0] Registry connection listener to current client:com.alibaba.nacos.client.config.impl.ClientWorker$ConfigRpcTransportClient$1
2025-05-26 11:15:25.620 [main] INFO  com.alibaba.nacos.common.remote.client - [0e1761a8-20c6-40a9-8d4c-ac1a31261d24_config-0] RpcClient init, ServerListFactory = com.alibaba.nacos.client.config.impl.ClientWorker$ConfigRpcTransportClient$2
2025-05-26 11:15:25.625 [main] INFO  com.alibaba.nacos.common.remote.client - [0e1761a8-20c6-40a9-8d4c-ac1a31261d24_config-0] Try to connect to server on start up, server: {serverIp = '127.0.0.1', server main port = 8848}
2025-05-26 11:15:25.647 [main] INFO  c.a.nacos.common.remote.client.grpc.GrpcClient - grpc client connection server:127.0.0.1 ip,serverPort:9848,grpcTslConfig:{"sslProvider":"OPENSSL","enableTls":false,"mutualAuthEnable":false,"trustAll":false}
2025-05-26 11:15:26.383 [main] INFO  com.alibaba.nacos.common.remote.client - [0e1761a8-20c6-40a9-8d4c-ac1a31261d24_config-0] Success to connect to server [127.0.0.1:8848] on start up, connectionId = 1748229326220_172.17.0.1_46362
2025-05-26 11:15:26.384 [com.alibaba.nacos.client.remote.worker] INFO  com.alibaba.nacos.common.remote.client - [0e1761a8-20c6-40a9-8d4c-ac1a31261d24_config-0] Notify connected event to listeners.
2025-05-26 11:15:26.384 [com.alibaba.nacos.client.remote.worker] INFO  com.alibaba.nacos.client.config.impl.ClientWorker - [0e1761a8-20c6-40a9-8d4c-ac1a31261d24_config-0] Connected,notify listen context...
2025-05-26 11:15:26.384 [main] INFO  com.alibaba.nacos.common.remote.client - [0e1761a8-20c6-40a9-8d4c-ac1a31261d24_config-0] Register server push request handler:com.alibaba.nacos.common.remote.client.RpcClient$ConnectResetRequestHandler
2025-05-26 11:15:26.384 [main] INFO  com.alibaba.nacos.common.remote.client - [0e1761a8-20c6-40a9-8d4c-ac1a31261d24_config-0] Register server push request handler:com.alibaba.nacos.common.remote.client.RpcClient$$Lambda$605/0x0000018c604d51f0
2025-05-26 11:15:26.413 [main] INFO  com.alibaba.nacos.client.config.impl.Limiter - limitTime:5.0
2025-05-26 11:15:26.441 [main] INFO  com.alibaba.nacos.client.config.utils.JvmUtil - isMultiInstance:false
2025-05-26 11:15:26.454 [main] WARN  c.a.cloud.nacos.client.NacosPropertySourceBuilder - Ignore the empty nacos configuration and get it based on dataId[rxs-auth.yaml] & group[DEFAULT_GROUP]
2025-05-26 11:15:26.461 [main] INFO  o.s.c.b.c.PropertySourceBootstrapConfiguration - Located property source: [BootstrapPropertySource {name='bootstrapProperties-rxs-auth-dev.yaml,DEFAULT_GROUP'}, BootstrapPropertySource {name='bootstrapProperties-rxs-auth.yaml,DEFAULT_GROUP'}, BootstrapPropertySource {name='bootstrapProperties-rxs-auth,DEFAULT_GROUP'}]
2025-05-26 11:15:26.476 [main] WARN  com.alibaba.nacos.client.logging.NacosLogging - Load Logback Configuration of Nacos fail, message: Could not initialize Logback Nacos logging from classpath:nacos-logback.xml
2025-05-26 11:15:26.477 [main] INFO  com.xdurxs.rxs.auth.RxsAuthApplication - The following 1 profile is active: "dev"
2025-05-26 11:15:26.835 [main] INFO  o.s.d.r.config.RepositoryConfigurationDelegate - Multiple Spring Data modules found, entering strict repository configuration mode
2025-05-26 11:15:26.838 [main] INFO  o.s.d.r.config.RepositoryConfigurationDelegate - Bootstrapping Spring Data Redis repositories in DEFAULT mode.
2025-05-26 11:15:26.860 [main] INFO  o.s.d.r.config.RepositoryConfigurationDelegate - Finished Spring Data repository scanning in 7 ms. Found 0 Redis repository interfaces.
2025-05-26 11:15:26.945 [main] INFO  o.springframework.cloud.context.scope.GenericScope - BeanFactory id=11f45e1c-c5d5-3f52-8084-e80749633121
2025-05-26 11:15:27.259 [main] INFO  o.s.boot.web.embedded.tomcat.TomcatWebServer - Tomcat initialized with port(s): 8080 (http)
2025-05-26 11:15:27.265 [main] INFO  org.apache.catalina.core.StandardService - Starting service [Tomcat]
2025-05-26 11:15:27.265 [main] INFO  org.apache.catalina.core.StandardEngine - Starting Servlet engine: [Apache Tomcat/10.1.5]
2025-05-26 11:15:27.307 [main] INFO  o.a.c.core.ContainerBase.[Tomcat].[localhost].[/] - Initializing Spring embedded WebApplicationContext
2025-05-26 11:15:27.307 [main] INFO  o.s.b.w.s.c.ServletWebServerApplicationContext - Root WebApplicationContext: initialization completed in 821 ms
2025-05-26 11:15:27.373 [main] INFO  c.a.d.s.b.a.DruidDataSourceAutoConfigure - Init DruidDataSource
2025-05-26 11:15:27.565 [main] INFO  com.alibaba.druid.pool.DruidDataSource - {dataSource-1} inited
2025-05-26 11:15:28.612 [main] INFO  o.s.boot.web.embedded.tomcat.TomcatWebServer - Tomcat started on port(s): 8080 (http) with context path ''
2025-05-26 11:15:28.615 [main] INFO  com.alibaba.nacos.client.naming - initializer namespace from ans.namespace attribute : null
2025-05-26 11:15:28.615 [main] INFO  com.alibaba.nacos.client.naming - initializer namespace from ALIBABA_ALIWARE_NAMESPACE attribute :null
2025-05-26 11:15:28.616 [main] INFO  com.alibaba.nacos.client.naming - initializer namespace from namespace attribute :null
2025-05-26 11:15:28.621 [main] INFO  c.a.n.p.auth.spi.client.ClientAuthPluginManager - [ClientAuthPluginManager] Load ClientAuthService com.alibaba.nacos.client.auth.impl.NacosClientAuthServiceImpl success.
2025-05-26 11:15:28.621 [main] INFO  c.a.n.p.auth.spi.client.ClientAuthPluginManager - [ClientAuthPluginManager] Load ClientAuthService com.alibaba.nacos.client.auth.ram.RamClientAuthServiceImpl success.
2025-05-26 11:15:28.623 [main] INFO  com.alibaba.nacos.common.remote.client - [RpcClientFactory] create a new rpc client of 6cdd92c6-9267-429f-9db0-2fdc7b732c0b
2025-05-26 11:15:28.624 [main] INFO  com.alibaba.nacos.common.remote.client - [6cdd92c6-9267-429f-9db0-2fdc7b732c0b] RpcClient init, ServerListFactory = com.alibaba.nacos.client.naming.core.ServerListManager
2025-05-26 11:15:28.624 [main] INFO  com.alibaba.nacos.common.remote.client - [6cdd92c6-9267-429f-9db0-2fdc7b732c0b] Registry connection listener to current client:com.alibaba.nacos.client.naming.remote.gprc.redo.NamingGrpcRedoService
2025-05-26 11:15:28.625 [main] INFO  com.alibaba.nacos.common.remote.client - [6cdd92c6-9267-429f-9db0-2fdc7b732c0b] Register server push request handler:com.alibaba.nacos.client.naming.remote.gprc.NamingPushRequestHandler
2025-05-26 11:15:28.625 [main] INFO  com.alibaba.nacos.common.remote.client - [6cdd92c6-9267-429f-9db0-2fdc7b732c0b] Try to connect to server on start up, server: {serverIp = '127.0.0.1', server main port = 8848}
2025-05-26 11:15:28.625 [main] INFO  c.a.nacos.common.remote.client.grpc.GrpcClient - grpc client connection server:127.0.0.1 ip,serverPort:9848,grpcTslConfig:{"sslProvider":"OPENSSL","enableTls":false,"mutualAuthEnable":false,"trustAll":false}
2025-05-26 11:15:28.741 [main] INFO  com.alibaba.nacos.common.remote.client - [6cdd92c6-9267-429f-9db0-2fdc7b732c0b] Success to connect to server [127.0.0.1:8848] on start up, connectionId = 1748229328630_172.17.0.1_46364
2025-05-26 11:15:28.741 [main] INFO  com.alibaba.nacos.common.remote.client - [6cdd92c6-9267-429f-9db0-2fdc7b732c0b] Register server push request handler:com.alibaba.nacos.common.remote.client.RpcClient$ConnectResetRequestHandler
2025-05-26 11:15:28.741 [main] INFO  com.alibaba.nacos.common.remote.client - [6cdd92c6-9267-429f-9db0-2fdc7b732c0b] Register server push request handler:com.alibaba.nacos.common.remote.client.RpcClient$$Lambda$605/0x0000018c604d51f0
2025-05-26 11:15:28.741 [com.alibaba.nacos.client.remote.worker] INFO  com.alibaba.nacos.common.remote.client - [6cdd92c6-9267-429f-9db0-2fdc7b732c0b] Notify connected event to listeners.
2025-05-26 11:15:28.741 [com.alibaba.nacos.client.remote.worker] INFO  com.alibaba.nacos.client.naming - Grpc connection connect
2025-05-26 11:15:28.743 [main] INFO  com.alibaba.nacos.client.naming - [REGISTER-SERVICE] ruixiaosi registering service rxs-auth with instance Instance{instanceId='null', ip='172.22.176.1', port=8080, weight=1.0, healthy=true, enabled=true, ephemeral=true, clusterName='DEFAULT', serviceName='null', metadata={IPv6=[2001:250:1006:aaaa:0:0:0:351e], preserved.register.source=SPRING_CLOUD}}
2025-05-26 11:15:28.753 [main] INFO  c.a.cloud.nacos.registry.NacosServiceRegistry - nacos registry, DEFAULT_GROUP rxs-auth 172.22.176.1:8080 register finished
2025-05-26 11:15:28.943 [main] INFO  com.xdurxs.rxs.auth.RxsAuthApplication - Started RxsAuthApplication in 4.303 seconds (process running for 4.716)
2025-05-26 11:15:28.944 [main] INFO  c.x.r.auth.runner.PushRolePermissions2RedisRunner - ==> 服务启动，开始同步角色权限数据到 Redis 中...
2025-05-26 11:15:29.257 [main] DEBUG c.x.r.a.d.mapper.RoleDOMapper.selectEnabledList - ==>  Preparing: select id, role_key, role_name from t_role where status = 0 and is_deleted = 0
2025-05-26 11:15:29.357 [main] DEBUG c.x.r.a.d.mapper.RoleDOMapper.selectEnabledList - ==> Parameters: 
2025-05-26 11:15:29.369 [main] DEBUG c.x.r.a.d.mapper.RoleDOMapper.selectEnabledList - <==      Total: 1
2025-05-26 11:15:29.382 [main] DEBUG c.x.r.a.d.m.RolePermissionDOMapper.selectByRoleIds - ==>  Preparing: select role_id, permission_id from t_role_permission_rel where role_id in ( ? )
2025-05-26 11:15:29.383 [main] DEBUG c.x.r.a.d.m.RolePermissionDOMapper.selectByRoleIds - ==> Parameters: 1(Long)
2025-05-26 11:15:29.385 [main] DEBUG c.x.r.a.d.m.RolePermissionDOMapper.selectByRoleIds - <==      Total: 2
2025-05-26 11:15:29.385 [main] DEBUG c.x.r.a.d.m.P.selectAppEnabledList - ==>  Preparing: select id, name, permission_key from t_permission where status = 0 and type = 3 and is_deleted = 0
2025-05-26 11:15:29.386 [main] DEBUG c.x.r.a.d.m.P.selectAppEnabledList - ==> Parameters: 
2025-05-26 11:15:29.387 [main] DEBUG c.x.r.a.d.m.P.selectAppEnabledList - <==      Total: 2
2025-05-26 11:15:29.396 [main] INFO  c.x.r.auth.runner.PushRolePermissions2RedisRunner - ==> 服务启动，成功同步角色权限数据到 Redis 中...
2025-05-26 11:15:29.398 [main] INFO  com.alibaba.nacos.client.config.impl.CacheData - nacos.cache.data.init.snapshot = true 
2025-05-26 11:15:29.398 [main] INFO  com.alibaba.nacos.client.config.impl.ClientWorker - [fixed-ruixiaosi-127.0.0.1_8848] [subscribe] rxs-auth.yaml+DEFAULT_GROUP+ruixiaosi
2025-05-26 11:15:29.402 [main] INFO  com.alibaba.nacos.client.config.impl.CacheData - [fixed-ruixiaosi-127.0.0.1_8848] [add-listener] ok, tenant=ruixiaosi, dataId=rxs-auth.yaml, group=DEFAULT_GROUP, cnt=1
2025-05-26 11:15:29.402 [main] INFO  c.a.cloud.nacos.refresh.NacosContextRefresher - [Nacos Config] Listening config: dataId=rxs-auth.yaml, group=DEFAULT_GROUP
2025-05-26 11:15:29.403 [main] INFO  com.alibaba.nacos.client.config.impl.ClientWorker - [fixed-ruixiaosi-127.0.0.1_8848] [subscribe] rxs-auth-dev.yaml+DEFAULT_GROUP+ruixiaosi
2025-05-26 11:15:29.403 [main] INFO  com.alibaba.nacos.client.config.impl.CacheData - [fixed-ruixiaosi-127.0.0.1_8848] [add-listener] ok, tenant=ruixiaosi, dataId=rxs-auth-dev.yaml, group=DEFAULT_GROUP, cnt=1
2025-05-26 11:15:29.403 [main] INFO  c.a.cloud.nacos.refresh.NacosContextRefresher - [Nacos Config] Listening config: dataId=rxs-auth-dev.yaml, group=DEFAULT_GROUP
2025-05-26 11:15:29.403 [main] INFO  com.alibaba.nacos.client.config.impl.ClientWorker - [fixed-ruixiaosi-127.0.0.1_8848] [subscribe] rxs-auth+DEFAULT_GROUP+ruixiaosi
2025-05-26 11:15:29.403 [main] INFO  com.alibaba.nacos.client.config.impl.CacheData - [fixed-ruixiaosi-127.0.0.1_8848] [add-listener] ok, tenant=ruixiaosi, dataId=rxs-auth, group=DEFAULT_GROUP, cnt=1
2025-05-26 11:15:29.403 [main] INFO  c.a.cloud.nacos.refresh.NacosContextRefresher - [Nacos Config] Listening config: dataId=rxs-auth, group=DEFAULT_GROUP
2025-05-26 14:23:14.141 [Thread-2] WARN  c.alibaba.nacos.common.http.HttpClientBeanHolder - [HttpClientBeanHolder] Start destroying common HttpClient
2025-05-26 14:23:14.141 [Thread-9] WARN  com.alibaba.nacos.common.notify.NotifyCenter - [NotifyCenter] Start destroying Publisher
2025-05-26 14:23:14.141 [Thread-2] WARN  c.alibaba.nacos.common.http.HttpClientBeanHolder - [HttpClientBeanHolder] Destruction of the end
2025-05-26 14:23:14.141 [Thread-9] WARN  com.alibaba.nacos.common.notify.NotifyCenter - [NotifyCenter] Destruction of the end
2025-05-26 14:23:14.175 [SpringApplicationShutdownHook] INFO  c.a.cloud.nacos.registry.NacosServiceRegistry - De-registering from Nacos Server now...
2025-05-26 14:23:14.175 [SpringApplicationShutdownHook] INFO  com.alibaba.nacos.client.naming - [DEREGISTER-SERVICE] ruixiaosi deregistering service rxs-auth with instance: Instance{instanceId='null', ip='172.22.176.1', port=8080, weight=1.0, healthy=true, enabled=true, ephemeral=true, clusterName='DEFAULT', serviceName='null', metadata={}}
2025-05-26 14:23:14.178 [SpringApplicationShutdownHook] INFO  c.a.cloud.nacos.registry.NacosServiceRegistry - De-registration finished.
2025-05-26 14:23:14.178 [SpringApplicationShutdownHook] INFO  com.alibaba.nacos.client.naming - com.alibaba.nacos.client.naming.cache.ServiceInfoHolder do shutdown begin
2025-05-26 14:23:14.178 [SpringApplicationShutdownHook] INFO  com.alibaba.nacos.client.naming - com.alibaba.nacos.client.naming.backups.FailoverReactor do shutdown begin
2025-05-26 14:23:14.178 [SpringApplicationShutdownHook] INFO  com.alibaba.nacos.client.naming - com.alibaba.nacos.client.naming.backups.FailoverReactor do shutdown stop
2025-05-26 14:23:14.179 [SpringApplicationShutdownHook] INFO  com.alibaba.nacos.client.naming - com.alibaba.nacos.client.naming.cache.ServiceInfoHolder do shutdown stop
2025-05-26 14:23:14.179 [SpringApplicationShutdownHook] INFO  com.alibaba.nacos.client.naming - com.alibaba.nacos.client.naming.remote.NamingClientProxyDelegate do shutdown begin
2025-05-26 14:23:14.179 [SpringApplicationShutdownHook] INFO  com.alibaba.nacos.client.naming - com.alibaba.nacos.client.naming.core.ServiceInfoUpdateService do shutdown begin
2025-05-26 14:23:14.179 [SpringApplicationShutdownHook] INFO  com.alibaba.nacos.client.naming - com.alibaba.nacos.client.naming.core.ServiceInfoUpdateService do shutdown stop
2025-05-26 14:23:14.179 [SpringApplicationShutdownHook] INFO  com.alibaba.nacos.client.naming - com.alibaba.nacos.client.naming.core.ServerListManager do shutdown begin
2025-05-26 14:23:14.179 [SpringApplicationShutdownHook] WARN  com.alibaba.nacos.client.naming - [NamingHttpClientManager] Start destroying NacosRestTemplate
2025-05-26 14:23:14.179 [SpringApplicationShutdownHook] WARN  com.alibaba.nacos.client.naming - [NamingHttpClientManager] Destruction of the end
2025-05-26 14:23:14.179 [SpringApplicationShutdownHook] INFO  com.alibaba.nacos.client.naming - com.alibaba.nacos.client.naming.core.ServerListManager do shutdown stop
2025-05-26 14:23:14.179 [SpringApplicationShutdownHook] INFO  com.alibaba.nacos.client.naming - com.alibaba.nacos.client.naming.remote.http.NamingHttpClientProxy do shutdown begin
2025-05-26 14:23:14.179 [SpringApplicationShutdownHook] WARN  com.alibaba.nacos.client.naming - [NamingHttpClientManager] Start destroying NacosRestTemplate
2025-05-26 14:23:14.179 [SpringApplicationShutdownHook] WARN  com.alibaba.nacos.client.naming - [NamingHttpClientManager] Destruction of the end
2025-05-26 14:23:14.179 [SpringApplicationShutdownHook] INFO  com.alibaba.nacos.client.naming - com.alibaba.nacos.client.naming.remote.http.NamingHttpClientProxy do shutdown stop
2025-05-26 14:23:14.179 [SpringApplicationShutdownHook] INFO  com.alibaba.nacos.common.remote.client - Shutdown rpc client, set status to shutdown
2025-05-26 14:23:14.179 [SpringApplicationShutdownHook] INFO  com.alibaba.nacos.common.remote.client - Shutdown client event executor java.util.concurrent.ScheduledThreadPoolExecutor@5cfd5148[Running, pool size = 2, active threads = 2, queued tasks = 0, completed tasks = 0]
2025-05-26 14:23:14.179 [SpringApplicationShutdownHook] INFO  com.alibaba.nacos.common.remote.client - Close current connection 1748229328630_172.17.0.1_46364
2025-05-26 14:23:14.180 [SpringApplicationShutdownHook] INFO  c.a.nacos.common.remote.client.grpc.GrpcClient - Shutdown grpc executor java.util.concurrent.ThreadPoolExecutor@18b28a3a[Running, pool size = 3, active threads = 0, queued tasks = 0, completed tasks = 2269]
2025-05-26 14:23:14.180 [SpringApplicationShutdownHook] INFO  com.alibaba.nacos.client.naming - Shutdown grpc redo service executor java.util.concurrent.ScheduledThreadPoolExecutor@3117baa[Running, pool size = 1, active threads = 0, queued tasks = 1, completed tasks = 3745]
2025-05-26 14:23:14.181 [SpringApplicationShutdownHook] INFO  c.a.n.client.auth.ram.identify.CredentialWatcher - [null] CredentialWatcher is stopped
2025-05-26 14:23:14.181 [SpringApplicationShutdownHook] INFO  c.a.n.client.auth.ram.identify.CredentialService - [null] CredentialService is freed
2025-05-26 14:23:14.181 [SpringApplicationShutdownHook] INFO  com.alibaba.nacos.client.naming - com.alibaba.nacos.client.naming.remote.NamingClientProxyDelegate do shutdown stop
2025-05-26 14:23:14.297 [SpringApplicationShutdownHook] INFO  com.alibaba.druid.pool.DruidDataSource - {dataSource-1} closing ...
2025-05-26 14:23:14.297 [SpringApplicationShutdownHook] INFO  com.alibaba.druid.pool.DruidDataSource - {dataSource-1} closed
2025-05-26 16:50:44.656 [main] WARN  com.alibaba.nacos.client.logging.NacosLogging - Load Logback Configuration of Nacos fail, message: Could not initialize Logback Nacos logging from classpath:nacos-logback.xml
2025-05-26 16:50:44.690 [main] WARN  com.alibaba.nacos.client.logging.NacosLogging - Load Logback Configuration of Nacos fail, message: Could not initialize Logback Nacos logging from classpath:nacos-logback.xml
2025-05-26 16:50:44.814 [main] WARN  com.alibaba.nacos.client.logging.NacosLogging - Load Logback Configuration of Nacos fail, message: Could not initialize Logback Nacos logging from classpath:nacos-logback.xml
2025-05-26 16:50:44.815 [main] INFO  com.alibaba.nacos.client.utils.ParamUtil - [settings] [req-serv] nacos-server port:8848
2025-05-26 16:50:44.815 [main] INFO  com.alibaba.nacos.client.utils.ParamUtil - [settings] [http-client] connect timeout:1000
2025-05-26 16:50:44.818 [main] INFO  com.alibaba.nacos.client.utils.ParamUtil - PER_TASK_CONFIG_SIZE: 3000.0
2025-05-26 16:50:44.836 [main] INFO  c.a.n.p.auth.spi.client.ClientAuthPluginManager - [ClientAuthPluginManager] Load ClientAuthService com.alibaba.nacos.client.auth.impl.NacosClientAuthServiceImpl success.
2025-05-26 16:50:44.836 [main] INFO  c.a.n.p.auth.spi.client.ClientAuthPluginManager - [ClientAuthPluginManager] Load ClientAuthService com.alibaba.nacos.client.auth.ram.RamClientAuthServiceImpl success.
2025-05-26 16:50:44.838 [main] INFO  c.a.n.client.auth.ram.identify.CredentialWatcher - null No credential found
2025-05-26 16:50:45.080 [main] WARN  com.alibaba.nacos.client.logging.NacosLogging - Load Logback Configuration of Nacos fail, message: Could not initialize Logback Nacos logging from classpath:nacos-logback.xml
2025-05-26 16:50:45.088 [main] INFO  c.a.n.client.config.impl.LocalConfigInfoProcessor - LOCAL_SNAPSHOT_PATH:C:\Users\Administrator\nacos\config
2025-05-26 16:50:45.090 [main] INFO  com.alibaba.nacos.common.remote.client - [RpcClientFactory] create a new rpc client of 94c14ba5-7478-4f05-9ef1-54b781771713_config-0
2025-05-26 16:50:45.101 [main] INFO  com.alibaba.nacos.common.remote.client - [94c14ba5-7478-4f05-9ef1-54b781771713_config-0] Register server push request handler:com.alibaba.nacos.client.config.impl.ClientWorker$ConfigRpcTransportClient$$Lambda$584/0x000002c24136f9a8
2025-05-26 16:50:45.101 [main] INFO  com.alibaba.nacos.common.remote.client - [94c14ba5-7478-4f05-9ef1-54b781771713_config-0] Register server push request handler:com.alibaba.nacos.client.config.impl.ClientWorker$ConfigRpcTransportClient$$Lambda$585/0x000002c24136fdc8
2025-05-26 16:50:45.101 [main] INFO  com.alibaba.nacos.common.remote.client - [94c14ba5-7478-4f05-9ef1-54b781771713_config-0] Registry connection listener to current client:com.alibaba.nacos.client.config.impl.ClientWorker$ConfigRpcTransportClient$1
2025-05-26 16:50:45.101 [main] INFO  com.alibaba.nacos.common.remote.client - [94c14ba5-7478-4f05-9ef1-54b781771713_config-0] RpcClient init, ServerListFactory = com.alibaba.nacos.client.config.impl.ClientWorker$ConfigRpcTransportClient$2
2025-05-26 16:50:45.106 [main] INFO  com.alibaba.nacos.common.remote.client - [94c14ba5-7478-4f05-9ef1-54b781771713_config-0] Try to connect to server on start up, server: {serverIp = '127.0.0.1', server main port = 8848}
2025-05-26 16:50:45.127 [main] INFO  c.a.nacos.common.remote.client.grpc.GrpcClient - grpc client connection server:127.0.0.1 ip,serverPort:9848,grpcTslConfig:{"sslProvider":"OPENSSL","enableTls":false,"mutualAuthEnable":false,"trustAll":false}
2025-05-26 16:50:45.849 [main] INFO  com.alibaba.nacos.common.remote.client - [94c14ba5-7478-4f05-9ef1-54b781771713_config-0] Success to connect to server [127.0.0.1:8848] on start up, connectionId = 1748249445690_172.17.0.1_43634
2025-05-26 16:50:45.849 [com.alibaba.nacos.client.remote.worker] INFO  com.alibaba.nacos.common.remote.client - [94c14ba5-7478-4f05-9ef1-54b781771713_config-0] Notify connected event to listeners.
2025-05-26 16:50:45.849 [com.alibaba.nacos.client.remote.worker] INFO  com.alibaba.nacos.client.config.impl.ClientWorker - [94c14ba5-7478-4f05-9ef1-54b781771713_config-0] Connected,notify listen context...
2025-05-26 16:50:45.849 [main] INFO  com.alibaba.nacos.common.remote.client - [94c14ba5-7478-4f05-9ef1-54b781771713_config-0] Register server push request handler:com.alibaba.nacos.common.remote.client.RpcClient$ConnectResetRequestHandler
2025-05-26 16:50:45.850 [main] INFO  com.alibaba.nacos.common.remote.client - [94c14ba5-7478-4f05-9ef1-54b781771713_config-0] Register server push request handler:com.alibaba.nacos.common.remote.client.RpcClient$$Lambda$605/0x000002c2414d76f0
2025-05-26 16:50:45.882 [main] INFO  com.alibaba.nacos.client.config.impl.Limiter - limitTime:5.0
2025-05-26 16:50:45.897 [main] INFO  com.alibaba.nacos.client.config.utils.JvmUtil - isMultiInstance:false
2025-05-26 16:50:45.910 [main] WARN  c.a.cloud.nacos.client.NacosPropertySourceBuilder - Ignore the empty nacos configuration and get it based on dataId[rxs-auth.yaml] & group[DEFAULT_GROUP]
2025-05-26 16:50:45.917 [main] INFO  o.s.c.b.c.PropertySourceBootstrapConfiguration - Located property source: [BootstrapPropertySource {name='bootstrapProperties-rxs-auth-dev.yaml,DEFAULT_GROUP'}, BootstrapPropertySource {name='bootstrapProperties-rxs-auth.yaml,DEFAULT_GROUP'}, BootstrapPropertySource {name='bootstrapProperties-rxs-auth,DEFAULT_GROUP'}]
2025-05-26 16:50:45.936 [main] WARN  com.alibaba.nacos.client.logging.NacosLogging - Load Logback Configuration of Nacos fail, message: Could not initialize Logback Nacos logging from classpath:nacos-logback.xml
2025-05-26 16:50:45.937 [main] INFO  com.xdurxs.rxs.auth.RxsAuthApplication - The following 1 profile is active: "dev"
2025-05-26 16:50:46.389 [main] INFO  o.s.d.r.config.RepositoryConfigurationDelegate - Multiple Spring Data modules found, entering strict repository configuration mode
2025-05-26 16:50:46.391 [main] INFO  o.s.d.r.config.RepositoryConfigurationDelegate - Bootstrapping Spring Data Redis repositories in DEFAULT mode.
2025-05-26 16:50:46.415 [main] INFO  o.s.d.r.config.RepositoryConfigurationDelegate - Finished Spring Data repository scanning in 7 ms. Found 0 Redis repository interfaces.
2025-05-26 16:50:46.525 [main] INFO  o.springframework.cloud.context.scope.GenericScope - BeanFactory id=11f45e1c-c5d5-3f52-8084-e80749633121
2025-05-26 16:50:46.880 [main] INFO  o.s.boot.web.embedded.tomcat.TomcatWebServer - Tomcat initialized with port(s): 8080 (http)
2025-05-26 16:50:46.886 [main] INFO  org.apache.catalina.core.StandardService - Starting service [Tomcat]
2025-05-26 16:50:46.886 [main] INFO  org.apache.catalina.core.StandardEngine - Starting Servlet engine: [Apache Tomcat/10.1.5]
2025-05-26 16:50:46.938 [main] INFO  o.a.c.core.ContainerBase.[Tomcat].[localhost].[/] - Initializing Spring embedded WebApplicationContext
2025-05-26 16:50:46.939 [main] INFO  o.s.b.w.s.c.ServletWebServerApplicationContext - Root WebApplicationContext: initialization completed in 989 ms
2025-05-26 16:50:47.009 [main] INFO  c.a.d.s.b.a.DruidDataSourceAutoConfigure - Init DruidDataSource
2025-05-26 16:50:47.206 [main] INFO  com.alibaba.druid.pool.DruidDataSource - {dataSource-1} inited
2025-05-26 16:50:48.330 [main] INFO  o.s.boot.web.embedded.tomcat.TomcatWebServer - Tomcat started on port(s): 8080 (http) with context path ''
2025-05-26 16:50:48.333 [main] INFO  com.alibaba.nacos.client.naming - initializer namespace from ans.namespace attribute : null
2025-05-26 16:50:48.333 [main] INFO  com.alibaba.nacos.client.naming - initializer namespace from ALIBABA_ALIWARE_NAMESPACE attribute :null
2025-05-26 16:50:48.333 [main] INFO  com.alibaba.nacos.client.naming - initializer namespace from namespace attribute :null
2025-05-26 16:50:48.339 [main] INFO  c.a.n.p.auth.spi.client.ClientAuthPluginManager - [ClientAuthPluginManager] Load ClientAuthService com.alibaba.nacos.client.auth.impl.NacosClientAuthServiceImpl success.
2025-05-26 16:50:48.339 [main] INFO  c.a.n.p.auth.spi.client.ClientAuthPluginManager - [ClientAuthPluginManager] Load ClientAuthService com.alibaba.nacos.client.auth.ram.RamClientAuthServiceImpl success.
2025-05-26 16:50:48.341 [main] INFO  com.alibaba.nacos.common.remote.client - [RpcClientFactory] create a new rpc client of b6a2b5ab-ec02-499e-aa8f-00a9afaa3084
2025-05-26 16:50:48.342 [main] INFO  com.alibaba.nacos.common.remote.client - [b6a2b5ab-ec02-499e-aa8f-00a9afaa3084] RpcClient init, ServerListFactory = com.alibaba.nacos.client.naming.core.ServerListManager
2025-05-26 16:50:48.342 [main] INFO  com.alibaba.nacos.common.remote.client - [b6a2b5ab-ec02-499e-aa8f-00a9afaa3084] Registry connection listener to current client:com.alibaba.nacos.client.naming.remote.gprc.redo.NamingGrpcRedoService
2025-05-26 16:50:48.343 [main] INFO  com.alibaba.nacos.common.remote.client - [b6a2b5ab-ec02-499e-aa8f-00a9afaa3084] Register server push request handler:com.alibaba.nacos.client.naming.remote.gprc.NamingPushRequestHandler
2025-05-26 16:50:48.343 [main] INFO  com.alibaba.nacos.common.remote.client - [b6a2b5ab-ec02-499e-aa8f-00a9afaa3084] Try to connect to server on start up, server: {serverIp = '127.0.0.1', server main port = 8848}
2025-05-26 16:50:48.343 [main] INFO  c.a.nacos.common.remote.client.grpc.GrpcClient - grpc client connection server:127.0.0.1 ip,serverPort:9848,grpcTslConfig:{"sslProvider":"OPENSSL","enableTls":false,"mutualAuthEnable":false,"trustAll":false}
2025-05-26 16:50:48.452 [main] INFO  com.alibaba.nacos.common.remote.client - [b6a2b5ab-ec02-499e-aa8f-00a9afaa3084] Success to connect to server [127.0.0.1:8848] on start up, connectionId = 1748249448348_172.17.0.1_43642
2025-05-26 16:50:48.452 [main] INFO  com.alibaba.nacos.common.remote.client - [b6a2b5ab-ec02-499e-aa8f-00a9afaa3084] Register server push request handler:com.alibaba.nacos.common.remote.client.RpcClient$ConnectResetRequestHandler
2025-05-26 16:50:48.452 [com.alibaba.nacos.client.remote.worker] INFO  com.alibaba.nacos.common.remote.client - [b6a2b5ab-ec02-499e-aa8f-00a9afaa3084] Notify connected event to listeners.
2025-05-26 16:50:48.452 [main] INFO  com.alibaba.nacos.common.remote.client - [b6a2b5ab-ec02-499e-aa8f-00a9afaa3084] Register server push request handler:com.alibaba.nacos.common.remote.client.RpcClient$$Lambda$605/0x000002c2414d76f0
2025-05-26 16:50:48.452 [com.alibaba.nacos.client.remote.worker] INFO  com.alibaba.nacos.client.naming - Grpc connection connect
2025-05-26 16:50:48.454 [main] INFO  com.alibaba.nacos.client.naming - [REGISTER-SERVICE] ruixiaosi registering service rxs-auth with instance Instance{instanceId='null', ip='172.22.176.1', port=8080, weight=1.0, healthy=true, enabled=true, ephemeral=true, clusterName='DEFAULT', serviceName='null', metadata={IPv6=[2001:250:1006:aaaa:0:0:0:351e], preserved.register.source=SPRING_CLOUD}}
2025-05-26 16:50:48.462 [main] INFO  c.a.cloud.nacos.registry.NacosServiceRegistry - nacos registry, DEFAULT_GROUP rxs-auth 172.22.176.1:8080 register finished
2025-05-26 16:50:48.680 [main] INFO  com.xdurxs.rxs.auth.RxsAuthApplication - Started RxsAuthApplication in 4.511 seconds (process running for 4.871)
2025-05-26 16:50:48.681 [main] INFO  c.x.r.auth.runner.PushRolePermissions2RedisRunner - ==> 服务启动，开始同步角色权限数据到 Redis 中...
2025-05-26 16:50:49.003 [main] WARN  c.x.r.auth.runner.PushRolePermissions2RedisRunner - ==> 角色权限数据已经同步至 Redis 中，不再同步...
2025-05-26 16:50:49.005 [main] INFO  com.alibaba.nacos.client.config.impl.CacheData - nacos.cache.data.init.snapshot = true 
2025-05-26 16:50:49.005 [main] INFO  com.alibaba.nacos.client.config.impl.ClientWorker - [fixed-ruixiaosi-127.0.0.1_8848] [subscribe] rxs-auth.yaml+DEFAULT_GROUP+ruixiaosi
2025-05-26 16:50:49.010 [main] INFO  com.alibaba.nacos.client.config.impl.CacheData - [fixed-ruixiaosi-127.0.0.1_8848] [add-listener] ok, tenant=ruixiaosi, dataId=rxs-auth.yaml, group=DEFAULT_GROUP, cnt=1
2025-05-26 16:50:49.010 [main] INFO  c.a.cloud.nacos.refresh.NacosContextRefresher - [Nacos Config] Listening config: dataId=rxs-auth.yaml, group=DEFAULT_GROUP
2025-05-26 16:50:49.010 [main] INFO  com.alibaba.nacos.client.config.impl.ClientWorker - [fixed-ruixiaosi-127.0.0.1_8848] [subscribe] rxs-auth-dev.yaml+DEFAULT_GROUP+ruixiaosi
2025-05-26 16:50:49.010 [main] INFO  com.alibaba.nacos.client.config.impl.CacheData - [fixed-ruixiaosi-127.0.0.1_8848] [add-listener] ok, tenant=ruixiaosi, dataId=rxs-auth-dev.yaml, group=DEFAULT_GROUP, cnt=1
2025-05-26 16:50:49.010 [main] INFO  c.a.cloud.nacos.refresh.NacosContextRefresher - [Nacos Config] Listening config: dataId=rxs-auth-dev.yaml, group=DEFAULT_GROUP
2025-05-26 16:50:49.011 [main] INFO  com.alibaba.nacos.client.config.impl.ClientWorker - [fixed-ruixiaosi-127.0.0.1_8848] [subscribe] rxs-auth+DEFAULT_GROUP+ruixiaosi
2025-05-26 16:50:49.011 [main] INFO  com.alibaba.nacos.client.config.impl.CacheData - [fixed-ruixiaosi-127.0.0.1_8848] [add-listener] ok, tenant=ruixiaosi, dataId=rxs-auth, group=DEFAULT_GROUP, cnt=1
2025-05-26 16:50:49.011 [main] INFO  c.a.cloud.nacos.refresh.NacosContextRefresher - [Nacos Config] Listening config: dataId=rxs-auth, group=DEFAULT_GROUP
2025-05-26 21:00:03.182 [Thread-9] WARN  com.alibaba.nacos.common.notify.NotifyCenter - [NotifyCenter] Start destroying Publisher
2025-05-26 21:00:03.182 [Thread-2] WARN  c.alibaba.nacos.common.http.HttpClientBeanHolder - [HttpClientBeanHolder] Start destroying common HttpClient
2025-05-26 21:00:03.187 [Thread-9] WARN  com.alibaba.nacos.common.notify.NotifyCenter - [NotifyCenter] Destruction of the end
2025-05-26 21:00:03.189 [Thread-2] WARN  c.alibaba.nacos.common.http.HttpClientBeanHolder - [HttpClientBeanHolder] Destruction of the end
2025-05-26 21:00:03.294 [SpringApplicationShutdownHook] INFO  c.a.cloud.nacos.registry.NacosServiceRegistry - De-registering from Nacos Server now...
2025-05-26 21:00:03.295 [SpringApplicationShutdownHook] INFO  com.alibaba.nacos.client.naming - [DEREGISTER-SERVICE] ruixiaosi deregistering service rxs-auth with instance: Instance{instanceId='null', ip='172.22.176.1', port=8080, weight=1.0, healthy=true, enabled=true, ephemeral=true, clusterName='DEFAULT', serviceName='null', metadata={}}
2025-05-26 21:00:03.299 [SpringApplicationShutdownHook] INFO  c.a.cloud.nacos.registry.NacosServiceRegistry - De-registration finished.
2025-05-26 21:00:03.299 [SpringApplicationShutdownHook] INFO  com.alibaba.nacos.client.naming - com.alibaba.nacos.client.naming.cache.ServiceInfoHolder do shutdown begin
2025-05-26 21:00:03.300 [SpringApplicationShutdownHook] INFO  com.alibaba.nacos.client.naming - com.alibaba.nacos.client.naming.backups.FailoverReactor do shutdown begin
2025-05-26 21:00:03.300 [SpringApplicationShutdownHook] INFO  com.alibaba.nacos.client.naming - com.alibaba.nacos.client.naming.backups.FailoverReactor do shutdown stop
2025-05-26 21:00:03.300 [SpringApplicationShutdownHook] INFO  com.alibaba.nacos.client.naming - com.alibaba.nacos.client.naming.cache.ServiceInfoHolder do shutdown stop
2025-05-26 21:00:03.300 [SpringApplicationShutdownHook] INFO  com.alibaba.nacos.client.naming - com.alibaba.nacos.client.naming.remote.NamingClientProxyDelegate do shutdown begin
2025-05-26 21:00:03.300 [SpringApplicationShutdownHook] INFO  com.alibaba.nacos.client.naming - com.alibaba.nacos.client.naming.core.ServiceInfoUpdateService do shutdown begin
2025-05-26 21:00:03.300 [SpringApplicationShutdownHook] INFO  com.alibaba.nacos.client.naming - com.alibaba.nacos.client.naming.core.ServiceInfoUpdateService do shutdown stop
2025-05-26 21:00:03.300 [SpringApplicationShutdownHook] INFO  com.alibaba.nacos.client.naming - com.alibaba.nacos.client.naming.core.ServerListManager do shutdown begin
2025-05-26 21:00:03.300 [SpringApplicationShutdownHook] WARN  com.alibaba.nacos.client.naming - [NamingHttpClientManager] Start destroying NacosRestTemplate
2025-05-26 21:00:03.301 [SpringApplicationShutdownHook] WARN  com.alibaba.nacos.client.naming - [NamingHttpClientManager] Destruction of the end
2025-05-26 21:00:03.301 [SpringApplicationShutdownHook] INFO  com.alibaba.nacos.client.naming - com.alibaba.nacos.client.naming.core.ServerListManager do shutdown stop
2025-05-26 21:00:03.301 [SpringApplicationShutdownHook] INFO  com.alibaba.nacos.client.naming - com.alibaba.nacos.client.naming.remote.http.NamingHttpClientProxy do shutdown begin
2025-05-26 21:00:03.301 [SpringApplicationShutdownHook] WARN  com.alibaba.nacos.client.naming - [NamingHttpClientManager] Start destroying NacosRestTemplate
2025-05-26 21:00:03.301 [SpringApplicationShutdownHook] WARN  com.alibaba.nacos.client.naming - [NamingHttpClientManager] Destruction of the end
2025-05-26 21:00:03.301 [SpringApplicationShutdownHook] INFO  com.alibaba.nacos.client.naming - com.alibaba.nacos.client.naming.remote.http.NamingHttpClientProxy do shutdown stop
2025-05-26 21:00:03.301 [SpringApplicationShutdownHook] INFO  com.alibaba.nacos.common.remote.client - Shutdown rpc client, set status to shutdown
2025-05-26 21:00:03.301 [SpringApplicationShutdownHook] INFO  com.alibaba.nacos.common.remote.client - Shutdown client event executor java.util.concurrent.ScheduledThreadPoolExecutor@60a738c3[Running, pool size = 2, active threads = 2, queued tasks = 0, completed tasks = 0]
2025-05-26 21:00:03.301 [SpringApplicationShutdownHook] INFO  com.alibaba.nacos.common.remote.client - Close current connection 1748249448348_172.17.0.1_43642
2025-05-26 21:00:03.303 [SpringApplicationShutdownHook] INFO  c.a.nacos.common.remote.client.grpc.GrpcClient - Shutdown grpc executor java.util.concurrent.ThreadPoolExecutor@51da5956[Running, pool size = 3, active threads = 0, queued tasks = 0, completed tasks = 3004]
2025-05-26 21:00:03.304 [SpringApplicationShutdownHook] INFO  com.alibaba.nacos.client.naming - Shutdown grpc redo service executor java.util.concurrent.ScheduledThreadPoolExecutor@813aa26[Running, pool size = 1, active threads = 0, queued tasks = 1, completed tasks = 4972]
2025-05-26 21:00:03.304 [SpringApplicationShutdownHook] INFO  c.a.n.client.auth.ram.identify.CredentialWatcher - [null] CredentialWatcher is stopped
2025-05-26 21:00:03.304 [SpringApplicationShutdownHook] INFO  c.a.n.client.auth.ram.identify.CredentialService - [null] CredentialService is freed
2025-05-26 21:00:03.304 [SpringApplicationShutdownHook] INFO  com.alibaba.nacos.client.naming - com.alibaba.nacos.client.naming.remote.NamingClientProxyDelegate do shutdown stop
2025-05-26 21:00:03.359 [com.alibaba.nacos.client.Worker] INFO  c.a.n.client.auth.ram.identify.CredentialWatcher - null No credential found
2025-05-26 21:00:03.441 [SpringApplicationShutdownHook] INFO  com.alibaba.druid.pool.DruidDataSource - {dataSource-1} closing ...
2025-05-26 21:00:03.443 [SpringApplicationShutdownHook] INFO  com.alibaba.druid.pool.DruidDataSource - {dataSource-1} closed
