2025-05-24 22:13:58.923 [main] WARN  com.alibaba.nacos.client.logging.NacosLogging - Load Logback Configuration of Nacos fail, message: Could not initialize Logback Nacos logging from classpath:nacos-logback.xml
2025-05-24 22:13:58.957 [main] WARN  com.alibaba.nacos.client.logging.NacosLogging - Load Logback Configuration of Nacos fail, message: Could not initialize Logback Nacos logging from classpath:nacos-logback.xml
2025-05-24 22:13:59.093 [main] WARN  com.alibaba.nacos.client.logging.NacosLogging - Load Logback Configuration of Nacos fail, message: Could not initialize Logback Nacos logging from classpath:nacos-logback.xml
2025-05-24 22:13:59.095 [main] INFO  com.alibaba.nacos.client.utils.ParamUtil - [settings] [req-serv] nacos-server port:8848
2025-05-24 22:13:59.095 [main] INFO  com.alibaba.nacos.client.utils.ParamUtil - [settings] [http-client] connect timeout:1000
2025-05-24 22:13:59.095 [main] INFO  com.alibaba.nacos.client.utils.ParamUtil - PER_TASK_CONFIG_SIZE: 3000.0
2025-05-24 22:13:59.112 [main] INFO  c.a.n.p.auth.spi.client.ClientAuthPluginManager - [ClientAuthPluginManager] Load ClientAuthService com.alibaba.nacos.client.auth.impl.NacosClientAuthServiceImpl success.
2025-05-24 22:13:59.112 [main] INFO  c.a.n.p.auth.spi.client.ClientAuthPluginManager - [ClientAuthPluginManager] Load ClientAuthService com.alibaba.nacos.client.auth.ram.RamClientAuthServiceImpl success.
2025-05-24 22:13:59.113 [main] INFO  c.a.n.client.auth.ram.identify.CredentialWatcher - null No credential found
2025-05-24 22:13:59.353 [main] WARN  com.alibaba.nacos.client.logging.NacosLogging - Load Logback Configuration of Nacos fail, message: Could not initialize Logback Nacos logging from classpath:nacos-logback.xml
2025-05-24 22:13:59.361 [main] INFO  c.a.n.client.config.impl.LocalConfigInfoProcessor - LOCAL_SNAPSHOT_PATH:C:\Users\Administrator\nacos\config
2025-05-24 22:13:59.363 [main] INFO  com.alibaba.nacos.common.remote.client - [RpcClientFactory] create a new rpc client of 8d27875b-6c2e-46cf-8627-ae78453da83e_config-0
2025-05-24 22:13:59.374 [main] INFO  com.alibaba.nacos.common.remote.client - [8d27875b-6c2e-46cf-8627-ae78453da83e_config-0] Register server push request handler:com.alibaba.nacos.client.config.impl.ClientWorker$ConfigRpcTransportClient$$Lambda$584/0x000001c8ce370b38
2025-05-24 22:13:59.374 [main] INFO  com.alibaba.nacos.common.remote.client - [8d27875b-6c2e-46cf-8627-ae78453da83e_config-0] Register server push request handler:com.alibaba.nacos.client.config.impl.ClientWorker$ConfigRpcTransportClient$$Lambda$585/0x000001c8ce370f58
2025-05-24 22:13:59.375 [main] INFO  com.alibaba.nacos.common.remote.client - [8d27875b-6c2e-46cf-8627-ae78453da83e_config-0] Registry connection listener to current client:com.alibaba.nacos.client.config.impl.ClientWorker$ConfigRpcTransportClient$1
2025-05-24 22:13:59.375 [main] INFO  com.alibaba.nacos.common.remote.client - [8d27875b-6c2e-46cf-8627-ae78453da83e_config-0] RpcClient init, ServerListFactory = com.alibaba.nacos.client.config.impl.ClientWorker$ConfigRpcTransportClient$2
2025-05-24 22:13:59.380 [main] INFO  com.alibaba.nacos.common.remote.client - [8d27875b-6c2e-46cf-8627-ae78453da83e_config-0] Try to connect to server on start up, server: {serverIp = '127.0.0.1', server main port = 8848}
2025-05-24 22:13:59.402 [main] INFO  c.a.nacos.common.remote.client.grpc.GrpcClient - grpc client connection server:127.0.0.1 ip,serverPort:9848,grpcTslConfig:{"sslProvider":"OPENSSL","enableTls":false,"mutualAuthEnable":false,"trustAll":false}
2025-05-24 22:14:00.259 [main] INFO  com.alibaba.nacos.common.remote.client - [8d27875b-6c2e-46cf-8627-ae78453da83e_config-0] Success to connect to server [127.0.0.1:8848] on start up, connectionId = 1748096040069_172.17.0.1_39668
2025-05-24 22:14:00.259 [com.alibaba.nacos.client.remote.worker] INFO  com.alibaba.nacos.common.remote.client - [8d27875b-6c2e-46cf-8627-ae78453da83e_config-0] Notify connected event to listeners.
2025-05-24 22:14:00.259 [com.alibaba.nacos.client.remote.worker] INFO  com.alibaba.nacos.client.config.impl.ClientWorker - [8d27875b-6c2e-46cf-8627-ae78453da83e_config-0] Connected,notify listen context...
2025-05-24 22:14:00.259 [main] INFO  com.alibaba.nacos.common.remote.client - [8d27875b-6c2e-46cf-8627-ae78453da83e_config-0] Register server push request handler:com.alibaba.nacos.common.remote.client.RpcClient$ConnectResetRequestHandler
2025-05-24 22:14:00.260 [main] INFO  com.alibaba.nacos.common.remote.client - [8d27875b-6c2e-46cf-8627-ae78453da83e_config-0] Register server push request handler:com.alibaba.nacos.common.remote.client.RpcClient$$Lambda$605/0x000001c8ce4d6608
2025-05-24 22:14:00.290 [main] INFO  com.alibaba.nacos.client.config.impl.Limiter - limitTime:5.0
2025-05-24 22:14:00.311 [main] INFO  com.alibaba.nacos.client.config.utils.JvmUtil - isMultiInstance:false
2025-05-24 22:14:00.322 [main] WARN  c.a.cloud.nacos.client.NacosPropertySourceBuilder - Ignore the empty nacos configuration and get it based on dataId[rxs-auth.yaml] & group[DEFAULT_GROUP]
2025-05-24 22:14:00.332 [main] INFO  o.s.c.b.c.PropertySourceBootstrapConfiguration - Located property source: [BootstrapPropertySource {name='bootstrapProperties-rxs-auth-dev.yaml,DEFAULT_GROUP'}, BootstrapPropertySource {name='bootstrapProperties-rxs-auth.yaml,DEFAULT_GROUP'}, BootstrapPropertySource {name='bootstrapProperties-rxs-auth,DEFAULT_GROUP'}]
2025-05-24 22:14:00.351 [main] WARN  com.alibaba.nacos.client.logging.NacosLogging - Load Logback Configuration of Nacos fail, message: Could not initialize Logback Nacos logging from classpath:nacos-logback.xml
2025-05-24 22:14:00.352 [main] INFO  com.xdurxs.rxs.auth.RxsAuthApplication - The following 1 profile is active: "dev"
2025-05-24 22:14:00.850 [main] INFO  o.s.d.r.config.RepositoryConfigurationDelegate - Multiple Spring Data modules found, entering strict repository configuration mode
2025-05-24 22:14:00.853 [main] INFO  o.s.d.r.config.RepositoryConfigurationDelegate - Bootstrapping Spring Data Redis repositories in DEFAULT mode.
2025-05-24 22:14:00.873 [main] INFO  o.s.d.r.config.RepositoryConfigurationDelegate - Finished Spring Data repository scanning in 8 ms. Found 0 Redis repository interfaces.
2025-05-24 22:14:00.978 [main] INFO  o.springframework.cloud.context.scope.GenericScope - BeanFactory id=11f45e1c-c5d5-3f52-8084-e80749633121
2025-05-24 22:14:01.414 [main] INFO  o.s.boot.web.embedded.tomcat.TomcatWebServer - Tomcat initialized with port(s): 8080 (http)
2025-05-24 22:14:01.423 [main] INFO  org.apache.catalina.core.StandardService - Starting service [Tomcat]
2025-05-24 22:14:01.423 [main] INFO  org.apache.catalina.core.StandardEngine - Starting Servlet engine: [Apache Tomcat/10.1.5]
2025-05-24 22:14:01.479 [main] INFO  o.a.c.core.ContainerBase.[Tomcat].[localhost].[/] - Initializing Spring embedded WebApplicationContext
2025-05-24 22:14:01.479 [main] INFO  o.s.b.w.s.c.ServletWebServerApplicationContext - Root WebApplicationContext: initialization completed in 1115 ms
2025-05-24 22:14:01.570 [main] INFO  c.a.d.s.b.a.DruidDataSourceAutoConfigure - Init DruidDataSource
2025-05-24 22:14:01.817 [main] INFO  com.alibaba.druid.pool.DruidDataSource - {dataSource-1} inited
2025-05-24 22:14:03.113 [main] INFO  o.s.boot.web.embedded.tomcat.TomcatWebServer - Tomcat started on port(s): 8080 (http) with context path ''
2025-05-24 22:14:03.116 [main] INFO  com.alibaba.nacos.client.naming - initializer namespace from ans.namespace attribute : null
2025-05-24 22:14:03.117 [main] INFO  com.alibaba.nacos.client.naming - initializer namespace from ALIBABA_ALIWARE_NAMESPACE attribute :null
2025-05-24 22:14:03.117 [main] INFO  com.alibaba.nacos.client.naming - initializer namespace from namespace attribute :null
2025-05-24 22:14:03.123 [main] INFO  c.a.n.p.auth.spi.client.ClientAuthPluginManager - [ClientAuthPluginManager] Load ClientAuthService com.alibaba.nacos.client.auth.impl.NacosClientAuthServiceImpl success.
2025-05-24 22:14:03.123 [main] INFO  c.a.n.p.auth.spi.client.ClientAuthPluginManager - [ClientAuthPluginManager] Load ClientAuthService com.alibaba.nacos.client.auth.ram.RamClientAuthServiceImpl success.
2025-05-24 22:14:03.126 [main] INFO  com.alibaba.nacos.common.remote.client - [RpcClientFactory] create a new rpc client of 0b6e3973-1e32-4aaa-97ce-9e352f09ed74
2025-05-24 22:14:03.127 [main] INFO  com.alibaba.nacos.common.remote.client - [0b6e3973-1e32-4aaa-97ce-9e352f09ed74] RpcClient init, ServerListFactory = com.alibaba.nacos.client.naming.core.ServerListManager
2025-05-24 22:14:03.127 [main] INFO  com.alibaba.nacos.common.remote.client - [0b6e3973-1e32-4aaa-97ce-9e352f09ed74] Registry connection listener to current client:com.alibaba.nacos.client.naming.remote.gprc.redo.NamingGrpcRedoService
2025-05-24 22:14:03.127 [main] INFO  com.alibaba.nacos.common.remote.client - [0b6e3973-1e32-4aaa-97ce-9e352f09ed74] Register server push request handler:com.alibaba.nacos.client.naming.remote.gprc.NamingPushRequestHandler
2025-05-24 22:14:03.127 [main] INFO  com.alibaba.nacos.common.remote.client - [0b6e3973-1e32-4aaa-97ce-9e352f09ed74] Try to connect to server on start up, server: {serverIp = '127.0.0.1', server main port = 8848}
2025-05-24 22:14:03.127 [main] INFO  c.a.nacos.common.remote.client.grpc.GrpcClient - grpc client connection server:127.0.0.1 ip,serverPort:9848,grpcTslConfig:{"sslProvider":"OPENSSL","enableTls":false,"mutualAuthEnable":false,"trustAll":false}
2025-05-24 22:14:03.240 [main] INFO  com.alibaba.nacos.common.remote.client - [0b6e3973-1e32-4aaa-97ce-9e352f09ed74] Success to connect to server [127.0.0.1:8848] on start up, connectionId = 1748096043131_172.17.0.1_39682
2025-05-24 22:14:03.240 [main] INFO  com.alibaba.nacos.common.remote.client - [0b6e3973-1e32-4aaa-97ce-9e352f09ed74] Register server push request handler:com.alibaba.nacos.common.remote.client.RpcClient$ConnectResetRequestHandler
2025-05-24 22:14:03.240 [com.alibaba.nacos.client.remote.worker] INFO  com.alibaba.nacos.common.remote.client - [0b6e3973-1e32-4aaa-97ce-9e352f09ed74] Notify connected event to listeners.
2025-05-24 22:14:03.240 [main] INFO  com.alibaba.nacos.common.remote.client - [0b6e3973-1e32-4aaa-97ce-9e352f09ed74] Register server push request handler:com.alibaba.nacos.common.remote.client.RpcClient$$Lambda$605/0x000001c8ce4d6608
2025-05-24 22:14:03.240 [com.alibaba.nacos.client.remote.worker] INFO  com.alibaba.nacos.client.naming - Grpc connection connect
2025-05-24 22:14:03.241 [main] INFO  com.alibaba.nacos.client.naming - [REGISTER-SERVICE] ruixiaosi registering service rxs-auth with instance Instance{instanceId='null', ip='172.22.176.1', port=8080, weight=1.0, healthy=true, enabled=true, ephemeral=true, clusterName='DEFAULT', serviceName='null', metadata={IPv6=[2001:250:1006:aaaa:0:0:0:351e], preserved.register.source=SPRING_CLOUD}}
2025-05-24 22:14:03.249 [main] INFO  c.a.cloud.nacos.registry.NacosServiceRegistry - nacos registry, DEFAULT_GROUP rxs-auth 172.22.176.1:8080 register finished
2025-05-24 22:14:03.440 [main] INFO  com.xdurxs.rxs.auth.RxsAuthApplication - Started RxsAuthApplication in 5.061 seconds (process running for 5.446)
2025-05-24 22:14:03.441 [main] INFO  c.x.r.auth.runner.PushRolePermissions2RedisRunner - ==> 服务启动，开始同步角色权限数据到 Redis 中...
2025-05-24 22:14:03.774 [main] DEBUG c.x.r.a.d.mapper.RoleDOMapper.selectEnabledList - ==>  Preparing: select id, role_key, role_name from t_role where status = 0 and is_deleted = 0
2025-05-24 22:14:03.877 [main] DEBUG c.x.r.a.d.mapper.RoleDOMapper.selectEnabledList - ==> Parameters: 
2025-05-24 22:14:03.890 [main] DEBUG c.x.r.a.d.mapper.RoleDOMapper.selectEnabledList - <==      Total: 1
2025-05-24 22:14:03.902 [main] DEBUG c.x.r.a.d.m.RolePermissionDOMapper.selectByRoleIds - ==>  Preparing: select role_id, permission_id from t_role_permission_rel where role_id in ( ? )
2025-05-24 22:14:03.904 [main] DEBUG c.x.r.a.d.m.RolePermissionDOMapper.selectByRoleIds - ==> Parameters: 1(Long)
2025-05-24 22:14:03.905 [main] DEBUG c.x.r.a.d.m.RolePermissionDOMapper.selectByRoleIds - <==      Total: 2
2025-05-24 22:14:03.906 [main] DEBUG c.x.r.a.d.m.P.selectAppEnabledList - ==>  Preparing: select id, name, permission_key from t_permission where status = 0 and type = 3 and is_deleted = 0
2025-05-24 22:14:03.907 [main] DEBUG c.x.r.a.d.m.P.selectAppEnabledList - ==> Parameters: 
2025-05-24 22:14:03.908 [main] DEBUG c.x.r.a.d.m.P.selectAppEnabledList - <==      Total: 2
2025-05-24 22:14:03.917 [main] INFO  c.x.r.auth.runner.PushRolePermissions2RedisRunner - ==> 服务启动，成功同步角色权限数据到 Redis 中...
2025-05-24 22:14:03.919 [main] INFO  com.alibaba.nacos.client.config.impl.CacheData - nacos.cache.data.init.snapshot = true 
2025-05-24 22:14:03.919 [main] INFO  com.alibaba.nacos.client.config.impl.ClientWorker - [fixed-ruixiaosi-127.0.0.1_8848] [subscribe] rxs-auth.yaml+DEFAULT_GROUP+ruixiaosi
2025-05-24 22:14:03.924 [main] INFO  com.alibaba.nacos.client.config.impl.CacheData - [fixed-ruixiaosi-127.0.0.1_8848] [add-listener] ok, tenant=ruixiaosi, dataId=rxs-auth.yaml, group=DEFAULT_GROUP, cnt=1
2025-05-24 22:14:03.924 [main] INFO  c.a.cloud.nacos.refresh.NacosContextRefresher - [Nacos Config] Listening config: dataId=rxs-auth.yaml, group=DEFAULT_GROUP
2025-05-24 22:14:03.924 [main] INFO  com.alibaba.nacos.client.config.impl.ClientWorker - [fixed-ruixiaosi-127.0.0.1_8848] [subscribe] rxs-auth-dev.yaml+DEFAULT_GROUP+ruixiaosi
2025-05-24 22:14:03.924 [main] INFO  com.alibaba.nacos.client.config.impl.CacheData - [fixed-ruixiaosi-127.0.0.1_8848] [add-listener] ok, tenant=ruixiaosi, dataId=rxs-auth-dev.yaml, group=DEFAULT_GROUP, cnt=1
2025-05-24 22:14:03.924 [main] INFO  c.a.cloud.nacos.refresh.NacosContextRefresher - [Nacos Config] Listening config: dataId=rxs-auth-dev.yaml, group=DEFAULT_GROUP
2025-05-24 22:14:03.925 [main] INFO  com.alibaba.nacos.client.config.impl.ClientWorker - [fixed-ruixiaosi-127.0.0.1_8848] [subscribe] rxs-auth+DEFAULT_GROUP+ruixiaosi
2025-05-24 22:14:03.925 [main] INFO  com.alibaba.nacos.client.config.impl.CacheData - [fixed-ruixiaosi-127.0.0.1_8848] [add-listener] ok, tenant=ruixiaosi, dataId=rxs-auth, group=DEFAULT_GROUP, cnt=1
2025-05-24 22:14:03.925 [main] INFO  c.a.cloud.nacos.refresh.NacosContextRefresher - [Nacos Config] Listening config: dataId=rxs-auth, group=DEFAULT_GROUP
2025-05-24 22:14:42.527 [http-nio-8080-exec-2] INFO  o.a.c.core.ContainerBase.[Tomcat].[localhost].[/] - Initializing Spring DispatcherServlet 'dispatcherServlet'
2025-05-24 22:14:42.527 [http-nio-8080-exec-2] INFO  org.springframework.web.servlet.DispatcherServlet - Initializing Servlet 'dispatcherServlet'
2025-05-24 22:14:42.528 [http-nio-8080-exec-2] INFO  org.springframework.web.servlet.DispatcherServlet - Completed initialization in 1 ms
2025-05-24 22:14:42.533 [http-nio-8080-exec-2] INFO  c.x.rxs.auth.filter.HeaderUserId2ContextFilter - ## HeaderUserId2ContextFilter, 用户 ID: null
2025-05-24 22:14:42.596 [http-nio-8080-exec-2] INFO  c.x.f.b.operationlog.aspect.ApiOperationLogAspect - ====== 请求开始: [发送短信验证码], 入参: {"phone":"15335932301"}, 请求类: VerificationCodeController, 请求方法: send =================================== 
2025-05-24 22:14:42.601 [http-nio-8080-exec-2] INFO  c.x.r.a.service.impl.VerificationCodeServiceImpl - ==> 手机号: 15335932301, 已发送验证码：【976657】
2025-05-24 22:14:42.604 [http-nio-8080-exec-2] INFO  c.x.f.b.operationlog.aspect.ApiOperationLogAspect - ====== 请求结束: [发送短信验证码], 耗时: 8ms, 出参: {"success":true,"message":null,"errorCode":null,"data":null} =================================== 
2025-05-24 22:16:38.882 [http-nio-8080-exec-5] INFO  c.x.rxs.auth.filter.HeaderUserId2ContextFilter - ## HeaderUserId2ContextFilter, 用户 ID: null
2025-05-24 22:16:38.888 [http-nio-8080-exec-5] INFO  c.x.f.b.operationlog.aspect.ApiOperationLogAspect - ====== 请求开始: [用户登录/注册], 入参: {"phone":"15335932301","code":"976657","password":null,"type":1}, 请求类: UserController, 请求方法: loginAndRegister =================================== 
2025-05-24 22:16:38.897 [http-nio-8080-exec-5] DEBUG c.x.r.a.domain.mapper.UserDOMapper.selectByPhone - ==>  Preparing: select id,password from t_user where phone = ?
2025-05-24 22:16:38.898 [http-nio-8080-exec-5] DEBUG c.x.r.a.domain.mapper.UserDOMapper.selectByPhone - ==> Parameters: 15335932301(String)
2025-05-24 22:16:38.899 [http-nio-8080-exec-5] DEBUG c.x.r.a.domain.mapper.UserDOMapper.selectByPhone - <==      Total: 1
2025-05-24 22:16:38.901 [http-nio-8080-exec-5] INFO  com.xdurxs.rxs.auth.service.impl.UserServiceImpl - ==> 用户是否注册, phone: 15335932301, userDO: {"id":1,"xiaohashuId":null,"password":null,"nickname":null,"avatar":null,"birthday":null,"backgroundImg":null,"phone":null,"sex":null,"status":null,"introduction":null,"createTime":null,"updateTime":null,"isDeleted":null}
2025-05-24 22:16:38.902 [http-nio-8080-exec-5] DEBUG c.x.r.a.d.m.UserRoleDOMapper.selectByPrimaryKey - ==>  Preparing: select id, user_id, role_id, create_time, update_time, is_deleted from t_user_role_rel where id = ?
2025-05-24 22:16:38.902 [http-nio-8080-exec-5] DEBUG c.x.r.a.d.m.UserRoleDOMapper.selectByPrimaryKey - ==> Parameters: 1(Long)
2025-05-24 22:16:38.905 [http-nio-8080-exec-5] DEBUG c.x.r.a.d.m.UserRoleDOMapper.selectByPrimaryKey - <==      Total: 1
2025-05-24 22:16:38.906 [http-nio-8080-exec-5] DEBUG c.x.r.a.d.mapper.RoleDOMapper.selectByPrimaryKey - ==>  Preparing: select id, role_name, role_key, `status`, sort, remark, create_time, update_time, is_deleted from t_role where id = ?
2025-05-24 22:16:38.906 [http-nio-8080-exec-5] DEBUG c.x.r.a.d.mapper.RoleDOMapper.selectByPrimaryKey - ==> Parameters: 1(Long)
2025-05-24 22:16:38.908 [http-nio-8080-exec-5] DEBUG c.x.r.a.d.mapper.RoleDOMapper.selectByPrimaryKey - <==      Total: 1
2025-05-24 22:16:38.950 [http-nio-8080-exec-5] INFO  c.x.f.b.operationlog.aspect.ApiOperationLogAspect - ====== 请求结束: [用户登录/注册], 耗时: 63ms, 出参: {"success":true,"message":null,"errorCode":null,"data":"3881999a-0aa0-4d2a-8bd9-eb8140ea796c"} =================================== 
2025-05-24 22:38:57.046 [Thread-9] WARN  com.alibaba.nacos.common.notify.NotifyCenter - [NotifyCenter] Start destroying Publisher
2025-05-24 22:38:57.046 [Thread-2] WARN  c.alibaba.nacos.common.http.HttpClientBeanHolder - [HttpClientBeanHolder] Start destroying common HttpClient
2025-05-24 22:38:57.047 [Thread-9] WARN  com.alibaba.nacos.common.notify.NotifyCenter - [NotifyCenter] Destruction of the end
2025-05-24 22:38:57.047 [Thread-2] WARN  c.alibaba.nacos.common.http.HttpClientBeanHolder - [HttpClientBeanHolder] Destruction of the end
2025-05-24 22:38:57.078 [SpringApplicationShutdownHook] INFO  c.a.cloud.nacos.registry.NacosServiceRegistry - De-registering from Nacos Server now...
2025-05-24 22:38:57.078 [SpringApplicationShutdownHook] INFO  com.alibaba.nacos.client.naming - [DEREGISTER-SERVICE] ruixiaosi deregistering service rxs-auth with instance: Instance{instanceId='null', ip='172.22.176.1', port=8080, weight=1.0, healthy=true, enabled=true, ephemeral=true, clusterName='DEFAULT', serviceName='null', metadata={}}
2025-05-24 22:38:57.081 [SpringApplicationShutdownHook] INFO  c.a.cloud.nacos.registry.NacosServiceRegistry - De-registration finished.
2025-05-24 22:38:57.081 [SpringApplicationShutdownHook] INFO  com.alibaba.nacos.client.naming - com.alibaba.nacos.client.naming.cache.ServiceInfoHolder do shutdown begin
2025-05-24 22:38:57.081 [SpringApplicationShutdownHook] INFO  com.alibaba.nacos.client.naming - com.alibaba.nacos.client.naming.backups.FailoverReactor do shutdown begin
2025-05-24 22:38:57.081 [SpringApplicationShutdownHook] INFO  com.alibaba.nacos.client.naming - com.alibaba.nacos.client.naming.backups.FailoverReactor do shutdown stop
2025-05-24 22:38:57.081 [SpringApplicationShutdownHook] INFO  com.alibaba.nacos.client.naming - com.alibaba.nacos.client.naming.cache.ServiceInfoHolder do shutdown stop
2025-05-24 22:38:57.081 [SpringApplicationShutdownHook] INFO  com.alibaba.nacos.client.naming - com.alibaba.nacos.client.naming.remote.NamingClientProxyDelegate do shutdown begin
2025-05-24 22:38:57.081 [SpringApplicationShutdownHook] INFO  com.alibaba.nacos.client.naming - com.alibaba.nacos.client.naming.core.ServiceInfoUpdateService do shutdown begin
2025-05-24 22:38:57.081 [SpringApplicationShutdownHook] INFO  com.alibaba.nacos.client.naming - com.alibaba.nacos.client.naming.core.ServiceInfoUpdateService do shutdown stop
2025-05-24 22:38:57.081 [SpringApplicationShutdownHook] INFO  com.alibaba.nacos.client.naming - com.alibaba.nacos.client.naming.core.ServerListManager do shutdown begin
2025-05-24 22:38:57.081 [SpringApplicationShutdownHook] WARN  com.alibaba.nacos.client.naming - [NamingHttpClientManager] Start destroying NacosRestTemplate
2025-05-24 22:38:57.081 [SpringApplicationShutdownHook] WARN  com.alibaba.nacos.client.naming - [NamingHttpClientManager] Destruction of the end
2025-05-24 22:38:57.081 [SpringApplicationShutdownHook] INFO  com.alibaba.nacos.client.naming - com.alibaba.nacos.client.naming.core.ServerListManager do shutdown stop
2025-05-24 22:38:57.082 [SpringApplicationShutdownHook] INFO  com.alibaba.nacos.client.naming - com.alibaba.nacos.client.naming.remote.http.NamingHttpClientProxy do shutdown begin
2025-05-24 22:38:57.082 [SpringApplicationShutdownHook] WARN  com.alibaba.nacos.client.naming - [NamingHttpClientManager] Start destroying NacosRestTemplate
2025-05-24 22:38:57.082 [SpringApplicationShutdownHook] WARN  com.alibaba.nacos.client.naming - [NamingHttpClientManager] Destruction of the end
2025-05-24 22:38:57.082 [SpringApplicationShutdownHook] INFO  com.alibaba.nacos.client.naming - com.alibaba.nacos.client.naming.remote.http.NamingHttpClientProxy do shutdown stop
2025-05-24 22:38:57.082 [SpringApplicationShutdownHook] INFO  com.alibaba.nacos.common.remote.client - Shutdown rpc client, set status to shutdown
2025-05-24 22:38:57.082 [SpringApplicationShutdownHook] INFO  com.alibaba.nacos.common.remote.client - Shutdown client event executor java.util.concurrent.ScheduledThreadPoolExecutor@53672bd1[Running, pool size = 2, active threads = 2, queued tasks = 0, completed tasks = 0]
2025-05-24 22:38:57.082 [SpringApplicationShutdownHook] INFO  com.alibaba.nacos.common.remote.client - Close current connection 1748096043131_172.17.0.1_39682
2025-05-24 22:38:57.083 [nacos-grpc-client-executor-127.0.0.1-317] INFO  c.a.nacos.common.remote.client.grpc.GrpcClient - [1748096043131_172.17.0.1_39682]Ignore complete event,isRunning:false,isAbandon=false
2025-05-24 22:38:57.084 [SpringApplicationShutdownHook] INFO  c.a.nacos.common.remote.client.grpc.GrpcClient - Shutdown grpc executor java.util.concurrent.ThreadPoolExecutor@4f12a250[Running, pool size = 4, active threads = 0, queued tasks = 0, completed tasks = 318]
2025-05-24 22:38:57.084 [SpringApplicationShutdownHook] INFO  com.alibaba.nacos.client.naming - Shutdown grpc redo service executor java.util.concurrent.ScheduledThreadPoolExecutor@55e6b58e[Running, pool size = 1, active threads = 0, queued tasks = 1, completed tasks = 496]
2025-05-24 22:38:57.084 [SpringApplicationShutdownHook] INFO  c.a.n.client.auth.ram.identify.CredentialWatcher - [null] CredentialWatcher is stopped
2025-05-24 22:38:57.084 [SpringApplicationShutdownHook] INFO  c.a.n.client.auth.ram.identify.CredentialService - [null] CredentialService is freed
2025-05-24 22:38:57.084 [SpringApplicationShutdownHook] INFO  com.alibaba.nacos.client.naming - com.alibaba.nacos.client.naming.remote.NamingClientProxyDelegate do shutdown stop
2025-05-24 22:38:57.203 [SpringApplicationShutdownHook] INFO  com.alibaba.druid.pool.DruidDataSource - {dataSource-1} closing ...
2025-05-24 22:38:57.204 [SpringApplicationShutdownHook] INFO  com.alibaba.druid.pool.DruidDataSource - {dataSource-1} closed
