2025-05-21 17:29:29.849 [http-nio-8080-exec-9] INFO  c.x.f.b.operationlog.aspect.ApiOperationLogAspect - ====== 请求开始: [账号登出], 入参: , 请求类: UserController, 请求方法: logout =================================== 
2025-05-21 17:29:29.850 [http-nio-8080-exec-9] INFO  c.x.f.b.operationlog.aspect.ApiOperationLogAspect - ====== 请求结束: [账号登出], 耗时: 1ms, 出参: {"success":true,"message":null,"errorCode":null,"data":null} =================================== 
2025-05-21 17:37:03.462 [Thread-2] WARN  c.alibaba.nacos.common.http.HttpClientBeanHolder - [HttpClientBeanHolder] Start destroying common HttpClient
2025-05-21 17:37:03.461 [Thread-9] WARN  com.alibaba.nacos.common.notify.NotifyCenter - [NotifyCenter] Start destroying Publisher
2025-05-21 17:37:03.462 [Thread-9] WARN  com.alibaba.nacos.common.notify.NotifyCenter - [NotifyCenter] Destruction of the end
2025-05-21 17:37:03.462 [Thread-2] WARN  c.alibaba.nacos.common.http.HttpClientBeanHolder - [HttpClientBeanHolder] Destruction of the end
2025-05-21 17:37:03.489 [SpringApplicationShutdownHook] INFO  c.a.cloud.nacos.registry.NacosServiceRegistry - De-registering from Nacos Server now...
2025-05-21 17:37:03.489 [SpringApplicationShutdownHook] INFO  com.alibaba.nacos.client.naming - [DEREGISTER-SERVICE] ruixiaosi deregistering service rxs-auth with instance: Instance{instanceId='null', ip='172.22.176.1', port=8080, weight=1.0, healthy=true, enabled=true, ephemeral=true, clusterName='DEFAULT', serviceName='null', metadata={}}
2025-05-21 17:37:03.491 [SpringApplicationShutdownHook] INFO  c.a.cloud.nacos.registry.NacosServiceRegistry - De-registration finished.
2025-05-21 17:37:03.492 [SpringApplicationShutdownHook] INFO  com.alibaba.nacos.client.naming - com.alibaba.nacos.client.naming.cache.ServiceInfoHolder do shutdown begin
2025-05-21 17:37:03.492 [SpringApplicationShutdownHook] INFO  com.alibaba.nacos.client.naming - com.alibaba.nacos.client.naming.backups.FailoverReactor do shutdown begin
2025-05-21 17:37:03.492 [SpringApplicationShutdownHook] INFO  com.alibaba.nacos.client.naming - com.alibaba.nacos.client.naming.backups.FailoverReactor do shutdown stop
2025-05-21 17:37:03.492 [SpringApplicationShutdownHook] INFO  com.alibaba.nacos.client.naming - com.alibaba.nacos.client.naming.cache.ServiceInfoHolder do shutdown stop
2025-05-21 17:37:03.492 [SpringApplicationShutdownHook] INFO  com.alibaba.nacos.client.naming - com.alibaba.nacos.client.naming.remote.NamingClientProxyDelegate do shutdown begin
2025-05-21 17:37:03.492 [SpringApplicationShutdownHook] INFO  com.alibaba.nacos.client.naming - com.alibaba.nacos.client.naming.core.ServiceInfoUpdateService do shutdown begin
2025-05-21 17:37:03.492 [SpringApplicationShutdownHook] INFO  com.alibaba.nacos.client.naming - com.alibaba.nacos.client.naming.core.ServiceInfoUpdateService do shutdown stop
2025-05-21 17:37:03.492 [SpringApplicationShutdownHook] INFO  com.alibaba.nacos.client.naming - com.alibaba.nacos.client.naming.core.ServerListManager do shutdown begin
2025-05-21 17:37:03.492 [SpringApplicationShutdownHook] WARN  com.alibaba.nacos.client.naming - [NamingHttpClientManager] Start destroying NacosRestTemplate
2025-05-21 17:37:03.492 [SpringApplicationShutdownHook] WARN  com.alibaba.nacos.client.naming - [NamingHttpClientManager] Destruction of the end
2025-05-21 17:37:03.492 [SpringApplicationShutdownHook] INFO  com.alibaba.nacos.client.naming - com.alibaba.nacos.client.naming.core.ServerListManager do shutdown stop
2025-05-21 17:37:03.492 [SpringApplicationShutdownHook] INFO  com.alibaba.nacos.client.naming - com.alibaba.nacos.client.naming.remote.http.NamingHttpClientProxy do shutdown begin
2025-05-21 17:37:03.492 [SpringApplicationShutdownHook] WARN  com.alibaba.nacos.client.naming - [NamingHttpClientManager] Start destroying NacosRestTemplate
2025-05-21 17:37:03.492 [SpringApplicationShutdownHook] WARN  com.alibaba.nacos.client.naming - [NamingHttpClientManager] Destruction of the end
2025-05-21 17:37:03.492 [SpringApplicationShutdownHook] INFO  com.alibaba.nacos.client.naming - com.alibaba.nacos.client.naming.remote.http.NamingHttpClientProxy do shutdown stop
2025-05-21 17:37:03.492 [SpringApplicationShutdownHook] INFO  com.alibaba.nacos.common.remote.client - Shutdown rpc client, set status to shutdown
2025-05-21 17:37:03.492 [SpringApplicationShutdownHook] INFO  com.alibaba.nacos.common.remote.client - Shutdown client event executor java.util.concurrent.ScheduledThreadPoolExecutor@17641f6f[Running, pool size = 2, active threads = 2, queued tasks = 0, completed tasks = 0]
2025-05-21 17:37:03.492 [SpringApplicationShutdownHook] INFO  com.alibaba.nacos.common.remote.client - Close current connection 1747641995930_172.17.0.1_60008
2025-05-21 17:37:03.494 [nacos-grpc-client-executor-127.0.0.1-35642] INFO  c.a.nacos.common.remote.client.grpc.GrpcClient - [1747641995930_172.17.0.1_60008]Ignore complete event,isRunning:false,isAbandon=false
2025-05-21 17:37:03.495 [SpringApplicationShutdownHook] INFO  c.a.nacos.common.remote.client.grpc.GrpcClient - Shutdown grpc executor java.util.concurrent.ThreadPoolExecutor@60911b2c[Running, pool size = 4, active threads = 0, queued tasks = 0, completed tasks = 35643]
2025-05-21 17:37:03.495 [SpringApplicationShutdownHook] INFO  com.alibaba.nacos.client.naming - Shutdown grpc redo service executor java.util.concurrent.ScheduledThreadPoolExecutor@7ab60b68[Running, pool size = 1, active threads = 0, queued tasks = 1, completed tasks = 59255]
2025-05-21 17:37:03.496 [SpringApplicationShutdownHook] INFO  c.a.n.client.auth.ram.identify.CredentialWatcher - [null] CredentialWatcher is stopped
2025-05-21 17:37:03.496 [SpringApplicationShutdownHook] INFO  c.a.n.client.auth.ram.identify.CredentialService - [null] CredentialService is freed
2025-05-21 17:37:03.496 [SpringApplicationShutdownHook] INFO  com.alibaba.nacos.client.naming - com.alibaba.nacos.client.naming.remote.NamingClientProxyDelegate do shutdown stop
2025-05-21 17:37:03.616 [SpringApplicationShutdownHook] INFO  com.alibaba.druid.pool.DruidDataSource - {dataSource-1} closing ...
2025-05-21 17:37:03.617 [SpringApplicationShutdownHook] INFO  com.alibaba.druid.pool.DruidDataSource - {dataSource-1} closed
2025-05-21 17:37:08.076 [main] WARN  com.alibaba.nacos.client.logging.NacosLogging - Load Logback Configuration of Nacos fail, message: Could not initialize Logback Nacos logging from classpath:nacos-logback.xml
2025-05-21 17:37:08.111 [main] WARN  com.alibaba.nacos.client.logging.NacosLogging - Load Logback Configuration of Nacos fail, message: Could not initialize Logback Nacos logging from classpath:nacos-logback.xml
2025-05-21 17:37:08.250 [main] WARN  com.alibaba.nacos.client.logging.NacosLogging - Load Logback Configuration of Nacos fail, message: Could not initialize Logback Nacos logging from classpath:nacos-logback.xml
2025-05-21 17:37:08.251 [main] INFO  com.alibaba.nacos.client.utils.ParamUtil - [settings] [req-serv] nacos-server port:8848
2025-05-21 17:37:08.251 [main] INFO  com.alibaba.nacos.client.utils.ParamUtil - [settings] [http-client] connect timeout:1000
2025-05-21 17:37:08.252 [main] INFO  com.alibaba.nacos.client.utils.ParamUtil - PER_TASK_CONFIG_SIZE: 3000.0
2025-05-21 17:37:08.269 [main] INFO  c.a.n.p.auth.spi.client.ClientAuthPluginManager - [ClientAuthPluginManager] Load ClientAuthService com.alibaba.nacos.client.auth.impl.NacosClientAuthServiceImpl success.
2025-05-21 17:37:08.269 [main] INFO  c.a.n.p.auth.spi.client.ClientAuthPluginManager - [ClientAuthPluginManager] Load ClientAuthService com.alibaba.nacos.client.auth.ram.RamClientAuthServiceImpl success.
2025-05-21 17:37:08.271 [main] INFO  c.a.n.client.auth.ram.identify.CredentialWatcher - null No credential found
2025-05-21 17:37:08.518 [main] WARN  com.alibaba.nacos.client.logging.NacosLogging - Load Logback Configuration of Nacos fail, message: Could not initialize Logback Nacos logging from classpath:nacos-logback.xml
2025-05-21 17:37:08.526 [main] INFO  c.a.n.client.config.impl.LocalConfigInfoProcessor - LOCAL_SNAPSHOT_PATH:C:\Users\Administrator\nacos\config
2025-05-21 17:37:08.529 [main] INFO  com.alibaba.nacos.common.remote.client - [RpcClientFactory] create a new rpc client of a70a4433-ed9d-4559-a489-8568d430fcc1_config-0
2025-05-21 17:37:08.540 [main] INFO  com.alibaba.nacos.common.remote.client - [a70a4433-ed9d-4559-a489-8568d430fcc1_config-0] Register server push request handler:com.alibaba.nacos.client.config.impl.ClientWorker$ConfigRpcTransportClient$$Lambda$584/0x0000016abb370000
2025-05-21 17:37:08.540 [main] INFO  com.alibaba.nacos.common.remote.client - [a70a4433-ed9d-4559-a489-8568d430fcc1_config-0] Register server push request handler:com.alibaba.nacos.client.config.impl.ClientWorker$ConfigRpcTransportClient$$Lambda$585/0x0000016abb370420
2025-05-21 17:37:08.540 [main] INFO  com.alibaba.nacos.common.remote.client - [a70a4433-ed9d-4559-a489-8568d430fcc1_config-0] Registry connection listener to current client:com.alibaba.nacos.client.config.impl.ClientWorker$ConfigRpcTransportClient$1
2025-05-21 17:37:08.541 [main] INFO  com.alibaba.nacos.common.remote.client - [a70a4433-ed9d-4559-a489-8568d430fcc1_config-0] RpcClient init, ServerListFactory = com.alibaba.nacos.client.config.impl.ClientWorker$ConfigRpcTransportClient$2
2025-05-21 17:37:08.546 [main] INFO  com.alibaba.nacos.common.remote.client - [a70a4433-ed9d-4559-a489-8568d430fcc1_config-0] Try to connect to server on start up, server: {serverIp = '127.0.0.1', server main port = 8848}
2025-05-21 17:37:08.567 [main] INFO  c.a.nacos.common.remote.client.grpc.GrpcClient - grpc client connection server:127.0.0.1 ip,serverPort:9848,grpcTslConfig:{"sslProvider":"OPENSSL","enableTls":false,"mutualAuthEnable":false,"trustAll":false}
2025-05-21 17:37:09.308 [main] INFO  com.alibaba.nacos.common.remote.client - [a70a4433-ed9d-4559-a489-8568d430fcc1_config-0] Success to connect to server [127.0.0.1:8848] on start up, connectionId = 1747820229147_172.17.0.1_51246
2025-05-21 17:37:09.308 [com.alibaba.nacos.client.remote.worker] INFO  com.alibaba.nacos.common.remote.client - [a70a4433-ed9d-4559-a489-8568d430fcc1_config-0] Notify connected event to listeners.
2025-05-21 17:37:09.308 [com.alibaba.nacos.client.remote.worker] INFO  com.alibaba.nacos.client.config.impl.ClientWorker - [a70a4433-ed9d-4559-a489-8568d430fcc1_config-0] Connected,notify listen context...
2025-05-21 17:37:09.309 [main] INFO  com.alibaba.nacos.common.remote.client - [a70a4433-ed9d-4559-a489-8568d430fcc1_config-0] Register server push request handler:com.alibaba.nacos.common.remote.client.RpcClient$ConnectResetRequestHandler
2025-05-21 17:37:09.309 [main] INFO  com.alibaba.nacos.common.remote.client - [a70a4433-ed9d-4559-a489-8568d430fcc1_config-0] Register server push request handler:com.alibaba.nacos.common.remote.client.RpcClient$$Lambda$605/0x0000016abb4d8000
2025-05-21 17:37:09.343 [main] INFO  com.alibaba.nacos.client.config.impl.Limiter - limitTime:5.0
2025-05-21 17:37:09.366 [main] INFO  com.alibaba.nacos.client.config.utils.JvmUtil - isMultiInstance:false
2025-05-21 17:37:09.379 [main] WARN  c.a.cloud.nacos.client.NacosPropertySourceBuilder - Ignore the empty nacos configuration and get it based on dataId[rxs-auth.yaml] & group[DEFAULT_GROUP]
2025-05-21 17:37:09.386 [main] INFO  o.s.c.b.c.PropertySourceBootstrapConfiguration - Located property source: [BootstrapPropertySource {name='bootstrapProperties-rxs-auth-dev.yaml,DEFAULT_GROUP'}, BootstrapPropertySource {name='bootstrapProperties-rxs-auth.yaml,DEFAULT_GROUP'}, BootstrapPropertySource {name='bootstrapProperties-rxs-auth,DEFAULT_GROUP'}]
2025-05-21 17:37:09.401 [main] WARN  com.alibaba.nacos.client.logging.NacosLogging - Load Logback Configuration of Nacos fail, message: Could not initialize Logback Nacos logging from classpath:nacos-logback.xml
2025-05-21 17:37:09.402 [main] INFO  com.xdurxs.rxs.auth.RxsAuthApplication - The following 1 profile is active: "dev"
2025-05-21 17:37:09.791 [main] INFO  o.s.d.r.config.RepositoryConfigurationDelegate - Multiple Spring Data modules found, entering strict repository configuration mode
2025-05-21 17:37:09.794 [main] INFO  o.s.d.r.config.RepositoryConfigurationDelegate - Bootstrapping Spring Data Redis repositories in DEFAULT mode.
2025-05-21 17:37:09.811 [main] INFO  o.s.d.r.config.RepositoryConfigurationDelegate - Finished Spring Data repository scanning in 6 ms. Found 0 Redis repository interfaces.
2025-05-21 17:37:09.903 [main] INFO  o.springframework.cloud.context.scope.GenericScope - BeanFactory id=11f45e1c-c5d5-3f52-8084-e80749633121
2025-05-21 17:37:10.218 [main] INFO  o.s.boot.web.embedded.tomcat.TomcatWebServer - Tomcat initialized with port(s): 8080 (http)
2025-05-21 17:37:10.224 [main] INFO  org.apache.catalina.core.StandardService - Starting service [Tomcat]
2025-05-21 17:37:10.224 [main] INFO  org.apache.catalina.core.StandardEngine - Starting Servlet engine: [Apache Tomcat/10.1.5]
2025-05-21 17:37:10.266 [main] INFO  o.a.c.core.ContainerBase.[Tomcat].[localhost].[/] - Initializing Spring embedded WebApplicationContext
2025-05-21 17:37:10.266 [main] INFO  o.s.b.w.s.c.ServletWebServerApplicationContext - Root WebApplicationContext: initialization completed in 855 ms
2025-05-21 17:37:10.330 [main] INFO  c.a.d.s.b.a.DruidDataSourceAutoConfigure - Init DruidDataSource
2025-05-21 17:37:10.513 [main] INFO  com.alibaba.druid.pool.DruidDataSource - {dataSource-1} inited
2025-05-21 17:37:11.594 [main] INFO  o.s.boot.web.embedded.tomcat.TomcatWebServer - Tomcat started on port(s): 8080 (http) with context path ''
2025-05-21 17:37:11.597 [main] INFO  com.alibaba.nacos.client.naming - initializer namespace from ans.namespace attribute : null
2025-05-21 17:37:11.597 [main] INFO  com.alibaba.nacos.client.naming - initializer namespace from ALIBABA_ALIWARE_NAMESPACE attribute :null
2025-05-21 17:37:11.597 [main] INFO  com.alibaba.nacos.client.naming - initializer namespace from namespace attribute :null
2025-05-21 17:37:11.602 [main] INFO  c.a.n.p.auth.spi.client.ClientAuthPluginManager - [ClientAuthPluginManager] Load ClientAuthService com.alibaba.nacos.client.auth.impl.NacosClientAuthServiceImpl success.
2025-05-21 17:37:11.603 [main] INFO  c.a.n.p.auth.spi.client.ClientAuthPluginManager - [ClientAuthPluginManager] Load ClientAuthService com.alibaba.nacos.client.auth.ram.RamClientAuthServiceImpl success.
2025-05-21 17:37:11.605 [main] INFO  com.alibaba.nacos.common.remote.client - [RpcClientFactory] create a new rpc client of 09009b89-85e2-4a6d-9cd2-1f01f80300e7
2025-05-21 17:37:11.606 [main] INFO  com.alibaba.nacos.common.remote.client - [09009b89-85e2-4a6d-9cd2-1f01f80300e7] RpcClient init, ServerListFactory = com.alibaba.nacos.client.naming.core.ServerListManager
2025-05-21 17:37:11.606 [main] INFO  com.alibaba.nacos.common.remote.client - [09009b89-85e2-4a6d-9cd2-1f01f80300e7] Registry connection listener to current client:com.alibaba.nacos.client.naming.remote.gprc.redo.NamingGrpcRedoService
2025-05-21 17:37:11.606 [main] INFO  com.alibaba.nacos.common.remote.client - [09009b89-85e2-4a6d-9cd2-1f01f80300e7] Register server push request handler:com.alibaba.nacos.client.naming.remote.gprc.NamingPushRequestHandler
2025-05-21 17:37:11.607 [main] INFO  com.alibaba.nacos.common.remote.client - [09009b89-85e2-4a6d-9cd2-1f01f80300e7] Try to connect to server on start up, server: {serverIp = '127.0.0.1', server main port = 8848}
2025-05-21 17:37:11.607 [main] INFO  c.a.nacos.common.remote.client.grpc.GrpcClient - grpc client connection server:127.0.0.1 ip,serverPort:9848,grpcTslConfig:{"sslProvider":"OPENSSL","enableTls":false,"mutualAuthEnable":false,"trustAll":false}
2025-05-21 17:37:11.724 [main] INFO  com.alibaba.nacos.common.remote.client - [09009b89-85e2-4a6d-9cd2-1f01f80300e7] Success to connect to server [127.0.0.1:8848] on start up, connectionId = 1747820231612_172.17.0.1_51250
2025-05-21 17:37:11.724 [main] INFO  com.alibaba.nacos.common.remote.client - [09009b89-85e2-4a6d-9cd2-1f01f80300e7] Register server push request handler:com.alibaba.nacos.common.remote.client.RpcClient$ConnectResetRequestHandler
2025-05-21 17:37:11.724 [main] INFO  com.alibaba.nacos.common.remote.client - [09009b89-85e2-4a6d-9cd2-1f01f80300e7] Register server push request handler:com.alibaba.nacos.common.remote.client.RpcClient$$Lambda$605/0x0000016abb4d8000
2025-05-21 17:37:11.724 [com.alibaba.nacos.client.remote.worker] INFO  com.alibaba.nacos.common.remote.client - [09009b89-85e2-4a6d-9cd2-1f01f80300e7] Notify connected event to listeners.
2025-05-21 17:37:11.724 [com.alibaba.nacos.client.remote.worker] INFO  com.alibaba.nacos.client.naming - Grpc connection connect
2025-05-21 17:37:11.728 [main] INFO  com.alibaba.nacos.client.naming - [REGISTER-SERVICE] ruixiaosi registering service rxs-auth with instance Instance{instanceId='null', ip='172.22.176.1', port=8080, weight=1.0, healthy=true, enabled=true, ephemeral=true, clusterName='DEFAULT', serviceName='null', metadata={IPv6=[2001:250:1006:aaaa:0:0:0:351e], preserved.register.source=SPRING_CLOUD}}
2025-05-21 17:37:11.741 [main] INFO  c.a.cloud.nacos.registry.NacosServiceRegistry - nacos registry, DEFAULT_GROUP rxs-auth 172.22.176.1:8080 register finished
2025-05-21 17:37:11.931 [main] INFO  com.xdurxs.rxs.auth.RxsAuthApplication - Started RxsAuthApplication in 4.402 seconds (process running for 4.779)
2025-05-21 17:37:11.932 [main] INFO  c.x.r.auth.runner.PushRolePermissions2RedisRunner - ==> 服务启动，开始同步角色权限数据到 Redis 中...
2025-05-21 17:37:12.233 [main] DEBUG c.x.r.a.d.mapper.RoleDOMapper.selectEnabledList - ==>  Preparing: select id, role_key, role_name from t_role where status = 0 and is_deleted = 0
2025-05-21 17:37:12.333 [main] DEBUG c.x.r.a.d.mapper.RoleDOMapper.selectEnabledList - ==> Parameters: 
2025-05-21 17:37:12.345 [main] DEBUG c.x.r.a.d.mapper.RoleDOMapper.selectEnabledList - <==      Total: 1
2025-05-21 17:37:12.356 [main] DEBUG c.x.r.a.d.m.RolePermissionDOMapper.selectByRoleIds - ==>  Preparing: select role_id, permission_id from t_role_permission_rel where role_id in ( ? )
2025-05-21 17:37:12.357 [main] DEBUG c.x.r.a.d.m.RolePermissionDOMapper.selectByRoleIds - ==> Parameters: 1(Long)
2025-05-21 17:37:12.359 [main] DEBUG c.x.r.a.d.m.RolePermissionDOMapper.selectByRoleIds - <==      Total: 2
2025-05-21 17:37:12.360 [main] DEBUG c.x.r.a.d.m.P.selectAppEnabledList - ==>  Preparing: select id, name, permission_key from t_permission where status = 0 and type = 3 and is_deleted = 0
2025-05-21 17:37:12.361 [main] DEBUG c.x.r.a.d.m.P.selectAppEnabledList - ==> Parameters: 
2025-05-21 17:37:12.362 [main] DEBUG c.x.r.a.d.m.P.selectAppEnabledList - <==      Total: 2
2025-05-21 17:37:12.371 [main] INFO  c.x.r.auth.runner.PushRolePermissions2RedisRunner - ==> 服务启动，成功同步角色权限数据到 Redis 中...
2025-05-21 17:37:12.373 [main] INFO  com.alibaba.nacos.client.config.impl.CacheData - nacos.cache.data.init.snapshot = true 
2025-05-21 17:37:12.373 [main] INFO  com.alibaba.nacos.client.config.impl.ClientWorker - [fixed-ruixiaosi-127.0.0.1_8848] [subscribe] rxs-auth.yaml+DEFAULT_GROUP+ruixiaosi
2025-05-21 17:37:12.377 [main] INFO  com.alibaba.nacos.client.config.impl.CacheData - [fixed-ruixiaosi-127.0.0.1_8848] [add-listener] ok, tenant=ruixiaosi, dataId=rxs-auth.yaml, group=DEFAULT_GROUP, cnt=1
2025-05-21 17:37:12.377 [main] INFO  c.a.cloud.nacos.refresh.NacosContextRefresher - [Nacos Config] Listening config: dataId=rxs-auth.yaml, group=DEFAULT_GROUP
2025-05-21 17:37:12.378 [main] INFO  com.alibaba.nacos.client.config.impl.ClientWorker - [fixed-ruixiaosi-127.0.0.1_8848] [subscribe] rxs-auth-dev.yaml+DEFAULT_GROUP+ruixiaosi
2025-05-21 17:37:12.378 [main] INFO  com.alibaba.nacos.client.config.impl.CacheData - [fixed-ruixiaosi-127.0.0.1_8848] [add-listener] ok, tenant=ruixiaosi, dataId=rxs-auth-dev.yaml, group=DEFAULT_GROUP, cnt=1
2025-05-21 17:37:12.378 [main] INFO  c.a.cloud.nacos.refresh.NacosContextRefresher - [Nacos Config] Listening config: dataId=rxs-auth-dev.yaml, group=DEFAULT_GROUP
2025-05-21 17:37:12.378 [main] INFO  com.alibaba.nacos.client.config.impl.ClientWorker - [fixed-ruixiaosi-127.0.0.1_8848] [subscribe] rxs-auth+DEFAULT_GROUP+ruixiaosi
2025-05-21 17:37:12.378 [main] INFO  com.alibaba.nacos.client.config.impl.CacheData - [fixed-ruixiaosi-127.0.0.1_8848] [add-listener] ok, tenant=ruixiaosi, dataId=rxs-auth, group=DEFAULT_GROUP, cnt=1
2025-05-21 17:37:12.378 [main] INFO  c.a.cloud.nacos.refresh.NacosContextRefresher - [Nacos Config] Listening config: dataId=rxs-auth, group=DEFAULT_GROUP
2025-05-21 17:37:56.956 [http-nio-8080-exec-1] INFO  o.a.c.core.ContainerBase.[Tomcat].[localhost].[/] - Initializing Spring DispatcherServlet 'dispatcherServlet'
2025-05-21 17:37:56.957 [http-nio-8080-exec-1] INFO  org.springframework.web.servlet.DispatcherServlet - Initializing Servlet 'dispatcherServlet'
2025-05-21 17:37:56.957 [http-nio-8080-exec-1] INFO  org.springframework.web.servlet.DispatcherServlet - Completed initialization in 0 ms
2025-05-21 17:37:56.962 [http-nio-8080-exec-1] INFO  c.x.rxs.auth.filter.HeaderUserId2ContextFilter - ## HeaderUserId2ContextFilter, 用户 ID: 1
2025-05-21 17:37:56.962 [http-nio-8080-exec-1] INFO  c.x.rxs.auth.filter.HeaderUserId2ContextFilter - ===== 设置 userId 到 ThreadLocal 中， 用户 ID: 1
2025-05-21 17:37:56.979 [http-nio-8080-exec-1] INFO  c.x.f.b.operationlog.aspect.ApiOperationLogAspect - ====== 请求开始: [账号登出], 入参: , 请求类: UserController, 请求方法: logout =================================== 
2025-05-21 17:37:56.979 [http-nio-8080-exec-1] INFO  com.xdurxs.rxs.auth.controller.UserController - ==> 网关透传过来的用户 ID
2025-05-21 17:37:56.979 [http-nio-8080-exec-1] INFO  com.xdurxs.rxs.auth.service.impl.UserServiceImpl - ==> 用户退出登录, userId: 1
2025-05-21 17:37:57.011 [http-nio-8080-exec-1] INFO  c.x.f.b.operationlog.aspect.ApiOperationLogAspect - ====== 请求结束: [账号登出], 耗时: 32ms, 出参: {"success":true,"message":null,"errorCode":null,"data":null} =================================== 
2025-05-21 17:37:57.021 [http-nio-8080-exec-1] INFO  c.x.rxs.auth.filter.HeaderUserId2ContextFilter - ===== 删除 ThreadLocal， userId: 1
2025-05-21 22:49:38.038 [Thread-2] WARN  c.alibaba.nacos.common.http.HttpClientBeanHolder - [HttpClientBeanHolder] Start destroying common HttpClient
2025-05-21 22:49:38.038 [Thread-9] WARN  com.alibaba.nacos.common.notify.NotifyCenter - [NotifyCenter] Start destroying Publisher
2025-05-21 22:49:38.039 [Thread-9] WARN  com.alibaba.nacos.common.notify.NotifyCenter - [NotifyCenter] Destruction of the end
2025-05-21 22:49:38.039 [Thread-2] WARN  c.alibaba.nacos.common.http.HttpClientBeanHolder - [HttpClientBeanHolder] Destruction of the end
2025-05-21 22:49:38.062 [SpringApplicationShutdownHook] INFO  c.a.cloud.nacos.registry.NacosServiceRegistry - De-registering from Nacos Server now...
2025-05-21 22:49:38.062 [SpringApplicationShutdownHook] INFO  com.alibaba.nacos.client.naming - [DEREGISTER-SERVICE] ruixiaosi deregistering service rxs-auth with instance: Instance{instanceId='null', ip='172.22.176.1', port=8080, weight=1.0, healthy=true, enabled=true, ephemeral=true, clusterName='DEFAULT', serviceName='null', metadata={}}
2025-05-21 22:49:38.065 [SpringApplicationShutdownHook] INFO  c.a.cloud.nacos.registry.NacosServiceRegistry - De-registration finished.
2025-05-21 22:49:38.065 [SpringApplicationShutdownHook] INFO  com.alibaba.nacos.client.naming - com.alibaba.nacos.client.naming.cache.ServiceInfoHolder do shutdown begin
2025-05-21 22:49:38.065 [SpringApplicationShutdownHook] INFO  com.alibaba.nacos.client.naming - com.alibaba.nacos.client.naming.backups.FailoverReactor do shutdown begin
2025-05-21 22:49:38.065 [SpringApplicationShutdownHook] INFO  com.alibaba.nacos.client.naming - com.alibaba.nacos.client.naming.backups.FailoverReactor do shutdown stop
2025-05-21 22:49:38.065 [SpringApplicationShutdownHook] INFO  com.alibaba.nacos.client.naming - com.alibaba.nacos.client.naming.cache.ServiceInfoHolder do shutdown stop
2025-05-21 22:49:38.065 [SpringApplicationShutdownHook] INFO  com.alibaba.nacos.client.naming - com.alibaba.nacos.client.naming.remote.NamingClientProxyDelegate do shutdown begin
2025-05-21 22:49:38.065 [SpringApplicationShutdownHook] INFO  com.alibaba.nacos.client.naming - com.alibaba.nacos.client.naming.core.ServiceInfoUpdateService do shutdown begin
2025-05-21 22:49:38.065 [SpringApplicationShutdownHook] INFO  com.alibaba.nacos.client.naming - com.alibaba.nacos.client.naming.core.ServiceInfoUpdateService do shutdown stop
2025-05-21 22:49:38.065 [SpringApplicationShutdownHook] INFO  com.alibaba.nacos.client.naming - com.alibaba.nacos.client.naming.core.ServerListManager do shutdown begin
2025-05-21 22:49:38.065 [SpringApplicationShutdownHook] WARN  com.alibaba.nacos.client.naming - [NamingHttpClientManager] Start destroying NacosRestTemplate
2025-05-21 22:49:38.065 [SpringApplicationShutdownHook] WARN  com.alibaba.nacos.client.naming - [NamingHttpClientManager] Destruction of the end
2025-05-21 22:49:38.065 [SpringApplicationShutdownHook] INFO  com.alibaba.nacos.client.naming - com.alibaba.nacos.client.naming.core.ServerListManager do shutdown stop
2025-05-21 22:49:38.065 [SpringApplicationShutdownHook] INFO  com.alibaba.nacos.client.naming - com.alibaba.nacos.client.naming.remote.http.NamingHttpClientProxy do shutdown begin
2025-05-21 22:49:38.065 [SpringApplicationShutdownHook] WARN  com.alibaba.nacos.client.naming - [NamingHttpClientManager] Start destroying NacosRestTemplate
2025-05-21 22:49:38.065 [SpringApplicationShutdownHook] WARN  com.alibaba.nacos.client.naming - [NamingHttpClientManager] Destruction of the end
2025-05-21 22:49:38.066 [SpringApplicationShutdownHook] INFO  com.alibaba.nacos.client.naming - com.alibaba.nacos.client.naming.remote.http.NamingHttpClientProxy do shutdown stop
2025-05-21 22:49:38.066 [SpringApplicationShutdownHook] INFO  com.alibaba.nacos.common.remote.client - Shutdown rpc client, set status to shutdown
2025-05-21 22:49:38.066 [SpringApplicationShutdownHook] INFO  com.alibaba.nacos.common.remote.client - Shutdown client event executor java.util.concurrent.ScheduledThreadPoolExecutor@1347203f[Running, pool size = 2, active threads = 2, queued tasks = 0, completed tasks = 0]
2025-05-21 22:49:38.066 [SpringApplicationShutdownHook] INFO  com.alibaba.nacos.common.remote.client - Close current connection 1747820231612_172.17.0.1_51250
2025-05-21 22:49:38.067 [SpringApplicationShutdownHook] INFO  c.a.nacos.common.remote.client.grpc.GrpcClient - Shutdown grpc executor java.util.concurrent.ThreadPoolExecutor@a5b0e3e[Running, pool size = 3, active threads = 0, queued tasks = 0, completed tasks = 3759]
2025-05-21 22:49:38.067 [SpringApplicationShutdownHook] INFO  com.alibaba.nacos.client.naming - Shutdown grpc redo service executor java.util.concurrent.ScheduledThreadPoolExecutor@5e915fec[Running, pool size = 1, active threads = 0, queued tasks = 1, completed tasks = 6232]
2025-05-21 22:49:38.068 [SpringApplicationShutdownHook] INFO  c.a.n.client.auth.ram.identify.CredentialWatcher - [null] CredentialWatcher is stopped
2025-05-21 22:49:38.068 [SpringApplicationShutdownHook] INFO  c.a.n.client.auth.ram.identify.CredentialService - [null] CredentialService is freed
2025-05-21 22:49:38.068 [SpringApplicationShutdownHook] INFO  com.alibaba.nacos.client.naming - com.alibaba.nacos.client.naming.remote.NamingClientProxyDelegate do shutdown stop
2025-05-21 22:49:38.188 [SpringApplicationShutdownHook] INFO  com.alibaba.druid.pool.DruidDataSource - {dataSource-1} closing ...
2025-05-21 22:49:38.189 [SpringApplicationShutdownHook] INFO  com.alibaba.druid.pool.DruidDataSource - {dataSource-1} closed
