2025-05-24 16:56:27.269 [main] INFO  com.xdurxs.rxs.user.biz.RxsUserBizApplication - Starting RxsUserBizApplication using Java 17.0.15 with PID 28684 (D:\work\java\xdu_rxs\rxs-user\rxs-user-biz\target\classes started by owl in D:\work\java\xdu_rxs)
2025-05-24 16:56:27.271 [main] INFO  com.xdurxs.rxs.user.biz.RxsUserBizApplication - The following 1 profile is active: "dev"
2025-05-24 16:56:27.731 [main] INFO  o.s.boot.web.embedded.tomcat.TomcatWebServer - Tomcat initialized with port(s): 8082 (http)
2025-05-24 16:56:27.736 [main] INFO  org.apache.catalina.core.StandardService - Starting service [Tomcat]
2025-05-24 16:56:27.736 [main] INFO  org.apache.catalina.core.StandardEngine - Starting Servlet engine: [Apache Tomcat/10.1.5]
2025-05-24 16:56:27.781 [main] INFO  o.a.c.core.ContainerBase.[Tomcat].[localhost].[/] - Initializing Spring embedded WebApplicationContext
2025-05-24 16:56:27.781 [main] INFO  o.s.b.w.s.c.ServletWebServerApplicationContext - Root WebApplicationContext: initialization completed in 482 ms
2025-05-24 16:56:27.965 [main] INFO  o.s.boot.web.embedded.tomcat.TomcatWebServer - Tomcat started on port(s): 8082 (http) with context path ''
2025-05-24 16:56:27.970 [main] INFO  com.xdurxs.rxs.user.biz.RxsUserBizApplication - Started RxsUserBizApplication in 1.06 seconds (process running for 1.447)
2025-05-24 17:03:52.375 [main] WARN  com.alibaba.nacos.client.logging.NacosLogging - Load Logback Configuration of Nacos fail, message: Could not initialize Logback Nacos logging from classpath:nacos-logback.xml
2025-05-24 17:03:52.411 [main] WARN  com.alibaba.nacos.client.logging.NacosLogging - Load Logback Configuration of Nacos fail, message: Could not initialize Logback Nacos logging from classpath:nacos-logback.xml
2025-05-24 17:03:52.819 [main] WARN  com.alibaba.nacos.client.logging.NacosLogging - Load Logback Configuration of Nacos fail, message: Could not initialize Logback Nacos logging from classpath:nacos-logback.xml
2025-05-24 17:03:52.827 [main] WARN  com.alibaba.nacos.client.logging.NacosLogging - Load Logback Configuration of Nacos fail, message: Could not initialize Logback Nacos logging from classpath:nacos-logback.xml
2025-05-24 17:03:52.828 [main] INFO  com.xdurxs.rxs.user.biz.RxsUserBizApplication - The following 1 profile is active: "dev"
2025-05-24 17:03:53.069 [main] INFO  o.springframework.cloud.context.scope.GenericScope - BeanFactory id=1e3141af-bf18-3d01-802a-bd52a468105d
2025-05-24 17:03:53.201 [main] INFO  o.s.boot.web.embedded.tomcat.TomcatWebServer - Tomcat initialized with port(s): 8082 (http)
2025-05-24 17:03:53.207 [main] INFO  org.apache.catalina.core.StandardService - Starting service [Tomcat]
2025-05-24 17:03:53.207 [main] INFO  org.apache.catalina.core.StandardEngine - Starting Servlet engine: [Apache Tomcat/10.1.5]
2025-05-24 17:03:53.264 [main] INFO  o.a.c.core.ContainerBase.[Tomcat].[localhost].[/] - Initializing Spring embedded WebApplicationContext
2025-05-24 17:03:53.265 [main] INFO  o.s.b.w.s.c.ServletWebServerApplicationContext - Root WebApplicationContext: initialization completed in 430 ms
2025-05-24 17:03:53.936 [main] INFO  o.s.boot.web.embedded.tomcat.TomcatWebServer - Tomcat started on port(s): 8082 (http) with context path ''
2025-05-24 17:03:53.940 [main] WARN  com.alibaba.nacos.client.logging.NacosLogging - Load Logback Configuration of Nacos fail, message: Could not initialize Logback Nacos logging from classpath:nacos-logback.xml
2025-05-24 17:03:53.940 [main] INFO  com.alibaba.nacos.client.naming - initializer namespace from ans.namespace attribute : null
2025-05-24 17:03:53.941 [main] INFO  com.alibaba.nacos.client.naming - initializer namespace from ALIBABA_ALIWARE_NAMESPACE attribute :null
2025-05-24 17:03:53.941 [main] INFO  com.alibaba.nacos.client.naming - initializer namespace from namespace attribute :null
2025-05-24 17:03:53.954 [main] INFO  com.alibaba.nacos.client.utils.ParamUtil - [settings] [req-serv] nacos-server port:8848
2025-05-24 17:03:53.955 [main] INFO  com.alibaba.nacos.client.utils.ParamUtil - [settings] [http-client] connect timeout:1000
2025-05-24 17:03:53.955 [main] INFO  com.alibaba.nacos.client.utils.ParamUtil - PER_TASK_CONFIG_SIZE: 3000.0
2025-05-24 17:03:53.958 [main] INFO  c.a.n.p.auth.spi.client.ClientAuthPluginManager - [ClientAuthPluginManager] Load ClientAuthService com.alibaba.nacos.client.auth.impl.NacosClientAuthServiceImpl success.
2025-05-24 17:03:53.958 [main] INFO  c.a.n.p.auth.spi.client.ClientAuthPluginManager - [ClientAuthPluginManager] Load ClientAuthService com.alibaba.nacos.client.auth.ram.RamClientAuthServiceImpl success.
2025-05-24 17:03:53.959 [main] INFO  c.a.n.client.auth.ram.identify.CredentialWatcher - null No credential found
2025-05-24 17:03:53.965 [main] INFO  com.alibaba.nacos.common.remote.client - [RpcClientFactory] create a new rpc client of 35708cb5-d8e2-4316-9326-60d7633722ab
2025-05-24 17:03:53.975 [main] INFO  com.alibaba.nacos.common.remote.client - [35708cb5-d8e2-4316-9326-60d7633722ab] RpcClient init, ServerListFactory = com.alibaba.nacos.client.naming.core.ServerListManager
2025-05-24 17:03:53.975 [main] INFO  com.alibaba.nacos.common.remote.client - [35708cb5-d8e2-4316-9326-60d7633722ab] Registry connection listener to current client:com.alibaba.nacos.client.naming.remote.gprc.redo.NamingGrpcRedoService
2025-05-24 17:03:53.976 [main] INFO  com.alibaba.nacos.common.remote.client - [35708cb5-d8e2-4316-9326-60d7633722ab] Register server push request handler:com.alibaba.nacos.client.naming.remote.gprc.NamingPushRequestHandler
2025-05-24 17:03:53.977 [main] INFO  com.alibaba.nacos.common.remote.client - [35708cb5-d8e2-4316-9326-60d7633722ab] Try to connect to server on start up, server: {serverIp = '127.0.0.1', server main port = 8848}
2025-05-24 17:03:53.995 [main] INFO  c.a.nacos.common.remote.client.grpc.GrpcClient - grpc client connection server:127.0.0.1 ip,serverPort:9848,grpcTslConfig:{"sslProvider":"OPENSSL","enableTls":false,"mutualAuthEnable":false,"trustAll":false}
2025-05-24 17:03:54.701 [main] INFO  com.alibaba.nacos.common.remote.client - [35708cb5-d8e2-4316-9326-60d7633722ab] Success to connect to server [127.0.0.1:8848] on start up, connectionId = 1748077434543_172.17.0.1_56276
2025-05-24 17:03:54.702 [com.alibaba.nacos.client.remote.worker] INFO  com.alibaba.nacos.common.remote.client - [35708cb5-d8e2-4316-9326-60d7633722ab] Notify connected event to listeners.
2025-05-24 17:03:54.702 [com.alibaba.nacos.client.remote.worker] INFO  com.alibaba.nacos.client.naming - Grpc connection connect
2025-05-24 17:03:54.703 [main] INFO  com.alibaba.nacos.common.remote.client - [35708cb5-d8e2-4316-9326-60d7633722ab] Register server push request handler:com.alibaba.nacos.common.remote.client.RpcClient$ConnectResetRequestHandler
2025-05-24 17:03:54.703 [main] INFO  com.alibaba.nacos.common.remote.client - [35708cb5-d8e2-4316-9326-60d7633722ab] Register server push request handler:com.alibaba.nacos.common.remote.client.RpcClient$$Lambda$907/0x00000176d5633e98
2025-05-24 17:03:54.705 [main] INFO  com.alibaba.nacos.client.naming - [REGISTER-SERVICE] ruixiaosi registering service rxs-user with instance Instance{instanceId='null', ip='172.22.176.1', port=8082, weight=1.0, healthy=true, enabled=true, ephemeral=true, clusterName='DEFAULT', serviceName='null', metadata={IPv6=[2001:250:1006:aaaa:0:0:0:351e], preserved.register.source=SPRING_CLOUD}}
2025-05-24 17:03:54.721 [main] INFO  c.a.cloud.nacos.registry.NacosServiceRegistry - nacos registry, DEFAULT_GROUP rxs-user 172.22.176.1:8082 register finished
2025-05-24 17:03:54.910 [main] INFO  com.xdurxs.rxs.user.biz.RxsUserBizApplication - Started RxsUserBizApplication in 3.075 seconds (process running for 3.458)
2025-05-24 17:04:05.730 [Thread-10] WARN  c.alibaba.nacos.common.http.HttpClientBeanHolder - [HttpClientBeanHolder] Start destroying common HttpClient
2025-05-24 17:04:05.730 [Thread-7] WARN  com.alibaba.nacos.common.notify.NotifyCenter - [NotifyCenter] Start destroying Publisher
2025-05-24 17:04:05.730 [Thread-7] WARN  com.alibaba.nacos.common.notify.NotifyCenter - [NotifyCenter] Destruction of the end
2025-05-24 17:04:05.730 [Thread-10] WARN  c.alibaba.nacos.common.http.HttpClientBeanHolder - [HttpClientBeanHolder] Destruction of the end
2025-05-24 17:04:05.750 [SpringApplicationShutdownHook] INFO  c.a.cloud.nacos.registry.NacosServiceRegistry - De-registering from Nacos Server now...
2025-05-24 17:04:05.750 [SpringApplicationShutdownHook] INFO  com.alibaba.nacos.client.naming - [DEREGISTER-SERVICE] ruixiaosi deregistering service rxs-user with instance: Instance{instanceId='null', ip='172.22.176.1', port=8082, weight=1.0, healthy=true, enabled=true, ephemeral=true, clusterName='DEFAULT', serviceName='null', metadata={}}
2025-05-24 17:04:05.753 [SpringApplicationShutdownHook] INFO  c.a.cloud.nacos.registry.NacosServiceRegistry - De-registration finished.
2025-05-24 17:04:05.754 [SpringApplicationShutdownHook] INFO  com.alibaba.nacos.client.naming - com.alibaba.nacos.client.naming.cache.ServiceInfoHolder do shutdown begin
2025-05-24 17:04:05.754 [SpringApplicationShutdownHook] INFO  com.alibaba.nacos.client.naming - com.alibaba.nacos.client.naming.backups.FailoverReactor do shutdown begin
2025-05-24 17:04:05.754 [SpringApplicationShutdownHook] INFO  com.alibaba.nacos.client.naming - com.alibaba.nacos.client.naming.backups.FailoverReactor do shutdown stop
2025-05-24 17:04:05.754 [SpringApplicationShutdownHook] INFO  com.alibaba.nacos.client.naming - com.alibaba.nacos.client.naming.cache.ServiceInfoHolder do shutdown stop
2025-05-24 17:04:05.754 [SpringApplicationShutdownHook] INFO  com.alibaba.nacos.client.naming - com.alibaba.nacos.client.naming.remote.NamingClientProxyDelegate do shutdown begin
2025-05-24 17:04:05.754 [SpringApplicationShutdownHook] INFO  com.alibaba.nacos.client.naming - com.alibaba.nacos.client.naming.core.ServiceInfoUpdateService do shutdown begin
2025-05-24 17:04:05.754 [SpringApplicationShutdownHook] INFO  com.alibaba.nacos.client.naming - com.alibaba.nacos.client.naming.core.ServiceInfoUpdateService do shutdown stop
2025-05-24 17:04:05.754 [SpringApplicationShutdownHook] INFO  com.alibaba.nacos.client.naming - com.alibaba.nacos.client.naming.core.ServerListManager do shutdown begin
2025-05-24 17:04:05.754 [SpringApplicationShutdownHook] WARN  com.alibaba.nacos.client.naming - [NamingHttpClientManager] Start destroying NacosRestTemplate
2025-05-24 17:04:05.754 [SpringApplicationShutdownHook] WARN  com.alibaba.nacos.client.naming - [NamingHttpClientManager] Destruction of the end
2025-05-24 17:04:05.754 [SpringApplicationShutdownHook] INFO  com.alibaba.nacos.client.naming - com.alibaba.nacos.client.naming.core.ServerListManager do shutdown stop
2025-05-24 17:04:05.754 [SpringApplicationShutdownHook] INFO  com.alibaba.nacos.client.naming - com.alibaba.nacos.client.naming.remote.http.NamingHttpClientProxy do shutdown begin
2025-05-24 17:04:05.754 [SpringApplicationShutdownHook] WARN  com.alibaba.nacos.client.naming - [NamingHttpClientManager] Start destroying NacosRestTemplate
2025-05-24 17:04:05.754 [SpringApplicationShutdownHook] WARN  com.alibaba.nacos.client.naming - [NamingHttpClientManager] Destruction of the end
2025-05-24 17:04:05.754 [SpringApplicationShutdownHook] INFO  com.alibaba.nacos.client.naming - com.alibaba.nacos.client.naming.remote.http.NamingHttpClientProxy do shutdown stop
2025-05-24 17:04:05.754 [SpringApplicationShutdownHook] INFO  com.alibaba.nacos.common.remote.client - Shutdown rpc client, set status to shutdown
2025-05-24 17:04:05.754 [SpringApplicationShutdownHook] INFO  com.alibaba.nacos.common.remote.client - Shutdown client event executor java.util.concurrent.ScheduledThreadPoolExecutor@a62bb3c[Running, pool size = 2, active threads = 2, queued tasks = 0, completed tasks = 0]
2025-05-24 17:04:05.754 [SpringApplicationShutdownHook] INFO  com.alibaba.nacos.common.remote.client - Close current connection 1748077434543_172.17.0.1_56276
2025-05-24 17:04:05.756 [nacos-grpc-client-executor-127.0.0.1-14] INFO  c.a.nacos.common.remote.client.grpc.GrpcClient - [1748077434543_172.17.0.1_56276]Ignore complete event,isRunning:false,isAbandon=false
2025-05-24 17:04:05.757 [SpringApplicationShutdownHook] INFO  c.a.nacos.common.remote.client.grpc.GrpcClient - Shutdown grpc executor java.util.concurrent.ThreadPoolExecutor@74ff81c[Running, pool size = 6, active threads = 0, queued tasks = 0, completed tasks = 15]
2025-05-24 17:04:05.757 [SpringApplicationShutdownHook] INFO  com.alibaba.nacos.client.naming - Shutdown grpc redo service executor java.util.concurrent.ScheduledThreadPoolExecutor@684b6972[Running, pool size = 1, active threads = 0, queued tasks = 1, completed tasks = 3]
2025-05-24 17:04:05.757 [SpringApplicationShutdownHook] INFO  c.a.n.client.auth.ram.identify.CredentialWatcher - [null] CredentialWatcher is stopped
2025-05-24 17:04:05.757 [SpringApplicationShutdownHook] INFO  c.a.n.client.auth.ram.identify.CredentialService - [null] CredentialService is freed
2025-05-24 17:04:05.758 [SpringApplicationShutdownHook] INFO  com.alibaba.nacos.client.naming - com.alibaba.nacos.client.naming.remote.NamingClientProxyDelegate do shutdown stop
2025-05-24 19:29:26.042 [main] WARN  com.alibaba.nacos.client.logging.NacosLogging - Load Logback Configuration of Nacos fail, message: Could not initialize Logback Nacos logging from classpath:nacos-logback.xml
2025-05-24 19:29:26.078 [main] WARN  com.alibaba.nacos.client.logging.NacosLogging - Load Logback Configuration of Nacos fail, message: Could not initialize Logback Nacos logging from classpath:nacos-logback.xml
2025-05-24 19:29:26.451 [main] WARN  com.alibaba.nacos.client.logging.NacosLogging - Load Logback Configuration of Nacos fail, message: Could not initialize Logback Nacos logging from classpath:nacos-logback.xml
2025-05-24 19:29:26.459 [main] WARN  com.alibaba.nacos.client.logging.NacosLogging - Load Logback Configuration of Nacos fail, message: Could not initialize Logback Nacos logging from classpath:nacos-logback.xml
2025-05-24 19:29:26.460 [main] INFO  com.xdurxs.rxs.user.biz.RxsUserBizApplication - The following 1 profile is active: "dev"
2025-05-24 19:29:26.793 [main] INFO  o.springframework.cloud.context.scope.GenericScope - BeanFactory id=c7674fa1-e283-354e-b178-7bb99e557395
2025-05-24 19:29:26.949 [main] INFO  o.s.boot.web.embedded.tomcat.TomcatWebServer - Tomcat initialized with port(s): 8082 (http)
2025-05-24 19:29:26.955 [main] INFO  org.apache.catalina.core.StandardService - Starting service [Tomcat]
2025-05-24 19:29:26.955 [main] INFO  org.apache.catalina.core.StandardEngine - Starting Servlet engine: [Apache Tomcat/10.1.5]
2025-05-24 19:29:27.005 [main] INFO  o.a.c.core.ContainerBase.[Tomcat].[localhost].[/] - Initializing Spring embedded WebApplicationContext
2025-05-24 19:29:27.005 [main] INFO  o.s.b.w.s.c.ServletWebServerApplicationContext - Root WebApplicationContext: initialization completed in 537 ms
2025-05-24 19:29:27.516 [main] INFO  c.a.d.s.b.a.DruidDataSourceAutoConfigure - Init DruidDataSource
2025-05-24 19:29:27.668 [main] INFO  com.alibaba.druid.pool.DruidDataSource - {dataSource-1} inited
2025-05-24 19:29:28.019 [main] INFO  o.s.boot.web.embedded.tomcat.TomcatWebServer - Tomcat started on port(s): 8082 (http) with context path ''
2025-05-24 19:29:28.023 [main] WARN  com.alibaba.nacos.client.logging.NacosLogging - Load Logback Configuration of Nacos fail, message: Could not initialize Logback Nacos logging from classpath:nacos-logback.xml
2025-05-24 19:29:28.023 [main] INFO  com.alibaba.nacos.client.naming - initializer namespace from ans.namespace attribute : null
2025-05-24 19:29:28.023 [main] INFO  com.alibaba.nacos.client.naming - initializer namespace from ALIBABA_ALIWARE_NAMESPACE attribute :null
2025-05-24 19:29:28.023 [main] INFO  com.alibaba.nacos.client.naming - initializer namespace from namespace attribute :null
2025-05-24 19:29:28.036 [main] INFO  com.alibaba.nacos.client.utils.ParamUtil - [settings] [req-serv] nacos-server port:8848
2025-05-24 19:29:28.036 [main] INFO  com.alibaba.nacos.client.utils.ParamUtil - [settings] [http-client] connect timeout:1000
2025-05-24 19:29:28.037 [main] INFO  com.alibaba.nacos.client.utils.ParamUtil - PER_TASK_CONFIG_SIZE: 3000.0
2025-05-24 19:29:28.039 [main] INFO  c.a.n.p.auth.spi.client.ClientAuthPluginManager - [ClientAuthPluginManager] Load ClientAuthService com.alibaba.nacos.client.auth.impl.NacosClientAuthServiceImpl success.
2025-05-24 19:29:28.039 [main] INFO  c.a.n.p.auth.spi.client.ClientAuthPluginManager - [ClientAuthPluginManager] Load ClientAuthService com.alibaba.nacos.client.auth.ram.RamClientAuthServiceImpl success.
2025-05-24 19:29:28.041 [main] INFO  c.a.n.client.auth.ram.identify.CredentialWatcher - null No credential found
2025-05-24 19:29:28.047 [main] INFO  com.alibaba.nacos.common.remote.client - [RpcClientFactory] create a new rpc client of b930ad46-df2c-4f6e-91dd-4baffea38bce
2025-05-24 19:29:28.060 [main] INFO  com.alibaba.nacos.common.remote.client - [b930ad46-df2c-4f6e-91dd-4baffea38bce] RpcClient init, ServerListFactory = com.alibaba.nacos.client.naming.core.ServerListManager
2025-05-24 19:29:28.060 [main] INFO  com.alibaba.nacos.common.remote.client - [b930ad46-df2c-4f6e-91dd-4baffea38bce] Registry connection listener to current client:com.alibaba.nacos.client.naming.remote.gprc.redo.NamingGrpcRedoService
2025-05-24 19:29:28.060 [main] INFO  com.alibaba.nacos.common.remote.client - [b930ad46-df2c-4f6e-91dd-4baffea38bce] Register server push request handler:com.alibaba.nacos.client.naming.remote.gprc.NamingPushRequestHandler
2025-05-24 19:29:28.062 [main] INFO  com.alibaba.nacos.common.remote.client - [b930ad46-df2c-4f6e-91dd-4baffea38bce] Try to connect to server on start up, server: {serverIp = '127.0.0.1', server main port = 8848}
2025-05-24 19:29:28.081 [main] INFO  c.a.nacos.common.remote.client.grpc.GrpcClient - grpc client connection server:127.0.0.1 ip,serverPort:9848,grpcTslConfig:{"sslProvider":"OPENSSL","enableTls":false,"mutualAuthEnable":false,"trustAll":false}
2025-05-24 19:29:28.971 [main] INFO  com.alibaba.nacos.common.remote.client - [b930ad46-df2c-4f6e-91dd-4baffea38bce] Success to connect to server [127.0.0.1:8848] on start up, connectionId = 1748086168684_172.17.0.1_40848
2025-05-24 19:29:28.971 [com.alibaba.nacos.client.remote.worker] INFO  com.alibaba.nacos.common.remote.client - [b930ad46-df2c-4f6e-91dd-4baffea38bce] Notify connected event to listeners.
2025-05-24 19:29:28.972 [com.alibaba.nacos.client.remote.worker] INFO  com.alibaba.nacos.client.naming - Grpc connection connect
2025-05-24 19:29:28.972 [main] INFO  com.alibaba.nacos.common.remote.client - [b930ad46-df2c-4f6e-91dd-4baffea38bce] Register server push request handler:com.alibaba.nacos.common.remote.client.RpcClient$ConnectResetRequestHandler
2025-05-24 19:29:28.972 [main] INFO  com.alibaba.nacos.common.remote.client - [b930ad46-df2c-4f6e-91dd-4baffea38bce] Register server push request handler:com.alibaba.nacos.common.remote.client.RpcClient$$Lambda$1033/0x000001aadd7577f8
2025-05-24 19:29:28.974 [main] INFO  com.alibaba.nacos.client.naming - [REGISTER-SERVICE] ruixiaosi registering service rxs-user with instance Instance{instanceId='null', ip='172.22.176.1', port=8082, weight=1.0, healthy=true, enabled=true, ephemeral=true, clusterName='DEFAULT', serviceName='null', metadata={IPv6=[2001:250:1006:aaaa:0:0:0:351e], preserved.register.source=SPRING_CLOUD}}
2025-05-24 19:29:28.991 [main] INFO  c.a.cloud.nacos.registry.NacosServiceRegistry - nacos registry, DEFAULT_GROUP rxs-user 172.22.176.1:8082 register finished
2025-05-24 19:29:29.173 [main] INFO  com.xdurxs.rxs.user.biz.RxsUserBizApplication - Started RxsUserBizApplication in 3.629 seconds (process running for 3.983)
2025-05-24 19:53:34.706 [Thread-10] WARN  c.alibaba.nacos.common.http.HttpClientBeanHolder - [HttpClientBeanHolder] Start destroying common HttpClient
2025-05-24 19:53:34.706 [Thread-7] WARN  com.alibaba.nacos.common.notify.NotifyCenter - [NotifyCenter] Start destroying Publisher
2025-05-24 19:53:34.707 [Thread-7] WARN  com.alibaba.nacos.common.notify.NotifyCenter - [NotifyCenter] Destruction of the end
2025-05-24 19:53:34.707 [Thread-10] WARN  c.alibaba.nacos.common.http.HttpClientBeanHolder - [HttpClientBeanHolder] Destruction of the end
2025-05-24 19:53:34.736 [SpringApplicationShutdownHook] INFO  com.alibaba.druid.pool.DruidDataSource - {dataSource-1} closing ...
2025-05-24 19:53:34.737 [SpringApplicationShutdownHook] INFO  com.alibaba.druid.pool.DruidDataSource - {dataSource-1} closed
2025-05-24 19:53:34.737 [SpringApplicationShutdownHook] INFO  c.a.cloud.nacos.registry.NacosServiceRegistry - De-registering from Nacos Server now...
2025-05-24 19:53:34.737 [SpringApplicationShutdownHook] INFO  com.alibaba.nacos.client.naming - [DEREGISTER-SERVICE] ruixiaosi deregistering service rxs-user with instance: Instance{instanceId='null', ip='172.22.176.1', port=8082, weight=1.0, healthy=true, enabled=true, ephemeral=true, clusterName='DEFAULT', serviceName='null', metadata={}}
2025-05-24 19:53:34.741 [SpringApplicationShutdownHook] INFO  c.a.cloud.nacos.registry.NacosServiceRegistry - De-registration finished.
2025-05-24 19:53:34.742 [SpringApplicationShutdownHook] INFO  com.alibaba.nacos.client.naming - com.alibaba.nacos.client.naming.cache.ServiceInfoHolder do shutdown begin
2025-05-24 19:53:34.742 [SpringApplicationShutdownHook] INFO  com.alibaba.nacos.client.naming - com.alibaba.nacos.client.naming.backups.FailoverReactor do shutdown begin
2025-05-24 19:53:34.742 [SpringApplicationShutdownHook] INFO  com.alibaba.nacos.client.naming - com.alibaba.nacos.client.naming.backups.FailoverReactor do shutdown stop
2025-05-24 19:53:34.742 [SpringApplicationShutdownHook] INFO  com.alibaba.nacos.client.naming - com.alibaba.nacos.client.naming.cache.ServiceInfoHolder do shutdown stop
2025-05-24 19:53:34.742 [SpringApplicationShutdownHook] INFO  com.alibaba.nacos.client.naming - com.alibaba.nacos.client.naming.remote.NamingClientProxyDelegate do shutdown begin
2025-05-24 19:53:34.742 [SpringApplicationShutdownHook] INFO  com.alibaba.nacos.client.naming - com.alibaba.nacos.client.naming.core.ServiceInfoUpdateService do shutdown begin
2025-05-24 19:53:34.742 [SpringApplicationShutdownHook] INFO  com.alibaba.nacos.client.naming - com.alibaba.nacos.client.naming.core.ServiceInfoUpdateService do shutdown stop
2025-05-24 19:53:34.742 [SpringApplicationShutdownHook] INFO  com.alibaba.nacos.client.naming - com.alibaba.nacos.client.naming.core.ServerListManager do shutdown begin
2025-05-24 19:53:34.742 [SpringApplicationShutdownHook] WARN  com.alibaba.nacos.client.naming - [NamingHttpClientManager] Start destroying NacosRestTemplate
2025-05-24 19:53:34.742 [SpringApplicationShutdownHook] WARN  com.alibaba.nacos.client.naming - [NamingHttpClientManager] Destruction of the end
2025-05-24 19:53:34.742 [SpringApplicationShutdownHook] INFO  com.alibaba.nacos.client.naming - com.alibaba.nacos.client.naming.core.ServerListManager do shutdown stop
2025-05-24 19:53:34.742 [SpringApplicationShutdownHook] INFO  com.alibaba.nacos.client.naming - com.alibaba.nacos.client.naming.remote.http.NamingHttpClientProxy do shutdown begin
2025-05-24 19:53:34.742 [SpringApplicationShutdownHook] WARN  com.alibaba.nacos.client.naming - [NamingHttpClientManager] Start destroying NacosRestTemplate
2025-05-24 19:53:34.742 [SpringApplicationShutdownHook] WARN  com.alibaba.nacos.client.naming - [NamingHttpClientManager] Destruction of the end
2025-05-24 19:53:34.742 [SpringApplicationShutdownHook] INFO  com.alibaba.nacos.client.naming - com.alibaba.nacos.client.naming.remote.http.NamingHttpClientProxy do shutdown stop
2025-05-24 19:53:34.742 [SpringApplicationShutdownHook] INFO  com.alibaba.nacos.common.remote.client - Shutdown rpc client, set status to shutdown
2025-05-24 19:53:34.742 [SpringApplicationShutdownHook] INFO  com.alibaba.nacos.common.remote.client - Shutdown client event executor java.util.concurrent.ScheduledThreadPoolExecutor@485008f6[Running, pool size = 2, active threads = 2, queued tasks = 0, completed tasks = 0]
2025-05-24 19:53:34.742 [SpringApplicationShutdownHook] INFO  com.alibaba.nacos.common.remote.client - Close current connection 1748086168684_172.17.0.1_40848
2025-05-24 19:53:34.744 [SpringApplicationShutdownHook] INFO  c.a.nacos.common.remote.client.grpc.GrpcClient - Shutdown grpc executor java.util.concurrent.ThreadPoolExecutor@3acf5636[Running, pool size = 3, active threads = 0, queued tasks = 0, completed tasks = 342]
2025-05-24 19:53:34.744 [SpringApplicationShutdownHook] INFO  com.alibaba.nacos.client.naming - Shutdown grpc redo service executor java.util.concurrent.ScheduledThreadPoolExecutor@607d628c[Running, pool size = 1, active threads = 0, queued tasks = 1, completed tasks = 480]
2025-05-24 19:53:34.745 [SpringApplicationShutdownHook] INFO  c.a.n.client.auth.ram.identify.CredentialWatcher - [null] CredentialWatcher is stopped
2025-05-24 19:53:34.745 [SpringApplicationShutdownHook] INFO  c.a.n.client.auth.ram.identify.CredentialService - [null] CredentialService is freed
2025-05-24 19:53:34.745 [SpringApplicationShutdownHook] INFO  com.alibaba.nacos.client.naming - com.alibaba.nacos.client.naming.remote.NamingClientProxyDelegate do shutdown stop
2025-05-24 22:13:48.418 [main] WARN  com.alibaba.nacos.client.logging.NacosLogging - Load Logback Configuration of Nacos fail, message: Could not initialize Logback Nacos logging from classpath:nacos-logback.xml
2025-05-24 22:13:48.455 [main] WARN  com.alibaba.nacos.client.logging.NacosLogging - Load Logback Configuration of Nacos fail, message: Could not initialize Logback Nacos logging from classpath:nacos-logback.xml
2025-05-24 22:13:48.591 [main] WARN  com.alibaba.nacos.client.logging.NacosLogging - Load Logback Configuration of Nacos fail, message: Could not initialize Logback Nacos logging from classpath:nacos-logback.xml
2025-05-24 22:13:48.592 [main] INFO  com.alibaba.nacos.client.utils.ParamUtil - [settings] [req-serv] nacos-server port:8848
2025-05-24 22:13:48.592 [main] INFO  com.alibaba.nacos.client.utils.ParamUtil - [settings] [http-client] connect timeout:1000
2025-05-24 22:13:48.593 [main] INFO  com.alibaba.nacos.client.utils.ParamUtil - PER_TASK_CONFIG_SIZE: 3000.0
2025-05-24 22:13:48.610 [main] INFO  c.a.n.p.auth.spi.client.ClientAuthPluginManager - [ClientAuthPluginManager] Load ClientAuthService com.alibaba.nacos.client.auth.impl.NacosClientAuthServiceImpl success.
2025-05-24 22:13:48.610 [main] INFO  c.a.n.p.auth.spi.client.ClientAuthPluginManager - [ClientAuthPluginManager] Load ClientAuthService com.alibaba.nacos.client.auth.ram.RamClientAuthServiceImpl success.
2025-05-24 22:13:48.612 [main] INFO  c.a.n.client.auth.ram.identify.CredentialWatcher - null No credential found
2025-05-24 22:13:48.850 [main] WARN  com.alibaba.nacos.client.logging.NacosLogging - Load Logback Configuration of Nacos fail, message: Could not initialize Logback Nacos logging from classpath:nacos-logback.xml
2025-05-24 22:13:48.858 [main] INFO  c.a.n.client.config.impl.LocalConfigInfoProcessor - LOCAL_SNAPSHOT_PATH:C:\Users\Administrator\nacos\config
2025-05-24 22:13:48.861 [main] INFO  com.alibaba.nacos.common.remote.client - [RpcClientFactory] create a new rpc client of af24e575-c7e1-49c5-9aa5-056caabae57d_config-0
2025-05-24 22:13:48.870 [main] INFO  com.alibaba.nacos.common.remote.client - [af24e575-c7e1-49c5-9aa5-056caabae57d_config-0] Register server push request handler:com.alibaba.nacos.client.config.impl.ClientWorker$ConfigRpcTransportClient$$Lambda$585/0x000001da01370000
2025-05-24 22:13:48.870 [main] INFO  com.alibaba.nacos.common.remote.client - [af24e575-c7e1-49c5-9aa5-056caabae57d_config-0] Register server push request handler:com.alibaba.nacos.client.config.impl.ClientWorker$ConfigRpcTransportClient$$Lambda$586/0x000001da01370420
2025-05-24 22:13:48.870 [main] INFO  com.alibaba.nacos.common.remote.client - [af24e575-c7e1-49c5-9aa5-056caabae57d_config-0] Registry connection listener to current client:com.alibaba.nacos.client.config.impl.ClientWorker$ConfigRpcTransportClient$1
2025-05-24 22:13:48.871 [main] INFO  com.alibaba.nacos.common.remote.client - [af24e575-c7e1-49c5-9aa5-056caabae57d_config-0] RpcClient init, ServerListFactory = com.alibaba.nacos.client.config.impl.ClientWorker$ConfigRpcTransportClient$2
2025-05-24 22:13:48.876 [main] INFO  com.alibaba.nacos.common.remote.client - [af24e575-c7e1-49c5-9aa5-056caabae57d_config-0] Try to connect to server on start up, server: {serverIp = '127.0.0.1', server main port = 8848}
2025-05-24 22:13:48.897 [main] INFO  c.a.nacos.common.remote.client.grpc.GrpcClient - grpc client connection server:127.0.0.1 ip,serverPort:9848,grpcTslConfig:{"sslProvider":"OPENSSL","enableTls":false,"mutualAuthEnable":false,"trustAll":false}
2025-05-24 22:13:49.621 [main] INFO  com.alibaba.nacos.common.remote.client - [af24e575-c7e1-49c5-9aa5-056caabae57d_config-0] Success to connect to server [127.0.0.1:8848] on start up, connectionId = 1748096029461_172.17.0.1_56986
2025-05-24 22:13:49.622 [com.alibaba.nacos.client.remote.worker] INFO  com.alibaba.nacos.common.remote.client - [af24e575-c7e1-49c5-9aa5-056caabae57d_config-0] Notify connected event to listeners.
2025-05-24 22:13:49.623 [com.alibaba.nacos.client.remote.worker] INFO  com.alibaba.nacos.client.config.impl.ClientWorker - [af24e575-c7e1-49c5-9aa5-056caabae57d_config-0] Connected,notify listen context...
2025-05-24 22:13:49.623 [main] INFO  com.alibaba.nacos.common.remote.client - [af24e575-c7e1-49c5-9aa5-056caabae57d_config-0] Register server push request handler:com.alibaba.nacos.common.remote.client.RpcClient$ConnectResetRequestHandler
2025-05-24 22:13:49.624 [main] INFO  com.alibaba.nacos.common.remote.client - [af24e575-c7e1-49c5-9aa5-056caabae57d_config-0] Register server push request handler:com.alibaba.nacos.common.remote.client.RpcClient$$Lambda$606/0x000001da014d5b50
2025-05-24 22:13:49.656 [main] INFO  com.alibaba.nacos.client.config.impl.Limiter - limitTime:5.0
2025-05-24 22:13:49.828 [main] WARN  c.a.cloud.nacos.client.NacosPropertySourceBuilder - Ignore the empty nacos configuration and get it based on dataId[rxs-user] & group[DEFAULT_GROUP]
2025-05-24 22:13:49.835 [main] WARN  c.a.cloud.nacos.client.NacosPropertySourceBuilder - Ignore the empty nacos configuration and get it based on dataId[rxs-user.yaml] & group[DEFAULT_GROUP]
2025-05-24 22:13:49.839 [main] WARN  c.a.cloud.nacos.client.NacosPropertySourceBuilder - Ignore the empty nacos configuration and get it based on dataId[rxs-user-dev.yaml] & group[DEFAULT_GROUP]
2025-05-24 22:13:49.841 [main] INFO  o.s.c.b.c.PropertySourceBootstrapConfiguration - Located property source: [BootstrapPropertySource {name='bootstrapProperties-rxs-user-dev.yaml,DEFAULT_GROUP'}, BootstrapPropertySource {name='bootstrapProperties-rxs-user.yaml,DEFAULT_GROUP'}, BootstrapPropertySource {name='bootstrapProperties-rxs-user,DEFAULT_GROUP'}]
2025-05-24 22:13:49.859 [main] WARN  com.alibaba.nacos.client.logging.NacosLogging - Load Logback Configuration of Nacos fail, message: Could not initialize Logback Nacos logging from classpath:nacos-logback.xml
2025-05-24 22:13:49.860 [main] INFO  com.xdurxs.rxs.user.biz.RxsUserBizApplication - The following 1 profile is active: "dev"
2025-05-24 22:13:50.176 [main] INFO  o.s.d.r.config.RepositoryConfigurationDelegate - Multiple Spring Data modules found, entering strict repository configuration mode
2025-05-24 22:13:50.178 [main] INFO  o.s.d.r.config.RepositoryConfigurationDelegate - Bootstrapping Spring Data Redis repositories in DEFAULT mode.
2025-05-24 22:13:50.190 [main] INFO  o.s.d.r.config.RepositoryConfigurationDelegate - Finished Spring Data repository scanning in 4 ms. Found 0 Redis repository interfaces.
2025-05-24 22:13:50.303 [main] INFO  o.springframework.cloud.context.scope.GenericScope - BeanFactory id=5734b54d-cc85-3242-9e51-ecd03734c392
2025-05-24 22:13:50.619 [main] INFO  o.s.boot.web.embedded.tomcat.TomcatWebServer - Tomcat initialized with port(s): 8082 (http)
2025-05-24 22:13:50.625 [main] INFO  org.apache.catalina.core.StandardService - Starting service [Tomcat]
2025-05-24 22:13:50.625 [main] INFO  org.apache.catalina.core.StandardEngine - Starting Servlet engine: [Apache Tomcat/10.1.5]
2025-05-24 22:13:50.669 [main] INFO  o.a.c.core.ContainerBase.[Tomcat].[localhost].[/] - Initializing Spring embedded WebApplicationContext
2025-05-24 22:13:50.670 [main] INFO  o.s.b.w.s.c.ServletWebServerApplicationContext - Root WebApplicationContext: initialization completed in 798 ms
2025-05-24 22:13:50.726 [main] INFO  c.a.d.s.b.a.DruidDataSourceAutoConfigure - Init DruidDataSource
2025-05-24 22:13:50.914 [main] INFO  com.alibaba.druid.pool.DruidDataSource - {dataSource-1} inited
2025-05-24 22:13:53.216 [main] INFO  o.s.boot.web.embedded.tomcat.TomcatWebServer - Tomcat started on port(s): 8082 (http) with context path ''
2025-05-24 22:13:53.219 [main] INFO  com.alibaba.nacos.client.naming - initializer namespace from ans.namespace attribute : null
2025-05-24 22:13:53.219 [main] INFO  com.alibaba.nacos.client.naming - initializer namespace from ALIBABA_ALIWARE_NAMESPACE attribute :null
2025-05-24 22:13:53.220 [main] INFO  com.alibaba.nacos.client.naming - initializer namespace from namespace attribute :null
2025-05-24 22:13:53.225 [main] INFO  c.a.n.p.auth.spi.client.ClientAuthPluginManager - [ClientAuthPluginManager] Load ClientAuthService com.alibaba.nacos.client.auth.impl.NacosClientAuthServiceImpl success.
2025-05-24 22:13:53.225 [main] INFO  c.a.n.p.auth.spi.client.ClientAuthPluginManager - [ClientAuthPluginManager] Load ClientAuthService com.alibaba.nacos.client.auth.ram.RamClientAuthServiceImpl success.
2025-05-24 22:13:53.227 [main] INFO  com.alibaba.nacos.common.remote.client - [RpcClientFactory] create a new rpc client of 2e374ea9-dfaa-401f-bae8-babd91cb6903
2025-05-24 22:13:53.229 [main] INFO  com.alibaba.nacos.common.remote.client - [2e374ea9-dfaa-401f-bae8-babd91cb6903] RpcClient init, ServerListFactory = com.alibaba.nacos.client.naming.core.ServerListManager
2025-05-24 22:13:53.229 [main] INFO  com.alibaba.nacos.common.remote.client - [2e374ea9-dfaa-401f-bae8-babd91cb6903] Registry connection listener to current client:com.alibaba.nacos.client.naming.remote.gprc.redo.NamingGrpcRedoService
2025-05-24 22:13:53.229 [main] INFO  com.alibaba.nacos.common.remote.client - [2e374ea9-dfaa-401f-bae8-babd91cb6903] Register server push request handler:com.alibaba.nacos.client.naming.remote.gprc.NamingPushRequestHandler
2025-05-24 22:13:53.229 [main] INFO  com.alibaba.nacos.common.remote.client - [2e374ea9-dfaa-401f-bae8-babd91cb6903] Try to connect to server on start up, server: {serverIp = '127.0.0.1', server main port = 8848}
2025-05-24 22:13:53.229 [main] INFO  c.a.nacos.common.remote.client.grpc.GrpcClient - grpc client connection server:127.0.0.1 ip,serverPort:9848,grpcTslConfig:{"sslProvider":"OPENSSL","enableTls":false,"mutualAuthEnable":false,"trustAll":false}
2025-05-24 22:13:53.350 [main] INFO  com.alibaba.nacos.common.remote.client - [2e374ea9-dfaa-401f-bae8-babd91cb6903] Success to connect to server [127.0.0.1:8848] on start up, connectionId = 1748096033234_172.17.0.1_56992
2025-05-24 22:13:53.350 [main] INFO  com.alibaba.nacos.common.remote.client - [2e374ea9-dfaa-401f-bae8-babd91cb6903] Register server push request handler:com.alibaba.nacos.common.remote.client.RpcClient$ConnectResetRequestHandler
2025-05-24 22:13:53.350 [com.alibaba.nacos.client.remote.worker] INFO  com.alibaba.nacos.common.remote.client - [2e374ea9-dfaa-401f-bae8-babd91cb6903] Notify connected event to listeners.
2025-05-24 22:13:53.350 [main] INFO  com.alibaba.nacos.common.remote.client - [2e374ea9-dfaa-401f-bae8-babd91cb6903] Register server push request handler:com.alibaba.nacos.common.remote.client.RpcClient$$Lambda$606/0x000001da014d5b50
2025-05-24 22:13:53.350 [com.alibaba.nacos.client.remote.worker] INFO  com.alibaba.nacos.client.naming - Grpc connection connect
2025-05-24 22:13:53.351 [main] INFO  com.alibaba.nacos.client.naming - [REGISTER-SERVICE] ruixiaosi registering service rxs-auth with instance Instance{instanceId='null', ip='172.22.176.1', port=8082, weight=1.0, healthy=true, enabled=true, ephemeral=true, clusterName='DEFAULT', serviceName='null', metadata={IPv6=[2001:250:1006:aaaa:0:0:0:351e], preserved.register.source=SPRING_CLOUD}}
2025-05-24 22:13:53.363 [main] INFO  c.a.cloud.nacos.registry.NacosServiceRegistry - nacos registry, DEFAULT_GROUP rxs-auth 172.22.176.1:8082 register finished
2025-05-24 22:13:53.557 [main] INFO  com.xdurxs.rxs.user.biz.RxsUserBizApplication - Started RxsUserBizApplication in 5.66 seconds (process running for 6.026)
2025-05-24 22:13:53.560 [main] INFO  com.alibaba.nacos.client.config.impl.CacheData - nacos.cache.data.init.snapshot = true 
2025-05-24 22:13:53.560 [main] INFO  com.alibaba.nacos.client.config.impl.ClientWorker - [fixed-ruixiaosi-127.0.0.1_8848] [subscribe] rxs-user.yaml+DEFAULT_GROUP+ruixiaosi
2025-05-24 22:13:53.564 [main] INFO  com.alibaba.nacos.client.config.impl.CacheData - [fixed-ruixiaosi-127.0.0.1_8848] [add-listener] ok, tenant=ruixiaosi, dataId=rxs-user.yaml, group=DEFAULT_GROUP, cnt=1
2025-05-24 22:13:53.564 [main] INFO  c.a.cloud.nacos.refresh.NacosContextRefresher - [Nacos Config] Listening config: dataId=rxs-user.yaml, group=DEFAULT_GROUP
2025-05-24 22:13:53.564 [main] INFO  com.alibaba.nacos.client.config.impl.ClientWorker - [fixed-ruixiaosi-127.0.0.1_8848] [subscribe] rxs-user-dev.yaml+DEFAULT_GROUP+ruixiaosi
2025-05-24 22:13:53.564 [main] INFO  com.alibaba.nacos.client.config.impl.CacheData - [fixed-ruixiaosi-127.0.0.1_8848] [add-listener] ok, tenant=ruixiaosi, dataId=rxs-user-dev.yaml, group=DEFAULT_GROUP, cnt=1
2025-05-24 22:13:53.564 [main] INFO  c.a.cloud.nacos.refresh.NacosContextRefresher - [Nacos Config] Listening config: dataId=rxs-user-dev.yaml, group=DEFAULT_GROUP
2025-05-24 22:13:53.564 [main] INFO  com.alibaba.nacos.client.config.impl.ClientWorker - [fixed-ruixiaosi-127.0.0.1_8848] [subscribe] rxs-user+DEFAULT_GROUP+ruixiaosi
2025-05-24 22:13:53.564 [main] INFO  com.alibaba.nacos.client.config.impl.CacheData - [fixed-ruixiaosi-127.0.0.1_8848] [add-listener] ok, tenant=ruixiaosi, dataId=rxs-user, group=DEFAULT_GROUP, cnt=1
2025-05-24 22:13:53.564 [main] INFO  c.a.cloud.nacos.refresh.NacosContextRefresher - [Nacos Config] Listening config: dataId=rxs-user, group=DEFAULT_GROUP
2025-05-24 22:38:57.054 [Thread-9] WARN  com.alibaba.nacos.common.notify.NotifyCenter - [NotifyCenter] Start destroying Publisher
2025-05-24 22:38:57.054 [Thread-2] WARN  c.alibaba.nacos.common.http.HttpClientBeanHolder - [HttpClientBeanHolder] Start destroying common HttpClient
2025-05-24 22:38:57.054 [Thread-9] WARN  com.alibaba.nacos.common.notify.NotifyCenter - [NotifyCenter] Destruction of the end
2025-05-24 22:38:57.055 [Thread-2] WARN  c.alibaba.nacos.common.http.HttpClientBeanHolder - [HttpClientBeanHolder] Destruction of the end
2025-05-24 22:38:57.088 [SpringApplicationShutdownHook] INFO  c.a.cloud.nacos.registry.NacosServiceRegistry - De-registering from Nacos Server now...
2025-05-24 22:38:57.088 [SpringApplicationShutdownHook] INFO  com.alibaba.nacos.client.naming - [DEREGISTER-SERVICE] ruixiaosi deregistering service rxs-auth with instance: Instance{instanceId='null', ip='172.22.176.1', port=8082, weight=1.0, healthy=true, enabled=true, ephemeral=true, clusterName='DEFAULT', serviceName='null', metadata={}}
2025-05-24 22:38:57.090 [SpringApplicationShutdownHook] INFO  c.a.cloud.nacos.registry.NacosServiceRegistry - De-registration finished.
2025-05-24 22:38:57.090 [SpringApplicationShutdownHook] INFO  com.alibaba.nacos.client.naming - com.alibaba.nacos.client.naming.cache.ServiceInfoHolder do shutdown begin
2025-05-24 22:38:57.090 [SpringApplicationShutdownHook] INFO  com.alibaba.nacos.client.naming - com.alibaba.nacos.client.naming.backups.FailoverReactor do shutdown begin
2025-05-24 22:38:57.090 [SpringApplicationShutdownHook] INFO  com.alibaba.nacos.client.naming - com.alibaba.nacos.client.naming.backups.FailoverReactor do shutdown stop
2025-05-24 22:38:57.090 [SpringApplicationShutdownHook] INFO  com.alibaba.nacos.client.naming - com.alibaba.nacos.client.naming.cache.ServiceInfoHolder do shutdown stop
2025-05-24 22:38:57.090 [SpringApplicationShutdownHook] INFO  com.alibaba.nacos.client.naming - com.alibaba.nacos.client.naming.remote.NamingClientProxyDelegate do shutdown begin
2025-05-24 22:38:57.090 [SpringApplicationShutdownHook] INFO  com.alibaba.nacos.client.naming - com.alibaba.nacos.client.naming.core.ServiceInfoUpdateService do shutdown begin
2025-05-24 22:38:57.090 [SpringApplicationShutdownHook] INFO  com.alibaba.nacos.client.naming - com.alibaba.nacos.client.naming.core.ServiceInfoUpdateService do shutdown stop
2025-05-24 22:38:57.090 [SpringApplicationShutdownHook] INFO  com.alibaba.nacos.client.naming - com.alibaba.nacos.client.naming.core.ServerListManager do shutdown begin
2025-05-24 22:38:57.090 [SpringApplicationShutdownHook] WARN  com.alibaba.nacos.client.naming - [NamingHttpClientManager] Start destroying NacosRestTemplate
2025-05-24 22:38:57.091 [SpringApplicationShutdownHook] WARN  com.alibaba.nacos.client.naming - [NamingHttpClientManager] Destruction of the end
2025-05-24 22:38:57.091 [SpringApplicationShutdownHook] INFO  com.alibaba.nacos.client.naming - com.alibaba.nacos.client.naming.core.ServerListManager do shutdown stop
2025-05-24 22:38:57.091 [SpringApplicationShutdownHook] INFO  com.alibaba.nacos.client.naming - com.alibaba.nacos.client.naming.remote.http.NamingHttpClientProxy do shutdown begin
2025-05-24 22:38:57.091 [SpringApplicationShutdownHook] WARN  com.alibaba.nacos.client.naming - [NamingHttpClientManager] Start destroying NacosRestTemplate
2025-05-24 22:38:57.091 [SpringApplicationShutdownHook] WARN  com.alibaba.nacos.client.naming - [NamingHttpClientManager] Destruction of the end
2025-05-24 22:38:57.091 [SpringApplicationShutdownHook] INFO  com.alibaba.nacos.client.naming - com.alibaba.nacos.client.naming.remote.http.NamingHttpClientProxy do shutdown stop
2025-05-24 22:38:57.091 [SpringApplicationShutdownHook] INFO  com.alibaba.nacos.common.remote.client - Shutdown rpc client, set status to shutdown
2025-05-24 22:38:57.091 [SpringApplicationShutdownHook] INFO  com.alibaba.nacos.common.remote.client - Shutdown client event executor java.util.concurrent.ScheduledThreadPoolExecutor@32da97e6[Running, pool size = 2, active threads = 2, queued tasks = 0, completed tasks = 0]
2025-05-24 22:38:57.091 [SpringApplicationShutdownHook] INFO  com.alibaba.nacos.common.remote.client - Close current connection 1748096033234_172.17.0.1_56992
2025-05-24 22:38:57.092 [nacos-grpc-client-executor-127.0.0.1-322] INFO  c.a.nacos.common.remote.client.grpc.GrpcClient - [1748096033234_172.17.0.1_56992]Ignore complete event,isRunning:false,isAbandon=false
2025-05-24 22:38:57.093 [SpringApplicationShutdownHook] INFO  c.a.nacos.common.remote.client.grpc.GrpcClient - Shutdown grpc executor java.util.concurrent.ThreadPoolExecutor@3a8d62f8[Running, pool size = 4, active threads = 0, queued tasks = 0, completed tasks = 323]
2025-05-24 22:38:57.093 [SpringApplicationShutdownHook] INFO  com.alibaba.nacos.client.naming - Shutdown grpc redo service executor java.util.concurrent.ScheduledThreadPoolExecutor@66f5e076[Running, pool size = 1, active threads = 0, queued tasks = 1, completed tasks = 500]
2025-05-24 22:38:57.093 [SpringApplicationShutdownHook] INFO  c.a.n.client.auth.ram.identify.CredentialWatcher - [null] CredentialWatcher is stopped
2025-05-24 22:38:57.093 [SpringApplicationShutdownHook] INFO  c.a.n.client.auth.ram.identify.CredentialService - [null] CredentialService is freed
2025-05-24 22:38:57.093 [SpringApplicationShutdownHook] INFO  com.alibaba.nacos.client.naming - com.alibaba.nacos.client.naming.remote.NamingClientProxyDelegate do shutdown stop
2025-05-24 22:38:57.102 [SpringApplicationShutdownHook] INFO  com.alibaba.druid.pool.DruidDataSource - {dataSource-1} closing ...
2025-05-24 22:38:57.103 [SpringApplicationShutdownHook] INFO  com.alibaba.druid.pool.DruidDataSource - {dataSource-1} closed
